17:59:48.176 [background-preinit] INFO  o.h.v.i.util.Version - [<clinit>,21] - HV000001: Hibernate Validator 6.2.0.Final
17:59:48.542 [main] INFO  c.a.n.c.c.i.LocalConfigInfoProcessor - [<clinit>,67] - LOCAL_SNAPSHOT_PATH:C:\Users\Administrator\nacos\config
17:59:48.544 [main] INFO  c.a.n.c.r.client - [lambda$createClient$0,77] - [RpcClientFactory] create a new rpc client of 210e0527-c40c-4ae8-93c5-d09aa26abf4b_config-0
17:59:48.575 [main] INFO  o.r.Reflections - [scan,232] - Reflections took 20 ms to scan 1 urls, producing 3 keys and 6 values 
17:59:48.596 [main] INFO  o.r.Reflections - [scan,232] - Reflections took 12 ms to scan 1 urls, producing 4 keys and 9 values 
17:59:48.607 [main] INFO  o.r.Reflections - [scan,232] - Reflections took 10 ms to scan 1 urls, producing 3 keys and 10 values 
17:59:48.734 [main] INFO  o.r.Reflections - [scan,232] - Reflections took 124 ms to scan 174 urls, producing 0 keys and 0 values 
17:59:48.743 [main] INFO  o.r.Reflections - [scan,232] - Reflections took 8 ms to scan 1 urls, producing 1 keys and 5 values 
17:59:48.754 [main] INFO  o.r.Reflections - [scan,232] - Reflections took 9 ms to scan 1 urls, producing 1 keys and 7 values 
17:59:48.764 [main] INFO  o.r.Reflections - [scan,232] - Reflections took 9 ms to scan 1 urls, producing 2 keys and 8 values 
17:59:48.874 [main] INFO  o.r.Reflections - [scan,232] - Reflections took 109 ms to scan 174 urls, producing 0 keys and 0 values 
17:59:48.875 [main] INFO  c.a.n.c.r.client - [printIfInfoEnabled,60] - [210e0527-c40c-4ae8-93c5-d09aa26abf4b_config-0]RpcClient init label, labels={module=config, Vipserver-Tag=null, source=sdk, Amory-Tag=null, Location-Tag=null, taskId=0, AppName=unknown}
17:59:48.876 [main] INFO  c.a.n.c.r.client - [printIfInfoEnabled,60] - [210e0527-c40c-4ae8-93c5-d09aa26abf4b_config-0]Register server push request handler:com.alibaba.nacos.client.config.impl.ClientWorker$ConfigRpcTransportClient$$Lambda$329/275056979
17:59:48.876 [main] INFO  c.a.n.c.r.client - [printIfInfoEnabled,60] - [210e0527-c40c-4ae8-93c5-d09aa26abf4b_config-0]Register server push request handler:com.alibaba.nacos.client.config.impl.ClientWorker$ConfigRpcTransportClient$$Lambda$330/106557175
17:59:48.877 [main] INFO  c.a.n.c.r.client - [printIfInfoEnabled,60] - [210e0527-c40c-4ae8-93c5-d09aa26abf4b_config-0]Registry connection listener to current client:com.alibaba.nacos.client.config.impl.ClientWorker$ConfigRpcTransportClient$1
17:59:48.877 [main] INFO  c.a.n.c.r.client - [printIfInfoEnabled,60] - [210e0527-c40c-4ae8-93c5-d09aa26abf4b_config-0]RpcClient init, ServerListFactory =com.alibaba.nacos.client.config.impl.ClientWorker$ConfigRpcTransportClient$2
17:59:48.882 [main] INFO  c.a.n.c.r.client - [printIfInfoEnabled,60] - [210e0527-c40c-4ae8-93c5-d09aa26abf4b_config-0] Try to connect to server on start up, server: {serverIp='127.0.0.1', server main port=8848}
17:59:49.511 [main] INFO  c.a.n.c.r.client - [printIfInfoEnabled,60] - [210e0527-c40c-4ae8-93c5-d09aa26abf4b_config-0] Success to connect to server [127.0.0.1:8848] on start up,connectionId=1644487189297_127.0.0.1_57405
17:59:49.511 [com.alibaba.nacos.client.remote.worker] INFO  c.a.n.c.r.client - [printIfInfoEnabled,60] - [210e0527-c40c-4ae8-93c5-d09aa26abf4b_config-0]Notify connected event to listeners.
17:59:49.511 [main] INFO  c.a.n.c.r.client - [printIfInfoEnabled,60] - [210e0527-c40c-4ae8-93c5-d09aa26abf4b_config-0]Register server push request handler:com.alibaba.nacos.common.remote.client.RpcClient$ConnectResetRequestHandler
17:59:49.511 [com.alibaba.nacos.client.remote.worker] INFO  c.a.n.c.c.i.ClientWorker - [onConnected,681] - [210e0527-c40c-4ae8-93c5-d09aa26abf4b_config-0] Connected,notify listen context...
17:59:49.512 [main] INFO  c.a.n.c.r.client - [printIfInfoEnabled,60] - [210e0527-c40c-4ae8-93c5-d09aa26abf4b_config-0]Register server push request handler:com.alibaba.nacos.common.remote.client.RpcClient$4
17:59:49.537 [main] INFO  c.a.n.c.c.i.Limiter - [<clinit>,56] - limitTime:5.0
17:59:49.547 [main] INFO  c.a.n.c.c.u.JvmUtil - [<clinit>,53] - isMultiInstance:false
17:59:49.565 [main] INFO  c.r.a.RuoYiAuthApplication - [logStartupProfileInfo,639] - The following profiles are active: dev
17:59:50.688 [main] INFO  o.a.c.h.Http11NioProtocol - [log,173] - Initializing ProtocolHandler ["http-nio-9200"]
17:59:50.689 [main] INFO  o.a.c.c.StandardService - [log,173] - Starting service [Tomcat]
17:59:50.689 [main] INFO  o.a.c.c.StandardEngine - [log,173] - Starting Servlet engine: [Apache Tomcat/9.0.56]
17:59:50.769 [main] INFO  o.a.c.c.C.[.[.[/] - [log,173] - Initializing Spring embedded WebApplicationContext
17:59:51.691 [main] INFO  c.a.n.client.naming - [initNamespaceForNaming,63] - initializer namespace from System Property : null
17:59:51.692 [main] INFO  c.a.n.client.naming - [call,69] - initializer namespace from System Environment :null
17:59:51.692 [main] INFO  c.a.n.client.naming - [call,79] - initializer namespace from System Property :null
17:59:51.701 [main] INFO  c.a.n.c.r.client - [lambda$createClient$0,77] - [RpcClientFactory] create a new rpc client of 777f0e04-e491-43f8-9473-1e6c40388f44
17:59:51.701 [main] INFO  c.a.n.c.r.client - [printIfInfoEnabled,60] - [777f0e04-e491-43f8-9473-1e6c40388f44]RpcClient init label, labels={module=naming, source=sdk}
17:59:51.702 [main] INFO  c.a.n.c.r.client - [printIfInfoEnabled,60] - [777f0e04-e491-43f8-9473-1e6c40388f44]RpcClient init, ServerListFactory =com.alibaba.nacos.client.naming.core.ServerListManager
17:59:51.703 [main] INFO  c.a.n.c.r.client - [printIfInfoEnabled,60] - [777f0e04-e491-43f8-9473-1e6c40388f44]Registry connection listener to current client:com.alibaba.nacos.client.naming.remote.gprc.redo.NamingGrpcRedoService
17:59:51.703 [main] INFO  c.a.n.c.r.client - [printIfInfoEnabled,60] - [777f0e04-e491-43f8-9473-1e6c40388f44]Register server push request handler:com.alibaba.nacos.client.naming.remote.gprc.NamingPushRequestHandler
17:59:51.703 [main] INFO  c.a.n.c.r.client - [printIfInfoEnabled,60] - [777f0e04-e491-43f8-9473-1e6c40388f44] Try to connect to server on start up, server: {serverIp='127.0.0.1', server main port=8848}
17:59:51.811 [main] INFO  c.a.n.c.r.client - [printIfInfoEnabled,60] - [777f0e04-e491-43f8-9473-1e6c40388f44] Success to connect to server [127.0.0.1:8848] on start up,connectionId=1644487191707_127.0.0.1_57408
17:59:51.811 [main] INFO  c.a.n.c.r.client - [printIfInfoEnabled,60] - [777f0e04-e491-43f8-9473-1e6c40388f44]Register server push request handler:com.alibaba.nacos.common.remote.client.RpcClient$ConnectResetRequestHandler
17:59:51.811 [com.alibaba.nacos.client.remote.worker] INFO  c.a.n.c.r.client - [printIfInfoEnabled,60] - [777f0e04-e491-43f8-9473-1e6c40388f44]Notify connected event to listeners.
17:59:51.811 [main] INFO  c.a.n.c.r.client - [printIfInfoEnabled,60] - [777f0e04-e491-43f8-9473-1e6c40388f44]Register server push request handler:com.alibaba.nacos.common.remote.client.RpcClient$4
17:59:51.811 [com.alibaba.nacos.client.remote.worker] INFO  c.a.n.client.naming - [onConnected,76] - Grpc connection connect
17:59:52.203 [main] INFO  c.a.n.client.naming - [isChangedServiceInfo,181] - init new ips(0) service: DEFAULT_GROUP@@ruoyi-auth@@DEFAULT -> []
17:59:52.209 [main] INFO  c.a.n.client.naming - [processServiceInfo,166] - current ips:(0) service: DEFAULT_GROUP@@ruoyi-auth@@DEFAULT -> []
17:59:52.213 [main] INFO  o.a.c.h.Http11NioProtocol - [log,173] - Starting ProtocolHandler ["http-nio-9200"]
17:59:52.223 [main] INFO  c.a.n.client.naming - [registerService,112] - [REGISTER-SERVICE] public registering service ruoyi-auth with instance Instance{instanceId='null', ip='192.168.0.154', port=9200, weight=1.0, healthy=true, enabled=true, ephemeral=true, clusterName='DEFAULT', serviceName='null', metadata={preserved.register.source=SPRING_CLOUD}}
17:59:52.227 [main] INFO  c.a.c.n.r.NacosServiceRegistry - [register,75] - nacos registry, DEFAULT_GROUP ruoyi-auth 192.168.0.154:9200 register finished
17:59:52.306 [main] INFO  c.r.a.RuoYiAuthApplication - [logStarted,61] - Started RuoYiAuthApplication in 4.52 seconds (JVM running for 5.223)
17:59:52.311 [main] INFO  c.a.n.c.c.i.ClientWorker - [addCacheDataIfAbsent,384] - [config_rpc_client] [subscribe] ruoyi-auth.yml+DEFAULT_GROUP
17:59:52.311 [main] INFO  c.a.n.c.c.i.CacheData - [addListener,173] - [config_rpc_client] [add-listener] ok, tenant=, dataId=ruoyi-auth.yml, group=DEFAULT_GROUP, cnt=1
17:59:52.312 [main] INFO  c.a.n.c.c.i.ClientWorker - [addCacheDataIfAbsent,384] - [config_rpc_client] [subscribe] ruoyi-auth-dev.yml+DEFAULT_GROUP
17:59:52.312 [main] INFO  c.a.n.c.c.i.CacheData - [addListener,173] - [config_rpc_client] [add-listener] ok, tenant=, dataId=ruoyi-auth-dev.yml, group=DEFAULT_GROUP, cnt=1
17:59:52.312 [main] INFO  c.a.n.c.c.i.ClientWorker - [addCacheDataIfAbsent,384] - [config_rpc_client] [subscribe] ruoyi-auth+DEFAULT_GROUP
17:59:52.312 [main] INFO  c.a.n.c.c.i.CacheData - [addListener,173] - [config_rpc_client] [add-listener] ok, tenant=, dataId=ruoyi-auth, group=DEFAULT_GROUP, cnt=1
17:59:52.765 [nacos-grpc-client-executor-7] INFO  c.a.n.c.r.client - [printIfInfoEnabled,60] - [777f0e04-e491-43f8-9473-1e6c40388f44]receive server push request,request=NotifySubscriberRequest,requestId=52
17:59:52.768 [nacos-grpc-client-executor-7] INFO  c.a.n.client.naming - [isChangedServiceInfo,181] - init new ips(1) service: DEFAULT_GROUP@@ruoyi-auth -> [{"ip":"192.168.0.154","port":9200,"weight":1.0,"healthy":true,"enabled":true,"ephemeral":true,"clusterName":"DEFAULT","serviceName":"DEFAULT_GROUP@@ruoyi-auth","metadata":{"preserved.register.source":"SPRING_CLOUD"},"ipDeleteTimeout":30000,"instanceHeartBeatInterval":5000,"instanceHeartBeatTimeOut":15000}]
17:59:52.768 [nacos-grpc-client-executor-7] INFO  c.a.n.client.naming - [processServiceInfo,166] - current ips:(1) service: DEFAULT_GROUP@@ruoyi-auth -> [{"ip":"192.168.0.154","port":9200,"weight":1.0,"healthy":true,"enabled":true,"ephemeral":true,"clusterName":"DEFAULT","serviceName":"DEFAULT_GROUP@@ruoyi-auth","metadata":{"preserved.register.source":"SPRING_CLOUD"},"ipDeleteTimeout":30000,"instanceHeartBeatInterval":5000,"instanceHeartBeatTimeOut":15000}]
17:59:52.769 [nacos-grpc-client-executor-7] INFO  c.a.n.c.r.client - [printIfInfoEnabled,60] - [777f0e04-e491-43f8-9473-1e6c40388f44]ack server push request,request=NotifySubscriberRequest,requestId=52
17:59:53.197 [com.alibaba.nacos.client.naming.updater.0] INFO  c.a.n.client.naming - [isChangedServiceInfo,235] - new ips(1) service: DEFAULT_GROUP@@ruoyi-auth@@DEFAULT -> [{"ip":"192.168.0.154","port":9200,"weight":1.0,"healthy":true,"enabled":true,"ephemeral":true,"clusterName":"DEFAULT","serviceName":"DEFAULT_GROUP@@ruoyi-auth","metadata":{"preserved.register.source":"SPRING_CLOUD"},"ipDeleteTimeout":30000,"instanceHeartBeatInterval":5000,"instanceHeartBeatTimeOut":15000}]
17:59:53.197 [com.alibaba.nacos.client.naming.updater.0] INFO  c.a.n.client.naming - [processServiceInfo,166] - current ips:(1) service: DEFAULT_GROUP@@ruoyi-auth@@DEFAULT -> [{"ip":"192.168.0.154","port":9200,"weight":1.0,"healthy":true,"enabled":true,"ephemeral":true,"clusterName":"DEFAULT","serviceName":"DEFAULT_GROUP@@ruoyi-auth","metadata":{"preserved.register.source":"SPRING_CLOUD"},"ipDeleteTimeout":30000,"instanceHeartBeatInterval":5000,"instanceHeartBeatTimeOut":15000}]
