10:09:25.185 [background-preinit] INFO  o.h.v.i.util.Version - [<clinit>,21] - HV000001: Hibernate Validator 6.2.0.Final
10:09:25.642 [main] INFO  c.a.n.c.c.i.LocalConfigInfoProcessor - [<clinit>,67] - LOCAL_SNAPSHOT_PATH:C:\Users\Administrator\nacos\config
10:09:25.644 [main] INFO  c.a.n.c.r.client - [lambda$createClient$0,77] - [RpcClientFactory] create a new rpc client of 69687372-24fc-4522-bdfa-de1c354f1534_config-0
10:09:25.681 [main] INFO  o.r.Reflections - [scan,232] - Reflections took 24 ms to scan 1 urls, producing 3 keys and 6 values 
10:09:25.707 [main] INFO  o.r.Reflections - [scan,232] - Reflections took 11 ms to scan 1 urls, producing 4 keys and 9 values 
10:09:25.719 [main] INFO  o.r.Reflections - [scan,232] - Reflections took 10 ms to scan 1 urls, producing 3 keys and 10 values 
10:09:25.867 [main] INFO  o.r.Reflections - [scan,232] - Reflections took 146 ms to scan 239 urls, producing 0 keys and 0 values 
10:09:25.879 [main] INFO  o.r.Reflections - [scan,232] - Reflections took 10 ms to scan 1 urls, producing 1 keys and 5 values 
10:09:25.892 [main] INFO  o.r.Reflections - [scan,232] - Reflections took 12 ms to scan 1 urls, producing 1 keys and 7 values 
10:09:25.909 [main] INFO  o.r.Reflections - [scan,232] - Reflections took 15 ms to scan 1 urls, producing 2 keys and 8 values 
10:09:26.051 [main] INFO  o.r.Reflections - [scan,232] - Reflections took 140 ms to scan 239 urls, producing 0 keys and 0 values 
10:09:26.052 [main] INFO  c.a.n.c.r.client - [printIfInfoEnabled,60] - [69687372-24fc-4522-bdfa-de1c354f1534_config-0]RpcClient init label, labels={module=config, Vipserver-Tag=null, source=sdk, Amory-Tag=null, Location-Tag=null, taskId=0, AppName=unknown}
10:09:26.052 [main] INFO  c.a.n.c.r.client - [printIfInfoEnabled,60] - [69687372-24fc-4522-bdfa-de1c354f1534_config-0]Register server push request handler:com.alibaba.nacos.client.config.impl.ClientWorker$ConfigRpcTransportClient$$Lambda$330/1992801971
10:09:26.052 [main] INFO  c.a.n.c.r.client - [printIfInfoEnabled,60] - [69687372-24fc-4522-bdfa-de1c354f1534_config-0]Register server push request handler:com.alibaba.nacos.client.config.impl.ClientWorker$ConfigRpcTransportClient$$Lambda$331/1681094402
10:09:26.053 [main] INFO  c.a.n.c.r.client - [printIfInfoEnabled,60] - [69687372-24fc-4522-bdfa-de1c354f1534_config-0]Registry connection listener to current client:com.alibaba.nacos.client.config.impl.ClientWorker$ConfigRpcTransportClient$1
10:09:26.053 [main] INFO  c.a.n.c.r.client - [printIfInfoEnabled,60] - [69687372-24fc-4522-bdfa-de1c354f1534_config-0]RpcClient init, ServerListFactory =com.alibaba.nacos.client.config.impl.ClientWorker$ConfigRpcTransportClient$2
10:09:26.057 [main] INFO  c.a.n.c.r.client - [printIfInfoEnabled,60] - [69687372-24fc-4522-bdfa-de1c354f1534_config-0] Try to connect to server on start up, server: {serverIp='127.0.0.1', server main port=8848}
10:09:26.727 [main] INFO  c.a.n.c.r.client - [printIfInfoEnabled,60] - [69687372-24fc-4522-bdfa-de1c354f1534_config-0] Success to connect to server [127.0.0.1:8848] on start up,connectionId=1645150166495_127.0.0.1_54062
10:09:26.727 [com.alibaba.nacos.client.remote.worker] INFO  c.a.n.c.r.client - [printIfInfoEnabled,60] - [69687372-24fc-4522-bdfa-de1c354f1534_config-0]Notify connected event to listeners.
10:09:26.727 [com.alibaba.nacos.client.remote.worker] INFO  c.a.n.c.c.i.ClientWorker - [onConnected,681] - [69687372-24fc-4522-bdfa-de1c354f1534_config-0] Connected,notify listen context...
10:09:26.727 [main] INFO  c.a.n.c.r.client - [printIfInfoEnabled,60] - [69687372-24fc-4522-bdfa-de1c354f1534_config-0]Register server push request handler:com.alibaba.nacos.common.remote.client.RpcClient$ConnectResetRequestHandler
10:09:26.728 [main] INFO  c.a.n.c.r.client - [printIfInfoEnabled,60] - [69687372-24fc-4522-bdfa-de1c354f1534_config-0]Register server push request handler:com.alibaba.nacos.common.remote.client.RpcClient$4
10:09:26.755 [main] INFO  c.a.n.c.c.i.Limiter - [<clinit>,56] - limitTime:5.0
10:09:26.765 [main] INFO  c.a.n.c.c.u.JvmUtil - [<clinit>,53] - isMultiInstance:false
10:09:26.788 [main] INFO  c.r.s.RuoYiSystemApplication - [logStartupProfileInfo,639] - The following profiles are active: dev
10:09:28.563 [main] INFO  o.a.c.h.Http11NioProtocol - [log,173] - Initializing ProtocolHandler ["http-nio-9201"]
10:09:28.564 [main] INFO  o.a.c.c.StandardService - [log,173] - Starting service [Tomcat]
10:09:28.564 [main] INFO  o.a.c.c.StandardEngine - [log,173] - Starting Servlet engine: [Apache Tomcat/9.0.56]
10:09:28.664 [main] INFO  o.a.c.c.C.[.[.[/] - [log,173] - Initializing Spring embedded WebApplicationContext
10:09:29.444 [main] INFO  c.a.d.p.DruidDataSource - [init,998] - {dataSource-1,master} inited
10:09:29.444 [main] INFO  c.b.d.d.DynamicRoutingDataSource - [addDataSource,148] - dynamic-datasource - add a datasource named [master] success
10:09:29.444 [main] INFO  c.b.d.d.DynamicRoutingDataSource - [afterPropertiesSet,228] - dynamic-datasource initial loaded [1] datasource,primary datasource named [master]
10:09:31.327 [main] INFO  c.a.n.client.naming - [initNamespaceForNaming,63] - initializer namespace from System Property : null
10:09:31.328 [main] INFO  c.a.n.client.naming - [call,69] - initializer namespace from System Environment :null
10:09:31.328 [main] INFO  c.a.n.client.naming - [call,79] - initializer namespace from System Property :null
10:09:31.338 [main] INFO  c.a.n.c.r.client - [lambda$createClient$0,77] - [RpcClientFactory] create a new rpc client of 54f7dcae-d017-4815-b3dd-9220a9763cff
10:09:31.338 [main] INFO  c.a.n.c.r.client - [printIfInfoEnabled,60] - [54f7dcae-d017-4815-b3dd-9220a9763cff]RpcClient init label, labels={module=naming, source=sdk}
10:09:31.339 [main] INFO  c.a.n.c.r.client - [printIfInfoEnabled,60] - [54f7dcae-d017-4815-b3dd-9220a9763cff]RpcClient init, ServerListFactory =com.alibaba.nacos.client.naming.core.ServerListManager
10:09:31.339 [main] INFO  c.a.n.c.r.client - [printIfInfoEnabled,60] - [54f7dcae-d017-4815-b3dd-9220a9763cff]Registry connection listener to current client:com.alibaba.nacos.client.naming.remote.gprc.redo.NamingGrpcRedoService
10:09:31.340 [main] INFO  c.a.n.c.r.client - [printIfInfoEnabled,60] - [54f7dcae-d017-4815-b3dd-9220a9763cff]Register server push request handler:com.alibaba.nacos.client.naming.remote.gprc.NamingPushRequestHandler
10:09:31.340 [main] INFO  c.a.n.c.r.client - [printIfInfoEnabled,60] - [54f7dcae-d017-4815-b3dd-9220a9763cff] Try to connect to server on start up, server: {serverIp='127.0.0.1', server main port=8848}
10:09:31.448 [main] INFO  c.a.n.c.r.client - [printIfInfoEnabled,60] - [54f7dcae-d017-4815-b3dd-9220a9763cff] Success to connect to server [127.0.0.1:8848] on start up,connectionId=1645150171344_127.0.0.1_54096
10:09:31.448 [com.alibaba.nacos.client.remote.worker] INFO  c.a.n.c.r.client - [printIfInfoEnabled,60] - [54f7dcae-d017-4815-b3dd-9220a9763cff]Notify connected event to listeners.
10:09:31.448 [main] INFO  c.a.n.c.r.client - [printIfInfoEnabled,60] - [54f7dcae-d017-4815-b3dd-9220a9763cff]Register server push request handler:com.alibaba.nacos.common.remote.client.RpcClient$ConnectResetRequestHandler
10:09:31.448 [com.alibaba.nacos.client.remote.worker] INFO  c.a.n.client.naming - [onConnected,76] - Grpc connection connect
10:09:31.448 [main] INFO  c.a.n.c.r.client - [printIfInfoEnabled,60] - [54f7dcae-d017-4815-b3dd-9220a9763cff]Register server push request handler:com.alibaba.nacos.common.remote.client.RpcClient$4
10:09:32.389 [main] INFO  c.a.n.client.naming - [isChangedServiceInfo,181] - init new ips(0) service: DEFAULT_GROUP@@ruoyi-system@@DEFAULT -> []
10:09:32.396 [main] INFO  c.a.n.client.naming - [processServiceInfo,166] - current ips:(0) service: DEFAULT_GROUP@@ruoyi-system@@DEFAULT -> []
10:09:32.399 [main] INFO  o.a.c.h.Http11NioProtocol - [log,173] - Starting ProtocolHandler ["http-nio-9201"]
10:09:32.411 [main] INFO  c.a.n.client.naming - [registerService,112] - [REGISTER-SERVICE] public registering service ruoyi-system with instance Instance{instanceId='null', ip='192.168.1.105', port=9201, weight=1.0, healthy=true, enabled=true, ephemeral=true, clusterName='DEFAULT', serviceName='null', metadata={preserved.register.source=SPRING_CLOUD}}
10:09:32.415 [main] INFO  c.a.c.n.r.NacosServiceRegistry - [register,75] - nacos registry, DEFAULT_GROUP ruoyi-system 192.168.1.105:9201 register finished
10:09:32.920 [nacos-grpc-client-executor-6] INFO  c.a.n.c.r.client - [printIfInfoEnabled,60] - [54f7dcae-d017-4815-b3dd-9220a9763cff]receive server push request,request=NotifySubscriberRequest,requestId=77
10:09:32.922 [nacos-grpc-client-executor-6] INFO  c.a.n.client.naming - [isChangedServiceInfo,181] - init new ips(1) service: DEFAULT_GROUP@@ruoyi-system -> [{"ip":"192.168.1.105","port":9201,"weight":1.0,"healthy":true,"enabled":true,"ephemeral":true,"clusterName":"DEFAULT","serviceName":"DEFAULT_GROUP@@ruoyi-system","metadata":{"preserved.register.source":"SPRING_CLOUD"},"instanceHeartBeatInterval":5000,"ipDeleteTimeout":30000,"instanceHeartBeatTimeOut":15000}]
10:09:32.923 [nacos-grpc-client-executor-6] INFO  c.a.n.client.naming - [processServiceInfo,166] - current ips:(1) service: DEFAULT_GROUP@@ruoyi-system -> [{"ip":"192.168.1.105","port":9201,"weight":1.0,"healthy":true,"enabled":true,"ephemeral":true,"clusterName":"DEFAULT","serviceName":"DEFAULT_GROUP@@ruoyi-system","metadata":{"preserved.register.source":"SPRING_CLOUD"},"instanceHeartBeatInterval":5000,"ipDeleteTimeout":30000,"instanceHeartBeatTimeOut":15000}]
10:09:32.924 [nacos-grpc-client-executor-6] INFO  c.a.n.c.r.client - [printIfInfoEnabled,60] - [54f7dcae-d017-4815-b3dd-9220a9763cff]ack server push request,request=NotifySubscriberRequest,requestId=77
10:09:32.936 [main] INFO  c.r.s.RuoYiSystemApplication - [logStarted,61] - Started RuoYiSystemApplication in 8.204 seconds (JVM running for 8.851)
10:09:32.942 [main] INFO  c.a.n.c.c.i.ClientWorker - [addCacheDataIfAbsent,384] - [config_rpc_client] [subscribe] ruoyi-system+DEFAULT_GROUP
10:09:32.943 [main] INFO  c.a.n.c.c.i.CacheData - [addListener,173] - [config_rpc_client] [add-listener] ok, tenant=, dataId=ruoyi-system, group=DEFAULT_GROUP, cnt=1
10:09:32.943 [main] INFO  c.a.n.c.c.i.ClientWorker - [addCacheDataIfAbsent,384] - [config_rpc_client] [subscribe] ruoyi-system.yml+DEFAULT_GROUP
10:09:32.944 [main] INFO  c.a.n.c.c.i.CacheData - [addListener,173] - [config_rpc_client] [add-listener] ok, tenant=, dataId=ruoyi-system.yml, group=DEFAULT_GROUP, cnt=1
10:09:32.944 [main] INFO  c.a.n.c.c.i.ClientWorker - [addCacheDataIfAbsent,384] - [config_rpc_client] [subscribe] ruoyi-system-dev.yml+DEFAULT_GROUP
10:09:32.944 [main] INFO  c.a.n.c.c.i.CacheData - [addListener,173] - [config_rpc_client] [add-listener] ok, tenant=, dataId=ruoyi-system-dev.yml, group=DEFAULT_GROUP, cnt=1
10:09:33.383 [com.alibaba.nacos.client.naming.updater.0] INFO  c.a.n.client.naming - [isChangedServiceInfo,235] - new ips(1) service: DEFAULT_GROUP@@ruoyi-system@@DEFAULT -> [{"ip":"192.168.1.105","port":9201,"weight":1.0,"healthy":true,"enabled":true,"ephemeral":true,"clusterName":"DEFAULT","serviceName":"DEFAULT_GROUP@@ruoyi-system","metadata":{"preserved.register.source":"SPRING_CLOUD"},"instanceHeartBeatInterval":5000,"ipDeleteTimeout":30000,"instanceHeartBeatTimeOut":15000}]
10:09:33.384 [com.alibaba.nacos.client.naming.updater.0] INFO  c.a.n.client.naming - [processServiceInfo,166] - current ips:(1) service: DEFAULT_GROUP@@ruoyi-system@@DEFAULT -> [{"ip":"192.168.1.105","port":9201,"weight":1.0,"healthy":true,"enabled":true,"ephemeral":true,"clusterName":"DEFAULT","serviceName":"DEFAULT_GROUP@@ruoyi-system","metadata":{"preserved.register.source":"SPRING_CLOUD"},"instanceHeartBeatInterval":5000,"ipDeleteTimeout":30000,"instanceHeartBeatTimeOut":15000}]
10:10:17.288 [http-nio-9201-exec-1] INFO  o.a.c.c.C.[.[.[/] - [log,173] - Initializing Spring DispatcherServlet 'dispatcherServlet'
