09:23:53.622 [background-preinit] INFO  o.h.v.i.util.Version - [<clinit>,21] - HV000001: Hibernate Validator 6.2.0.Final
09:23:54.066 [main] INFO  c.a.n.c.c.i.LocalConfigInfoProcessor - [<clinit>,67] - LOCAL_SNAPSHOT_PATH:C:\Users\Administrator\nacos\config
09:23:54.068 [main] INFO  c.a.n.c.r.client - [lambda$createClient$0,77] - [RpcClientFactory] create a new rpc client of ddda9591-6e5a-477e-83f1-0c312ebd7a37_config-0
09:23:54.104 [main] INFO  o.r.Reflections - [scan,232] - Reflections took 23 ms to scan 1 urls, producing 3 keys and 6 values 
09:23:54.131 [main] INFO  o.r.Reflections - [scan,232] - Reflections took 12 ms to scan 1 urls, producing 4 keys and 9 values 
09:23:54.143 [main] INFO  o.r.Reflections - [scan,232] - Reflections took 10 ms to scan 1 urls, producing 3 keys and 10 values 
09:23:54.286 [main] INFO  o.r.Reflections - [scan,232] - Reflections took 140 ms to scan 239 urls, producing 0 keys and 0 values 
09:23:54.296 [main] INFO  o.r.Reflections - [scan,232] - Reflections took 10 ms to scan 1 urls, producing 1 keys and 5 values 
09:23:54.308 [main] INFO  o.r.Reflections - [scan,232] - Reflections took 10 ms to scan 1 urls, producing 1 keys and 7 values 
09:23:54.321 [main] INFO  o.r.Reflections - [scan,232] - Reflections took 11 ms to scan 1 urls, producing 2 keys and 8 values 
09:23:54.449 [main] INFO  o.r.Reflections - [scan,232] - Reflections took 126 ms to scan 239 urls, producing 0 keys and 0 values 
09:23:54.450 [main] INFO  c.a.n.c.r.client - [printIfInfoEnabled,60] - [ddda9591-6e5a-477e-83f1-0c312ebd7a37_config-0]RpcClient init label, labels={module=config, Vipserver-Tag=null, source=sdk, Amory-Tag=null, Location-Tag=null, taskId=0, AppName=unknown}
09:23:54.451 [main] INFO  c.a.n.c.r.client - [printIfInfoEnabled,60] - [ddda9591-6e5a-477e-83f1-0c312ebd7a37_config-0]Register server push request handler:com.alibaba.nacos.client.config.impl.ClientWorker$ConfigRpcTransportClient$$Lambda$330/1964847681
09:23:54.451 [main] INFO  c.a.n.c.r.client - [printIfInfoEnabled,60] - [ddda9591-6e5a-477e-83f1-0c312ebd7a37_config-0]Register server push request handler:com.alibaba.nacos.client.config.impl.ClientWorker$ConfigRpcTransportClient$$Lambda$331/1992801971
09:23:54.451 [main] INFO  c.a.n.c.r.client - [printIfInfoEnabled,60] - [ddda9591-6e5a-477e-83f1-0c312ebd7a37_config-0]Registry connection listener to current client:com.alibaba.nacos.client.config.impl.ClientWorker$ConfigRpcTransportClient$1
09:23:54.452 [main] INFO  c.a.n.c.r.client - [printIfInfoEnabled,60] - [ddda9591-6e5a-477e-83f1-0c312ebd7a37_config-0]RpcClient init, ServerListFactory =com.alibaba.nacos.client.config.impl.ClientWorker$ConfigRpcTransportClient$2
09:23:54.457 [main] INFO  c.a.n.c.r.client - [printIfInfoEnabled,60] - [ddda9591-6e5a-477e-83f1-0c312ebd7a37_config-0] Try to connect to server on start up, server: {serverIp='127.0.0.1', server main port=8848}
09:23:55.079 [main] INFO  c.a.n.c.r.client - [printIfInfoEnabled,60] - [ddda9591-6e5a-477e-83f1-0c312ebd7a37_config-0] Success to connect to server [127.0.0.1:8848] on start up,connectionId=1645061034875_127.0.0.1_53457
09:23:55.079 [com.alibaba.nacos.client.remote.worker] INFO  c.a.n.c.r.client - [printIfInfoEnabled,60] - [ddda9591-6e5a-477e-83f1-0c312ebd7a37_config-0]Notify connected event to listeners.
09:23:55.079 [main] INFO  c.a.n.c.r.client - [printIfInfoEnabled,60] - [ddda9591-6e5a-477e-83f1-0c312ebd7a37_config-0]Register server push request handler:com.alibaba.nacos.common.remote.client.RpcClient$ConnectResetRequestHandler
09:23:55.079 [com.alibaba.nacos.client.remote.worker] INFO  c.a.n.c.c.i.ClientWorker - [onConnected,681] - [ddda9591-6e5a-477e-83f1-0c312ebd7a37_config-0] Connected,notify listen context...
09:23:55.080 [main] INFO  c.a.n.c.r.client - [printIfInfoEnabled,60] - [ddda9591-6e5a-477e-83f1-0c312ebd7a37_config-0]Register server push request handler:com.alibaba.nacos.common.remote.client.RpcClient$4
09:23:55.106 [main] INFO  c.a.n.c.c.i.Limiter - [<clinit>,56] - limitTime:5.0
09:23:55.116 [main] INFO  c.a.n.c.c.u.JvmUtil - [<clinit>,53] - isMultiInstance:false
09:23:55.140 [main] INFO  c.r.s.RuoYiSystemApplication - [logStartupProfileInfo,639] - The following profiles are active: dev
09:23:56.841 [main] INFO  o.a.c.h.Http11NioProtocol - [log,173] - Initializing ProtocolHandler ["http-nio-9201"]
09:23:56.842 [main] INFO  o.a.c.c.StandardService - [log,173] - Starting service [Tomcat]
09:23:56.842 [main] INFO  o.a.c.c.StandardEngine - [log,173] - Starting Servlet engine: [Apache Tomcat/9.0.56]
09:23:56.942 [main] INFO  o.a.c.c.C.[.[.[/] - [log,173] - Initializing Spring embedded WebApplicationContext
09:23:57.682 [main] INFO  c.a.d.p.DruidDataSource - [init,998] - {dataSource-1,master} inited
09:23:57.682 [main] INFO  c.b.d.d.DynamicRoutingDataSource - [addDataSource,148] - dynamic-datasource - add a datasource named [master] success
09:23:57.683 [main] INFO  c.b.d.d.DynamicRoutingDataSource - [afterPropertiesSet,228] - dynamic-datasource initial loaded [1] datasource,primary datasource named [master]
09:23:59.547 [main] INFO  c.a.n.client.naming - [initNamespaceForNaming,63] - initializer namespace from System Property : null
09:23:59.547 [main] INFO  c.a.n.client.naming - [call,69] - initializer namespace from System Environment :null
09:23:59.548 [main] INFO  c.a.n.client.naming - [call,79] - initializer namespace from System Property :null
09:23:59.558 [main] INFO  c.a.n.c.r.client - [lambda$createClient$0,77] - [RpcClientFactory] create a new rpc client of 5e2d4a16-ce7b-4ae7-9e48-3f4c84d1b5a4
09:23:59.558 [main] INFO  c.a.n.c.r.client - [printIfInfoEnabled,60] - [5e2d4a16-ce7b-4ae7-9e48-3f4c84d1b5a4]RpcClient init label, labels={module=naming, source=sdk}
09:23:59.559 [main] INFO  c.a.n.c.r.client - [printIfInfoEnabled,60] - [5e2d4a16-ce7b-4ae7-9e48-3f4c84d1b5a4]RpcClient init, ServerListFactory =com.alibaba.nacos.client.naming.core.ServerListManager
09:23:59.559 [main] INFO  c.a.n.c.r.client - [printIfInfoEnabled,60] - [5e2d4a16-ce7b-4ae7-9e48-3f4c84d1b5a4]Registry connection listener to current client:com.alibaba.nacos.client.naming.remote.gprc.redo.NamingGrpcRedoService
09:23:59.560 [main] INFO  c.a.n.c.r.client - [printIfInfoEnabled,60] - [5e2d4a16-ce7b-4ae7-9e48-3f4c84d1b5a4]Register server push request handler:com.alibaba.nacos.client.naming.remote.gprc.NamingPushRequestHandler
09:23:59.560 [main] INFO  c.a.n.c.r.client - [printIfInfoEnabled,60] - [5e2d4a16-ce7b-4ae7-9e48-3f4c84d1b5a4] Try to connect to server on start up, server: {serverIp='127.0.0.1', server main port=8848}
09:23:59.669 [main] INFO  c.a.n.c.r.client - [printIfInfoEnabled,60] - [5e2d4a16-ce7b-4ae7-9e48-3f4c84d1b5a4] Success to connect to server [127.0.0.1:8848] on start up,connectionId=1645061039565_127.0.0.1_53494
09:23:59.669 [com.alibaba.nacos.client.remote.worker] INFO  c.a.n.c.r.client - [printIfInfoEnabled,60] - [5e2d4a16-ce7b-4ae7-9e48-3f4c84d1b5a4]Notify connected event to listeners.
09:23:59.669 [com.alibaba.nacos.client.remote.worker] INFO  c.a.n.client.naming - [onConnected,76] - Grpc connection connect
09:23:59.669 [main] INFO  c.a.n.c.r.client - [printIfInfoEnabled,60] - [5e2d4a16-ce7b-4ae7-9e48-3f4c84d1b5a4]Register server push request handler:com.alibaba.nacos.common.remote.client.RpcClient$ConnectResetRequestHandler
09:23:59.669 [main] INFO  c.a.n.c.r.client - [printIfInfoEnabled,60] - [5e2d4a16-ce7b-4ae7-9e48-3f4c84d1b5a4]Register server push request handler:com.alibaba.nacos.common.remote.client.RpcClient$4
09:24:00.597 [main] INFO  c.a.n.client.naming - [isChangedServiceInfo,181] - init new ips(0) service: DEFAULT_GROUP@@ruoyi-system@@DEFAULT -> []
09:24:00.603 [main] INFO  c.a.n.client.naming - [processServiceInfo,166] - current ips:(0) service: DEFAULT_GROUP@@ruoyi-system@@DEFAULT -> []
09:24:00.607 [main] INFO  o.a.c.h.Http11NioProtocol - [log,173] - Starting ProtocolHandler ["http-nio-9201"]
09:24:00.620 [main] INFO  c.a.n.client.naming - [registerService,112] - [REGISTER-SERVICE] public registering service ruoyi-system with instance Instance{instanceId='null', ip='192.168.1.105', port=9201, weight=1.0, healthy=true, enabled=true, ephemeral=true, clusterName='DEFAULT', serviceName='null', metadata={preserved.register.source=SPRING_CLOUD}}
09:24:00.624 [main] INFO  c.a.c.n.r.NacosServiceRegistry - [register,75] - nacos registry, DEFAULT_GROUP ruoyi-system 192.168.1.105:9201 register finished
09:24:01.115 [main] INFO  c.r.s.RuoYiSystemApplication - [logStarted,61] - Started RuoYiSystemApplication in 7.908 seconds (JVM running for 8.572)
09:24:01.122 [nacos-grpc-client-executor-7] INFO  c.a.n.c.r.client - [printIfInfoEnabled,60] - [5e2d4a16-ce7b-4ae7-9e48-3f4c84d1b5a4]receive server push request,request=NotifySubscriberRequest,requestId=62
09:24:01.123 [main] INFO  c.a.n.c.c.i.ClientWorker - [addCacheDataIfAbsent,384] - [config_rpc_client] [subscribe] ruoyi-system+DEFAULT_GROUP
09:24:01.124 [main] INFO  c.a.n.c.c.i.CacheData - [addListener,173] - [config_rpc_client] [add-listener] ok, tenant=, dataId=ruoyi-system, group=DEFAULT_GROUP, cnt=1
09:24:01.124 [nacos-grpc-client-executor-7] INFO  c.a.n.client.naming - [isChangedServiceInfo,181] - init new ips(1) service: DEFAULT_GROUP@@ruoyi-system -> [{"ip":"192.168.1.105","port":9201,"weight":1.0,"healthy":true,"enabled":true,"ephemeral":true,"clusterName":"DEFAULT","serviceName":"DEFAULT_GROUP@@ruoyi-system","metadata":{"preserved.register.source":"SPRING_CLOUD"},"ipDeleteTimeout":30000,"instanceHeartBeatInterval":5000,"instanceHeartBeatTimeOut":15000}]
09:24:01.124 [main] INFO  c.a.n.c.c.i.ClientWorker - [addCacheDataIfAbsent,384] - [config_rpc_client] [subscribe] ruoyi-system.yml+DEFAULT_GROUP
09:24:01.124 [main] INFO  c.a.n.c.c.i.CacheData - [addListener,173] - [config_rpc_client] [add-listener] ok, tenant=, dataId=ruoyi-system.yml, group=DEFAULT_GROUP, cnt=1
09:24:01.124 [nacos-grpc-client-executor-7] INFO  c.a.n.client.naming - [processServiceInfo,166] - current ips:(1) service: DEFAULT_GROUP@@ruoyi-system -> [{"ip":"192.168.1.105","port":9201,"weight":1.0,"healthy":true,"enabled":true,"ephemeral":true,"clusterName":"DEFAULT","serviceName":"DEFAULT_GROUP@@ruoyi-system","metadata":{"preserved.register.source":"SPRING_CLOUD"},"ipDeleteTimeout":30000,"instanceHeartBeatInterval":5000,"instanceHeartBeatTimeOut":15000}]
09:24:01.125 [main] INFO  c.a.n.c.c.i.ClientWorker - [addCacheDataIfAbsent,384] - [config_rpc_client] [subscribe] ruoyi-system-dev.yml+DEFAULT_GROUP
09:24:01.125 [main] INFO  c.a.n.c.c.i.CacheData - [addListener,173] - [config_rpc_client] [add-listener] ok, tenant=, dataId=ruoyi-system-dev.yml, group=DEFAULT_GROUP, cnt=1
09:24:01.125 [nacos-grpc-client-executor-7] INFO  c.a.n.c.r.client - [printIfInfoEnabled,60] - [5e2d4a16-ce7b-4ae7-9e48-3f4c84d1b5a4]ack server push request,request=NotifySubscriberRequest,requestId=62
09:24:01.594 [com.alibaba.nacos.client.naming.updater.0] INFO  c.a.n.client.naming - [isChangedServiceInfo,235] - new ips(1) service: DEFAULT_GROUP@@ruoyi-system@@DEFAULT -> [{"ip":"192.168.1.105","port":9201,"weight":1.0,"healthy":true,"enabled":true,"ephemeral":true,"clusterName":"DEFAULT","serviceName":"DEFAULT_GROUP@@ruoyi-system","metadata":{"preserved.register.source":"SPRING_CLOUD"},"ipDeleteTimeout":30000,"instanceHeartBeatInterval":5000,"instanceHeartBeatTimeOut":15000}]
09:24:01.596 [com.alibaba.nacos.client.naming.updater.0] INFO  c.a.n.client.naming - [processServiceInfo,166] - current ips:(1) service: DEFAULT_GROUP@@ruoyi-system@@DEFAULT -> [{"ip":"192.168.1.105","port":9201,"weight":1.0,"healthy":true,"enabled":true,"ephemeral":true,"clusterName":"DEFAULT","serviceName":"DEFAULT_GROUP@@ruoyi-system","metadata":{"preserved.register.source":"SPRING_CLOUD"},"ipDeleteTimeout":30000,"instanceHeartBeatInterval":5000,"instanceHeartBeatTimeOut":15000}]
09:24:51.195 [http-nio-9201-exec-1] INFO  o.a.c.c.C.[.[.[/] - [log,173] - Initializing Spring DispatcherServlet 'dispatcherServlet'
