08:54:29.600 [background-preinit] INFO  o.h.v.i.util.Version - [<clinit>,21] - HV000001: Hibernate Validator 6.2.0.Final
08:54:30.044 [main] INFO  c.a.n.c.c.i.LocalConfigInfoProcessor - [<clinit>,67] - LOCAL_SNAPSHOT_PATH:C:\Users\Administrator\nacos\config
08:54:30.046 [main] INFO  c.a.n.c.r.client - [lambda$createClient$0,77] - [RpcClientFactory] create a new rpc client of 9c4fa3f2-9161-4af4-a446-b60c36dea1ea_config-0
08:54:30.080 [main] INFO  o.r.Reflections - [scan,232] - Reflections took 22 ms to scan 1 urls, producing 3 keys and 6 values 
08:54:30.107 [main] INFO  o.r.Reflections - [scan,232] - Reflections took 16 ms to scan 1 urls, producing 4 keys and 9 values 
08:54:30.120 [main] INFO  o.r.Reflections - [scan,232] - Reflections took 10 ms to scan 1 urls, producing 3 keys and 10 values 
08:54:30.263 [main] INFO  o.r.Reflections - [scan,232] - Reflections took 141 ms to scan 239 urls, producing 0 keys and 0 values 
08:54:30.274 [main] INFO  o.r.Reflections - [scan,232] - Reflections took 9 ms to scan 1 urls, producing 1 keys and 5 values 
08:54:30.286 [main] INFO  o.r.Reflections - [scan,232] - Reflections took 11 ms to scan 1 urls, producing 1 keys and 7 values 
08:54:30.299 [main] INFO  o.r.Reflections - [scan,232] - Reflections took 11 ms to scan 1 urls, producing 2 keys and 8 values 
08:54:30.430 [main] INFO  o.r.Reflections - [scan,232] - Reflections took 129 ms to scan 239 urls, producing 0 keys and 0 values 
08:54:30.431 [main] INFO  c.a.n.c.r.client - [printIfInfoEnabled,60] - [9c4fa3f2-9161-4af4-a446-b60c36dea1ea_config-0]RpcClient init label, labels={module=config, Vipserver-Tag=null, source=sdk, Amory-Tag=null, Location-Tag=null, taskId=0, AppName=unknown}
08:54:30.432 [main] INFO  c.a.n.c.r.client - [printIfInfoEnabled,60] - [9c4fa3f2-9161-4af4-a446-b60c36dea1ea_config-0]Register server push request handler:com.alibaba.nacos.client.config.impl.ClientWorker$ConfigRpcTransportClient$$Lambda$330/1992801971
08:54:30.432 [main] INFO  c.a.n.c.r.client - [printIfInfoEnabled,60] - [9c4fa3f2-9161-4af4-a446-b60c36dea1ea_config-0]Register server push request handler:com.alibaba.nacos.client.config.impl.ClientWorker$ConfigRpcTransportClient$$Lambda$331/1681094402
08:54:30.432 [main] INFO  c.a.n.c.r.client - [printIfInfoEnabled,60] - [9c4fa3f2-9161-4af4-a446-b60c36dea1ea_config-0]Registry connection listener to current client:com.alibaba.nacos.client.config.impl.ClientWorker$ConfigRpcTransportClient$1
08:54:30.433 [main] INFO  c.a.n.c.r.client - [printIfInfoEnabled,60] - [9c4fa3f2-9161-4af4-a446-b60c36dea1ea_config-0]RpcClient init, ServerListFactory =com.alibaba.nacos.client.config.impl.ClientWorker$ConfigRpcTransportClient$2
08:54:30.437 [main] INFO  c.a.n.c.r.client - [printIfInfoEnabled,60] - [9c4fa3f2-9161-4af4-a446-b60c36dea1ea_config-0] Try to connect to server on start up, server: {serverIp='127.0.0.1', server main port=8848}
08:54:31.077 [main] INFO  c.a.n.c.r.client - [printIfInfoEnabled,60] - [9c4fa3f2-9161-4af4-a446-b60c36dea1ea_config-0] Success to connect to server [127.0.0.1:8848] on start up,connectionId=1644972870866_127.0.0.1_63902
08:54:31.077 [com.alibaba.nacos.client.remote.worker] INFO  c.a.n.c.r.client - [printIfInfoEnabled,60] - [9c4fa3f2-9161-4af4-a446-b60c36dea1ea_config-0]Notify connected event to listeners.
08:54:31.077 [main] INFO  c.a.n.c.r.client - [printIfInfoEnabled,60] - [9c4fa3f2-9161-4af4-a446-b60c36dea1ea_config-0]Register server push request handler:com.alibaba.nacos.common.remote.client.RpcClient$ConnectResetRequestHandler
08:54:31.077 [com.alibaba.nacos.client.remote.worker] INFO  c.a.n.c.c.i.ClientWorker - [onConnected,681] - [9c4fa3f2-9161-4af4-a446-b60c36dea1ea_config-0] Connected,notify listen context...
08:54:31.078 [main] INFO  c.a.n.c.r.client - [printIfInfoEnabled,60] - [9c4fa3f2-9161-4af4-a446-b60c36dea1ea_config-0]Register server push request handler:com.alibaba.nacos.common.remote.client.RpcClient$4
08:54:31.104 [main] INFO  c.a.n.c.c.i.Limiter - [<clinit>,56] - limitTime:5.0
08:54:31.114 [main] INFO  c.a.n.c.c.u.JvmUtil - [<clinit>,53] - isMultiInstance:false
08:54:31.136 [main] INFO  c.r.s.RuoYiSystemApplication - [logStartupProfileInfo,639] - The following profiles are active: dev
08:54:32.839 [main] INFO  o.a.c.h.Http11NioProtocol - [log,173] - Initializing ProtocolHandler ["http-nio-9201"]
08:54:32.839 [main] INFO  o.a.c.c.StandardService - [log,173] - Starting service [Tomcat]
08:54:32.839 [main] INFO  o.a.c.c.StandardEngine - [log,173] - Starting Servlet engine: [Apache Tomcat/9.0.56]
08:54:32.937 [main] INFO  o.a.c.c.C.[.[.[/] - [log,173] - Initializing Spring embedded WebApplicationContext
08:54:33.675 [main] INFO  c.a.d.p.DruidDataSource - [init,998] - {dataSource-1,master} inited
08:54:33.676 [main] INFO  c.b.d.d.DynamicRoutingDataSource - [addDataSource,148] - dynamic-datasource - add a datasource named [master] success
08:54:33.676 [main] INFO  c.b.d.d.DynamicRoutingDataSource - [afterPropertiesSet,228] - dynamic-datasource initial loaded [1] datasource,primary datasource named [master]
08:54:35.588 [main] INFO  c.a.n.client.naming - [initNamespaceForNaming,63] - initializer namespace from System Property : null
08:54:35.588 [main] INFO  c.a.n.client.naming - [call,69] - initializer namespace from System Environment :null
08:54:35.589 [main] INFO  c.a.n.client.naming - [call,79] - initializer namespace from System Property :null
08:54:35.598 [main] INFO  c.a.n.c.r.client - [lambda$createClient$0,77] - [RpcClientFactory] create a new rpc client of 795f2bc0-7f20-40ae-8a0b-141fe19ff282
08:54:35.599 [main] INFO  c.a.n.c.r.client - [printIfInfoEnabled,60] - [795f2bc0-7f20-40ae-8a0b-141fe19ff282]RpcClient init label, labels={module=naming, source=sdk}
08:54:35.600 [main] INFO  c.a.n.c.r.client - [printIfInfoEnabled,60] - [795f2bc0-7f20-40ae-8a0b-141fe19ff282]RpcClient init, ServerListFactory =com.alibaba.nacos.client.naming.core.ServerListManager
08:54:35.600 [main] INFO  c.a.n.c.r.client - [printIfInfoEnabled,60] - [795f2bc0-7f20-40ae-8a0b-141fe19ff282]Registry connection listener to current client:com.alibaba.nacos.client.naming.remote.gprc.redo.NamingGrpcRedoService
08:54:35.601 [main] INFO  c.a.n.c.r.client - [printIfInfoEnabled,60] - [795f2bc0-7f20-40ae-8a0b-141fe19ff282]Register server push request handler:com.alibaba.nacos.client.naming.remote.gprc.NamingPushRequestHandler
08:54:35.601 [main] INFO  c.a.n.c.r.client - [printIfInfoEnabled,60] - [795f2bc0-7f20-40ae-8a0b-141fe19ff282] Try to connect to server on start up, server: {serverIp='127.0.0.1', server main port=8848}
08:54:35.708 [main] INFO  c.a.n.c.r.client - [printIfInfoEnabled,60] - [795f2bc0-7f20-40ae-8a0b-141fe19ff282] Success to connect to server [127.0.0.1:8848] on start up,connectionId=1644972875605_127.0.0.1_63935
08:54:35.708 [com.alibaba.nacos.client.remote.worker] INFO  c.a.n.c.r.client - [printIfInfoEnabled,60] - [795f2bc0-7f20-40ae-8a0b-141fe19ff282]Notify connected event to listeners.
08:54:35.708 [main] INFO  c.a.n.c.r.client - [printIfInfoEnabled,60] - [795f2bc0-7f20-40ae-8a0b-141fe19ff282]Register server push request handler:com.alibaba.nacos.common.remote.client.RpcClient$ConnectResetRequestHandler
08:54:35.708 [com.alibaba.nacos.client.remote.worker] INFO  c.a.n.client.naming - [onConnected,76] - Grpc connection connect
08:54:35.708 [main] INFO  c.a.n.c.r.client - [printIfInfoEnabled,60] - [795f2bc0-7f20-40ae-8a0b-141fe19ff282]Register server push request handler:com.alibaba.nacos.common.remote.client.RpcClient$4
08:54:36.625 [main] INFO  c.a.n.client.naming - [isChangedServiceInfo,181] - init new ips(0) service: DEFAULT_GROUP@@ruoyi-system@@DEFAULT -> []
08:54:36.632 [main] INFO  c.a.n.client.naming - [processServiceInfo,166] - current ips:(0) service: DEFAULT_GROUP@@ruoyi-system@@DEFAULT -> []
08:54:36.636 [main] INFO  o.a.c.h.Http11NioProtocol - [log,173] - Starting ProtocolHandler ["http-nio-9201"]
08:54:36.649 [main] INFO  c.a.n.client.naming - [registerService,112] - [REGISTER-SERVICE] public registering service ruoyi-system with instance Instance{instanceId='null', ip='192.168.1.105', port=9201, weight=1.0, healthy=true, enabled=true, ephemeral=true, clusterName='DEFAULT', serviceName='null', metadata={preserved.register.source=SPRING_CLOUD}}
08:54:36.653 [main] INFO  c.a.c.n.r.NacosServiceRegistry - [register,75] - nacos registry, DEFAULT_GROUP ruoyi-system 192.168.1.105:9201 register finished
08:54:37.128 [nacos-grpc-client-executor-6] INFO  c.a.n.c.r.client - [printIfInfoEnabled,60] - [795f2bc0-7f20-40ae-8a0b-141fe19ff282]receive server push request,request=NotifySubscriberRequest,requestId=38
08:54:37.130 [nacos-grpc-client-executor-6] INFO  c.a.n.client.naming - [isChangedServiceInfo,181] - init new ips(1) service: DEFAULT_GROUP@@ruoyi-system -> [{"ip":"192.168.1.105","port":9201,"weight":1.0,"healthy":true,"enabled":true,"ephemeral":true,"clusterName":"DEFAULT","serviceName":"DEFAULT_GROUP@@ruoyi-system","metadata":{"preserved.register.source":"SPRING_CLOUD"},"ipDeleteTimeout":30000,"instanceHeartBeatInterval":5000,"instanceHeartBeatTimeOut":15000}]
08:54:37.130 [nacos-grpc-client-executor-6] INFO  c.a.n.client.naming - [processServiceInfo,166] - current ips:(1) service: DEFAULT_GROUP@@ruoyi-system -> [{"ip":"192.168.1.105","port":9201,"weight":1.0,"healthy":true,"enabled":true,"ephemeral":true,"clusterName":"DEFAULT","serviceName":"DEFAULT_GROUP@@ruoyi-system","metadata":{"preserved.register.source":"SPRING_CLOUD"},"ipDeleteTimeout":30000,"instanceHeartBeatInterval":5000,"instanceHeartBeatTimeOut":15000}]
08:54:37.131 [nacos-grpc-client-executor-6] INFO  c.a.n.c.r.client - [printIfInfoEnabled,60] - [795f2bc0-7f20-40ae-8a0b-141fe19ff282]ack server push request,request=NotifySubscriberRequest,requestId=38
08:54:37.162 [main] INFO  c.r.s.RuoYiSystemApplication - [logStarted,61] - Started RuoYiSystemApplication in 7.966 seconds (JVM running for 8.621)
08:54:37.167 [main] INFO  c.a.n.c.c.i.ClientWorker - [addCacheDataIfAbsent,384] - [config_rpc_client] [subscribe] ruoyi-system+DEFAULT_GROUP
08:54:37.168 [main] INFO  c.a.n.c.c.i.CacheData - [addListener,173] - [config_rpc_client] [add-listener] ok, tenant=, dataId=ruoyi-system, group=DEFAULT_GROUP, cnt=1
08:54:37.168 [main] INFO  c.a.n.c.c.i.ClientWorker - [addCacheDataIfAbsent,384] - [config_rpc_client] [subscribe] ruoyi-system.yml+DEFAULT_GROUP
08:54:37.168 [main] INFO  c.a.n.c.c.i.CacheData - [addListener,173] - [config_rpc_client] [add-listener] ok, tenant=, dataId=ruoyi-system.yml, group=DEFAULT_GROUP, cnt=1
08:54:37.169 [main] INFO  c.a.n.c.c.i.ClientWorker - [addCacheDataIfAbsent,384] - [config_rpc_client] [subscribe] ruoyi-system-dev.yml+DEFAULT_GROUP
08:54:37.169 [main] INFO  c.a.n.c.c.i.CacheData - [addListener,173] - [config_rpc_client] [add-listener] ok, tenant=, dataId=ruoyi-system-dev.yml, group=DEFAULT_GROUP, cnt=1
08:54:37.619 [com.alibaba.nacos.client.naming.updater.0] INFO  c.a.n.client.naming - [isChangedServiceInfo,235] - new ips(1) service: DEFAULT_GROUP@@ruoyi-system@@DEFAULT -> [{"ip":"192.168.1.105","port":9201,"weight":1.0,"healthy":true,"enabled":true,"ephemeral":true,"clusterName":"DEFAULT","serviceName":"DEFAULT_GROUP@@ruoyi-system","metadata":{"preserved.register.source":"SPRING_CLOUD"},"ipDeleteTimeout":30000,"instanceHeartBeatInterval":5000,"instanceHeartBeatTimeOut":15000}]
08:54:37.620 [com.alibaba.nacos.client.naming.updater.0] INFO  c.a.n.client.naming - [processServiceInfo,166] - current ips:(1) service: DEFAULT_GROUP@@ruoyi-system@@DEFAULT -> [{"ip":"192.168.1.105","port":9201,"weight":1.0,"healthy":true,"enabled":true,"ephemeral":true,"clusterName":"DEFAULT","serviceName":"DEFAULT_GROUP@@ruoyi-system","metadata":{"preserved.register.source":"SPRING_CLOUD"},"ipDeleteTimeout":30000,"instanceHeartBeatInterval":5000,"instanceHeartBeatTimeOut":15000}]
08:55:54.245 [http-nio-9201-exec-1] INFO  o.a.c.c.C.[.[.[/] - [log,173] - Initializing Spring DispatcherServlet 'dispatcherServlet'
