09:23:33.681 [background-preinit] INFO  o.h.v.i.util.Version - [<clinit>,21] - HV000001: Hibernate Validator 6.2.0.Final
09:23:34.092 [main] INFO  c.a.n.c.c.i.LocalConfigInfoProcessor - [<clinit>,67] - LOCAL_SNAPSHOT_PATH:C:\Users\Administrator\nacos\config
09:23:34.094 [main] INFO  c.a.n.c.r.client - [lambda$createClient$0,77] - [RpcClientFactory] create a new rpc client of 4a727108-53a3-4d20-a231-595450ad9c39_config-0
09:23:34.125 [main] INFO  o.r.Reflections - [scan,232] - Reflections took 19 ms to scan 1 urls, producing 3 keys and 6 values 
09:23:34.145 [main] INFO  o.r.Reflections - [scan,232] - Reflections took 11 ms to scan 1 urls, producing 4 keys and 9 values 
09:23:34.157 [main] INFO  o.r.Reflections - [scan,232] - Reflections took 10 ms to scan 1 urls, producing 3 keys and 10 values 
09:23:34.290 [main] INFO  o.r.Reflections - [scan,232] - Reflections took 131 ms to scan 195 urls, producing 0 keys and 0 values 
09:23:34.300 [main] INFO  o.r.Reflections - [scan,232] - Reflections took 9 ms to scan 1 urls, producing 1 keys and 5 values 
09:23:34.310 [main] INFO  o.r.Reflections - [scan,232] - Reflections took 9 ms to scan 1 urls, producing 1 keys and 7 values 
09:23:34.320 [main] INFO  o.r.Reflections - [scan,232] - Reflections took 9 ms to scan 1 urls, producing 2 keys and 8 values 
09:23:34.439 [main] INFO  o.r.Reflections - [scan,232] - Reflections took 117 ms to scan 195 urls, producing 0 keys and 0 values 
09:23:34.440 [main] INFO  c.a.n.c.r.client - [printIfInfoEnabled,60] - [4a727108-53a3-4d20-a231-595450ad9c39_config-0]RpcClient init label, labels={module=config, Vipserver-Tag=null, source=sdk, Amory-Tag=null, Location-Tag=null, taskId=0, AppName=unknown}
09:23:34.440 [main] INFO  c.a.n.c.r.client - [printIfInfoEnabled,60] - [4a727108-53a3-4d20-a231-595450ad9c39_config-0]Register server push request handler:com.alibaba.nacos.client.config.impl.ClientWorker$ConfigRpcTransportClient$$Lambda$329/373544591
09:23:34.440 [main] INFO  c.a.n.c.r.client - [printIfInfoEnabled,60] - [4a727108-53a3-4d20-a231-595450ad9c39_config-0]Register server push request handler:com.alibaba.nacos.client.config.impl.ClientWorker$ConfigRpcTransportClient$$Lambda$330/409565350
09:23:34.441 [main] INFO  c.a.n.c.r.client - [printIfInfoEnabled,60] - [4a727108-53a3-4d20-a231-595450ad9c39_config-0]Registry connection listener to current client:com.alibaba.nacos.client.config.impl.ClientWorker$ConfigRpcTransportClient$1
09:23:34.441 [main] INFO  c.a.n.c.r.client - [printIfInfoEnabled,60] - [4a727108-53a3-4d20-a231-595450ad9c39_config-0]RpcClient init, ServerListFactory =com.alibaba.nacos.client.config.impl.ClientWorker$ConfigRpcTransportClient$2
09:23:34.446 [main] INFO  c.a.n.c.r.client - [printIfInfoEnabled,60] - [4a727108-53a3-4d20-a231-595450ad9c39_config-0] Try to connect to server on start up, server: {serverIp='127.0.0.1', server main port=8848}
09:23:35.075 [main] INFO  c.a.n.c.r.client - [printIfInfoEnabled,60] - [4a727108-53a3-4d20-a231-595450ad9c39_config-0] Success to connect to server [127.0.0.1:8848] on start up,connectionId=1645061014861_127.0.0.1_53300
09:23:35.075 [com.alibaba.nacos.client.remote.worker] INFO  c.a.n.c.r.client - [printIfInfoEnabled,60] - [4a727108-53a3-4d20-a231-595450ad9c39_config-0]Notify connected event to listeners.
09:23:35.075 [main] INFO  c.a.n.c.r.client - [printIfInfoEnabled,60] - [4a727108-53a3-4d20-a231-595450ad9c39_config-0]Register server push request handler:com.alibaba.nacos.common.remote.client.RpcClient$ConnectResetRequestHandler
09:23:35.075 [com.alibaba.nacos.client.remote.worker] INFO  c.a.n.c.c.i.ClientWorker - [onConnected,681] - [4a727108-53a3-4d20-a231-595450ad9c39_config-0] Connected,notify listen context...
09:23:35.076 [main] INFO  c.a.n.c.r.client - [printIfInfoEnabled,60] - [4a727108-53a3-4d20-a231-595450ad9c39_config-0]Register server push request handler:com.alibaba.nacos.common.remote.client.RpcClient$4
09:23:35.100 [main] INFO  c.a.n.c.c.i.Limiter - [<clinit>,56] - limitTime:5.0
09:23:35.111 [main] INFO  c.a.n.c.c.u.JvmUtil - [<clinit>,53] - isMultiInstance:false
09:23:35.131 [main] INFO  c.r.g.RuoYiGenApplication - [logStartupProfileInfo,639] - The following profiles are active: dev
09:23:36.623 [main] INFO  o.a.c.h.Http11NioProtocol - [log,173] - Initializing ProtocolHandler ["http-nio-9202"]
09:23:36.624 [main] INFO  o.a.c.c.StandardService - [log,173] - Starting service [Tomcat]
09:23:36.624 [main] INFO  o.a.c.c.StandardEngine - [log,173] - Starting Servlet engine: [Apache Tomcat/9.0.56]
09:23:36.718 [main] INFO  o.a.c.c.C.[.[.[/] - [log,173] - Initializing Spring embedded WebApplicationContext
09:23:37.787 [main] INFO  c.a.n.client.naming - [initNamespaceForNaming,63] - initializer namespace from System Property : null
09:23:37.788 [main] INFO  c.a.n.client.naming - [call,69] - initializer namespace from System Environment :null
09:23:37.788 [main] INFO  c.a.n.client.naming - [call,79] - initializer namespace from System Property :null
09:23:37.798 [main] INFO  c.a.n.c.r.client - [lambda$createClient$0,77] - [RpcClientFactory] create a new rpc client of 85a94e66-21b3-44fa-82f9-7d2b116fd485
09:23:37.799 [main] INFO  c.a.n.c.r.client - [printIfInfoEnabled,60] - [85a94e66-21b3-44fa-82f9-7d2b116fd485]RpcClient init label, labels={module=naming, source=sdk}
09:23:37.800 [main] INFO  c.a.n.c.r.client - [printIfInfoEnabled,60] - [85a94e66-21b3-44fa-82f9-7d2b116fd485]RpcClient init, ServerListFactory =com.alibaba.nacos.client.naming.core.ServerListManager
09:23:37.800 [main] INFO  c.a.n.c.r.client - [printIfInfoEnabled,60] - [85a94e66-21b3-44fa-82f9-7d2b116fd485]Registry connection listener to current client:com.alibaba.nacos.client.naming.remote.gprc.redo.NamingGrpcRedoService
09:23:37.801 [main] INFO  c.a.n.c.r.client - [printIfInfoEnabled,60] - [85a94e66-21b3-44fa-82f9-7d2b116fd485]Register server push request handler:com.alibaba.nacos.client.naming.remote.gprc.NamingPushRequestHandler
09:23:37.801 [main] INFO  c.a.n.c.r.client - [printIfInfoEnabled,60] - [85a94e66-21b3-44fa-82f9-7d2b116fd485] Try to connect to server on start up, server: {serverIp='127.0.0.1', server main port=8848}
09:23:37.909 [main] INFO  c.a.n.c.r.client - [printIfInfoEnabled,60] - [85a94e66-21b3-44fa-82f9-7d2b116fd485] Success to connect to server [127.0.0.1:8848] on start up,connectionId=1645061017805_127.0.0.1_53304
09:23:37.909 [com.alibaba.nacos.client.remote.worker] INFO  c.a.n.c.r.client - [printIfInfoEnabled,60] - [85a94e66-21b3-44fa-82f9-7d2b116fd485]Notify connected event to listeners.
09:23:37.909 [com.alibaba.nacos.client.remote.worker] INFO  c.a.n.client.naming - [onConnected,76] - Grpc connection connect
09:23:37.909 [main] INFO  c.a.n.c.r.client - [printIfInfoEnabled,60] - [85a94e66-21b3-44fa-82f9-7d2b116fd485]Register server push request handler:com.alibaba.nacos.common.remote.client.RpcClient$ConnectResetRequestHandler
09:23:37.909 [main] INFO  c.a.n.c.r.client - [printIfInfoEnabled,60] - [85a94e66-21b3-44fa-82f9-7d2b116fd485]Register server push request handler:com.alibaba.nacos.common.remote.client.RpcClient$4
09:23:38.880 [main] INFO  c.a.n.client.naming - [isChangedServiceInfo,181] - init new ips(0) service: DEFAULT_GROUP@@ruoyi-gen@@DEFAULT -> []
09:23:38.886 [main] INFO  c.a.n.client.naming - [processServiceInfo,166] - current ips:(0) service: DEFAULT_GROUP@@ruoyi-gen@@DEFAULT -> []
09:23:38.889 [main] INFO  o.a.c.h.Http11NioProtocol - [log,173] - Starting ProtocolHandler ["http-nio-9202"]
09:23:38.899 [main] INFO  c.a.n.client.naming - [registerService,112] - [REGISTER-SERVICE] public registering service ruoyi-gen with instance Instance{instanceId='null', ip='192.168.1.105', port=9202, weight=1.0, healthy=true, enabled=true, ephemeral=true, clusterName='DEFAULT', serviceName='null', metadata={preserved.register.source=SPRING_CLOUD}}
09:23:38.903 [main] INFO  c.a.c.n.r.NacosServiceRegistry - [register,75] - nacos registry, DEFAULT_GROUP ruoyi-gen 192.168.1.105:9202 register finished
09:23:39.164 [main] INFO  c.r.g.RuoYiGenApplication - [logStarted,61] - Started RuoYiGenApplication in 5.89 seconds (JVM running for 6.484)
09:23:39.169 [main] INFO  c.a.n.c.c.i.ClientWorker - [addCacheDataIfAbsent,384] - [config_rpc_client] [subscribe] ruoyi-gen+DEFAULT_GROUP
09:23:39.170 [main] INFO  c.a.n.c.c.i.CacheData - [addListener,173] - [config_rpc_client] [add-listener] ok, tenant=, dataId=ruoyi-gen, group=DEFAULT_GROUP, cnt=1
09:23:39.171 [main] INFO  c.a.n.c.c.i.ClientWorker - [addCacheDataIfAbsent,384] - [config_rpc_client] [subscribe] ruoyi-gen-dev.yml+DEFAULT_GROUP
09:23:39.171 [main] INFO  c.a.n.c.c.i.CacheData - [addListener,173] - [config_rpc_client] [add-listener] ok, tenant=, dataId=ruoyi-gen-dev.yml, group=DEFAULT_GROUP, cnt=1
09:23:39.171 [main] INFO  c.a.n.c.c.i.ClientWorker - [addCacheDataIfAbsent,384] - [config_rpc_client] [subscribe] ruoyi-gen.yml+DEFAULT_GROUP
09:23:39.171 [main] INFO  c.a.n.c.c.i.CacheData - [addListener,173] - [config_rpc_client] [add-listener] ok, tenant=, dataId=ruoyi-gen.yml, group=DEFAULT_GROUP, cnt=1
09:23:39.399 [nacos-grpc-client-executor-7] INFO  c.a.n.c.r.client - [printIfInfoEnabled,60] - [85a94e66-21b3-44fa-82f9-7d2b116fd485]receive server push request,request=NotifySubscriberRequest,requestId=60
09:23:39.401 [nacos-grpc-client-executor-7] INFO  c.a.n.client.naming - [isChangedServiceInfo,181] - init new ips(1) service: DEFAULT_GROUP@@ruoyi-gen -> [{"ip":"192.168.1.105","port":9202,"weight":1.0,"healthy":true,"enabled":true,"ephemeral":true,"clusterName":"DEFAULT","serviceName":"DEFAULT_GROUP@@ruoyi-gen","metadata":{"preserved.register.source":"SPRING_CLOUD"},"ipDeleteTimeout":30000,"instanceHeartBeatInterval":5000,"instanceHeartBeatTimeOut":15000}]
09:23:39.402 [nacos-grpc-client-executor-7] INFO  c.a.n.client.naming - [processServiceInfo,166] - current ips:(1) service: DEFAULT_GROUP@@ruoyi-gen -> [{"ip":"192.168.1.105","port":9202,"weight":1.0,"healthy":true,"enabled":true,"ephemeral":true,"clusterName":"DEFAULT","serviceName":"DEFAULT_GROUP@@ruoyi-gen","metadata":{"preserved.register.source":"SPRING_CLOUD"},"ipDeleteTimeout":30000,"instanceHeartBeatInterval":5000,"instanceHeartBeatTimeOut":15000}]
09:23:39.403 [nacos-grpc-client-executor-7] INFO  c.a.n.c.r.client - [printIfInfoEnabled,60] - [85a94e66-21b3-44fa-82f9-7d2b116fd485]ack server push request,request=NotifySubscriberRequest,requestId=60
09:23:39.874 [com.alibaba.nacos.client.naming.updater.0] INFO  c.a.n.client.naming - [isChangedServiceInfo,235] - new ips(1) service: DEFAULT_GROUP@@ruoyi-gen@@DEFAULT -> [{"ip":"192.168.1.105","port":9202,"weight":1.0,"healthy":true,"enabled":true,"ephemeral":true,"clusterName":"DEFAULT","serviceName":"DEFAULT_GROUP@@ruoyi-gen","metadata":{"preserved.register.source":"SPRING_CLOUD"},"ipDeleteTimeout":30000,"instanceHeartBeatInterval":5000,"instanceHeartBeatTimeOut":15000}]
09:23:39.874 [com.alibaba.nacos.client.naming.updater.0] INFO  c.a.n.client.naming - [processServiceInfo,166] - current ips:(1) service: DEFAULT_GROUP@@ruoyi-gen@@DEFAULT -> [{"ip":"192.168.1.105","port":9202,"weight":1.0,"healthy":true,"enabled":true,"ephemeral":true,"clusterName":"DEFAULT","serviceName":"DEFAULT_GROUP@@ruoyi-gen","metadata":{"preserved.register.source":"SPRING_CLOUD"},"ipDeleteTimeout":30000,"instanceHeartBeatInterval":5000,"instanceHeartBeatTimeOut":15000}]
15:07:28.975 [http-nio-9202-exec-1] INFO  o.a.c.c.C.[.[.[/] - [log,173] - Initializing Spring DispatcherServlet 'dispatcherServlet'
