09:16:06.366 [background-preinit] INFO  o.h.v.i.util.Version - [<clinit>,21] - HV000001: Hibernate Validator 6.2.0.Final
09:16:06.785 [main] INFO  c.a.n.c.c.i.LocalConfigInfoProcessor - [<clinit>,67] - LOCAL_SNAPSHOT_PATH:C:\Users\Administrator\nacos\config
09:16:06.787 [main] INFO  c.a.n.c.r.client - [lambda$createClient$0,77] - [RpcClientFactory] create a new rpc client of 93eb1f52-3ed2-4c87-893e-4446d79ac8e3_config-0
09:16:06.822 [main] INFO  o.r.Reflections - [scan,232] - Reflections took 24 ms to scan 1 urls, producing 3 keys and 6 values 
09:16:06.846 [main] INFO  o.r.Reflections - [scan,232] - Reflections took 13 ms to scan 1 urls, producing 4 keys and 9 values 
09:16:06.860 [main] INFO  o.r.Reflections - [scan,232] - Reflections took 12 ms to scan 1 urls, producing 3 keys and 10 values 
09:16:06.999 [main] INFO  o.r.Reflections - [scan,232] - Reflections took 131 ms to scan 195 urls, producing 0 keys and 0 values 
09:16:07.009 [main] INFO  o.r.Reflections - [scan,232] - Reflections took 9 ms to scan 1 urls, producing 1 keys and 5 values 
09:16:07.020 [main] INFO  o.r.Reflections - [scan,232] - Reflections took 10 ms to scan 1 urls, producing 1 keys and 7 values 
09:16:07.031 [main] INFO  o.r.Reflections - [scan,232] - Reflections took 9 ms to scan 1 urls, producing 2 keys and 8 values 
09:16:07.162 [main] INFO  o.r.Reflections - [scan,232] - Reflections took 129 ms to scan 195 urls, producing 0 keys and 0 values 
09:16:07.163 [main] INFO  c.a.n.c.r.client - [printIfInfoEnabled,60] - [93eb1f52-3ed2-4c87-893e-4446d79ac8e3_config-0]RpcClient init label, labels={module=config, Vipserver-Tag=null, source=sdk, Amory-Tag=null, Location-Tag=null, taskId=0, AppName=unknown}
09:16:07.163 [main] INFO  c.a.n.c.r.client - [printIfInfoEnabled,60] - [93eb1f52-3ed2-4c87-893e-4446d79ac8e3_config-0]Register server push request handler:com.alibaba.nacos.client.config.impl.ClientWorker$ConfigRpcTransportClient$$Lambda$329/1210939243
09:16:07.163 [main] INFO  c.a.n.c.r.client - [printIfInfoEnabled,60] - [93eb1f52-3ed2-4c87-893e-4446d79ac8e3_config-0]Register server push request handler:com.alibaba.nacos.client.config.impl.ClientWorker$ConfigRpcTransportClient$$Lambda$330/1079125839
09:16:07.164 [main] INFO  c.a.n.c.r.client - [printIfInfoEnabled,60] - [93eb1f52-3ed2-4c87-893e-4446d79ac8e3_config-0]Registry connection listener to current client:com.alibaba.nacos.client.config.impl.ClientWorker$ConfigRpcTransportClient$1
09:16:07.164 [main] INFO  c.a.n.c.r.client - [printIfInfoEnabled,60] - [93eb1f52-3ed2-4c87-893e-4446d79ac8e3_config-0]RpcClient init, ServerListFactory =com.alibaba.nacos.client.config.impl.ClientWorker$ConfigRpcTransportClient$2
09:16:07.169 [main] INFO  c.a.n.c.r.client - [printIfInfoEnabled,60] - [93eb1f52-3ed2-4c87-893e-4446d79ac8e3_config-0] Try to connect to server on start up, server: {serverIp='127.0.0.1', server main port=8848}
09:16:07.795 [main] INFO  c.a.n.c.r.client - [printIfInfoEnabled,60] - [93eb1f52-3ed2-4c87-893e-4446d79ac8e3_config-0] Success to connect to server [127.0.0.1:8848] on start up,connectionId=1645406167591_127.0.0.1_51052
09:16:07.795 [com.alibaba.nacos.client.remote.worker] INFO  c.a.n.c.r.client - [printIfInfoEnabled,60] - [93eb1f52-3ed2-4c87-893e-4446d79ac8e3_config-0]Notify connected event to listeners.
09:16:07.795 [com.alibaba.nacos.client.remote.worker] INFO  c.a.n.c.c.i.ClientWorker - [onConnected,681] - [93eb1f52-3ed2-4c87-893e-4446d79ac8e3_config-0] Connected,notify listen context...
09:16:07.795 [main] INFO  c.a.n.c.r.client - [printIfInfoEnabled,60] - [93eb1f52-3ed2-4c87-893e-4446d79ac8e3_config-0]Register server push request handler:com.alibaba.nacos.common.remote.client.RpcClient$ConnectResetRequestHandler
09:16:07.796 [main] INFO  c.a.n.c.r.client - [printIfInfoEnabled,60] - [93eb1f52-3ed2-4c87-893e-4446d79ac8e3_config-0]Register server push request handler:com.alibaba.nacos.common.remote.client.RpcClient$4
09:16:07.821 [main] INFO  c.a.n.c.c.i.Limiter - [<clinit>,56] - limitTime:5.0
09:16:07.834 [main] INFO  c.a.n.c.c.u.JvmUtil - [<clinit>,53] - isMultiInstance:false
09:16:07.859 [main] INFO  c.r.g.RuoYiGenApplication - [logStartupProfileInfo,639] - The following profiles are active: dev
09:16:09.416 [main] INFO  o.a.c.h.Http11NioProtocol - [log,173] - Initializing ProtocolHandler ["http-nio-9202"]
09:16:09.416 [main] INFO  o.a.c.c.StandardService - [log,173] - Starting service [Tomcat]
09:16:09.417 [main] INFO  o.a.c.c.StandardEngine - [log,173] - Starting Servlet engine: [Apache Tomcat/9.0.56]
09:16:09.503 [main] INFO  o.a.c.c.C.[.[.[/] - [log,173] - Initializing Spring embedded WebApplicationContext
09:16:10.640 [main] INFO  c.a.n.client.naming - [initNamespaceForNaming,63] - initializer namespace from System Property : null
09:16:10.640 [main] INFO  c.a.n.client.naming - [call,69] - initializer namespace from System Environment :null
09:16:10.641 [main] INFO  c.a.n.client.naming - [call,79] - initializer namespace from System Property :null
09:16:10.651 [main] INFO  c.a.n.c.r.client - [lambda$createClient$0,77] - [RpcClientFactory] create a new rpc client of 8cf1b74a-0c6f-4e46-b76c-cf5c525c5d2d
09:16:10.651 [main] INFO  c.a.n.c.r.client - [printIfInfoEnabled,60] - [8cf1b74a-0c6f-4e46-b76c-cf5c525c5d2d]RpcClient init label, labels={module=naming, source=sdk}
09:16:10.652 [main] INFO  c.a.n.c.r.client - [printIfInfoEnabled,60] - [8cf1b74a-0c6f-4e46-b76c-cf5c525c5d2d]RpcClient init, ServerListFactory =com.alibaba.nacos.client.naming.core.ServerListManager
09:16:10.653 [main] INFO  c.a.n.c.r.client - [printIfInfoEnabled,60] - [8cf1b74a-0c6f-4e46-b76c-cf5c525c5d2d]Registry connection listener to current client:com.alibaba.nacos.client.naming.remote.gprc.redo.NamingGrpcRedoService
09:16:10.653 [main] INFO  c.a.n.c.r.client - [printIfInfoEnabled,60] - [8cf1b74a-0c6f-4e46-b76c-cf5c525c5d2d]Register server push request handler:com.alibaba.nacos.client.naming.remote.gprc.NamingPushRequestHandler
09:16:10.653 [main] INFO  c.a.n.c.r.client - [printIfInfoEnabled,60] - [8cf1b74a-0c6f-4e46-b76c-cf5c525c5d2d] Try to connect to server on start up, server: {serverIp='127.0.0.1', server main port=8848}
09:16:10.762 [main] INFO  c.a.n.c.r.client - [printIfInfoEnabled,60] - [8cf1b74a-0c6f-4e46-b76c-cf5c525c5d2d] Success to connect to server [127.0.0.1:8848] on start up,connectionId=1645406170657_127.0.0.1_51053
09:16:10.762 [com.alibaba.nacos.client.remote.worker] INFO  c.a.n.c.r.client - [printIfInfoEnabled,60] - [8cf1b74a-0c6f-4e46-b76c-cf5c525c5d2d]Notify connected event to listeners.
09:16:10.762 [main] INFO  c.a.n.c.r.client - [printIfInfoEnabled,60] - [8cf1b74a-0c6f-4e46-b76c-cf5c525c5d2d]Register server push request handler:com.alibaba.nacos.common.remote.client.RpcClient$ConnectResetRequestHandler
09:16:10.762 [com.alibaba.nacos.client.remote.worker] INFO  c.a.n.client.naming - [onConnected,76] - Grpc connection connect
09:16:10.762 [main] INFO  c.a.n.c.r.client - [printIfInfoEnabled,60] - [8cf1b74a-0c6f-4e46-b76c-cf5c525c5d2d]Register server push request handler:com.alibaba.nacos.common.remote.client.RpcClient$4
09:16:11.731 [main] INFO  c.a.n.client.naming - [isChangedServiceInfo,181] - init new ips(0) service: DEFAULT_GROUP@@ruoyi-gen@@DEFAULT -> []
09:16:11.736 [main] INFO  c.a.n.client.naming - [processServiceInfo,166] - current ips:(0) service: DEFAULT_GROUP@@ruoyi-gen@@DEFAULT -> []
09:16:11.742 [main] INFO  o.a.c.h.Http11NioProtocol - [log,173] - Starting ProtocolHandler ["http-nio-9202"]
09:16:11.752 [main] INFO  c.a.n.client.naming - [registerService,112] - [REGISTER-SERVICE] public registering service ruoyi-gen with instance Instance{instanceId='null', ip='192.168.88.29', port=9202, weight=1.0, healthy=true, enabled=true, ephemeral=true, clusterName='DEFAULT', serviceName='null', metadata={preserved.register.source=SPRING_CLOUD}}
09:16:11.758 [main] INFO  c.a.c.n.r.NacosServiceRegistry - [register,75] - nacos registry, DEFAULT_GROUP ruoyi-gen 192.168.88.29:9202 register finished
09:16:12.041 [main] INFO  c.r.g.RuoYiGenApplication - [logStarted,61] - Started RuoYiGenApplication in 6.192 seconds (JVM running for 6.898)
09:16:12.048 [main] INFO  c.a.n.c.c.i.ClientWorker - [addCacheDataIfAbsent,384] - [config_rpc_client] [subscribe] ruoyi-gen+DEFAULT_GROUP
09:16:12.049 [main] INFO  c.a.n.c.c.i.CacheData - [addListener,173] - [config_rpc_client] [add-listener] ok, tenant=, dataId=ruoyi-gen, group=DEFAULT_GROUP, cnt=1
09:16:12.050 [main] INFO  c.a.n.c.c.i.ClientWorker - [addCacheDataIfAbsent,384] - [config_rpc_client] [subscribe] ruoyi-gen-dev.yml+DEFAULT_GROUP
09:16:12.050 [main] INFO  c.a.n.c.c.i.CacheData - [addListener,173] - [config_rpc_client] [add-listener] ok, tenant=, dataId=ruoyi-gen-dev.yml, group=DEFAULT_GROUP, cnt=1
09:16:12.050 [main] INFO  c.a.n.c.c.i.ClientWorker - [addCacheDataIfAbsent,384] - [config_rpc_client] [subscribe] ruoyi-gen.yml+DEFAULT_GROUP
09:16:12.050 [main] INFO  c.a.n.c.c.i.CacheData - [addListener,173] - [config_rpc_client] [add-listener] ok, tenant=, dataId=ruoyi-gen.yml, group=DEFAULT_GROUP, cnt=1
09:16:12.254 [nacos-grpc-client-executor-9] INFO  c.a.n.c.r.client - [printIfInfoEnabled,60] - [8cf1b74a-0c6f-4e46-b76c-cf5c525c5d2d]receive server push request,request=NotifySubscriberRequest,requestId=3
09:16:12.257 [nacos-grpc-client-executor-9] INFO  c.a.n.client.naming - [isChangedServiceInfo,181] - init new ips(1) service: DEFAULT_GROUP@@ruoyi-gen -> [{"ip":"192.168.88.29","port":9202,"weight":1.0,"healthy":true,"enabled":true,"ephemeral":true,"clusterName":"DEFAULT","serviceName":"DEFAULT_GROUP@@ruoyi-gen","metadata":{"preserved.register.source":"SPRING_CLOUD"},"ipDeleteTimeout":30000,"instanceHeartBeatInterval":5000,"instanceHeartBeatTimeOut":15000}]
09:16:12.257 [nacos-grpc-client-executor-9] INFO  c.a.n.client.naming - [processServiceInfo,166] - current ips:(1) service: DEFAULT_GROUP@@ruoyi-gen -> [{"ip":"192.168.88.29","port":9202,"weight":1.0,"healthy":true,"enabled":true,"ephemeral":true,"clusterName":"DEFAULT","serviceName":"DEFAULT_GROUP@@ruoyi-gen","metadata":{"preserved.register.source":"SPRING_CLOUD"},"ipDeleteTimeout":30000,"instanceHeartBeatInterval":5000,"instanceHeartBeatTimeOut":15000}]
09:16:12.258 [nacos-grpc-client-executor-9] INFO  c.a.n.c.r.client - [printIfInfoEnabled,60] - [8cf1b74a-0c6f-4e46-b76c-cf5c525c5d2d]ack server push request,request=NotifySubscriberRequest,requestId=3
09:16:12.724 [com.alibaba.nacos.client.naming.updater.0] INFO  c.a.n.client.naming - [isChangedServiceInfo,235] - new ips(1) service: DEFAULT_GROUP@@ruoyi-gen@@DEFAULT -> [{"ip":"192.168.88.29","port":9202,"weight":1.0,"healthy":true,"enabled":true,"ephemeral":true,"clusterName":"DEFAULT","serviceName":"DEFAULT_GROUP@@ruoyi-gen","metadata":{"preserved.register.source":"SPRING_CLOUD"},"ipDeleteTimeout":30000,"instanceHeartBeatInterval":5000,"instanceHeartBeatTimeOut":15000}]
09:16:12.724 [com.alibaba.nacos.client.naming.updater.0] INFO  c.a.n.client.naming - [processServiceInfo,166] - current ips:(1) service: DEFAULT_GROUP@@ruoyi-gen@@DEFAULT -> [{"ip":"192.168.88.29","port":9202,"weight":1.0,"healthy":true,"enabled":true,"ephemeral":true,"clusterName":"DEFAULT","serviceName":"DEFAULT_GROUP@@ruoyi-gen","metadata":{"preserved.register.source":"SPRING_CLOUD"},"ipDeleteTimeout":30000,"instanceHeartBeatInterval":5000,"instanceHeartBeatTimeOut":15000}]
