10:09:01.584 [background-preinit] INFO  o.h.v.i.util.Version - [<clinit>,21] - HV000001: Hibernate Validator 6.2.0.Final
10:09:01.992 [main] INFO  c.a.n.c.c.i.LocalConfigInfoProcessor - [<clinit>,67] - LOCAL_SNAPSHOT_PATH:C:\Users\Administrator\nacos\config
10:09:01.994 [main] INFO  c.a.n.c.r.client - [lambda$createClient$0,77] - [RpcClientFactory] create a new rpc client of cf06b7c7-3559-4cca-8690-23993997f625_config-0
10:09:02.033 [main] INFO  o.r.Reflections - [scan,232] - Reflections took 26 ms to scan 1 urls, producing 3 keys and 6 values 
10:09:02.057 [main] INFO  o.r.Reflections - [scan,232] - Reflections took 13 ms to scan 1 urls, producing 4 keys and 9 values 
10:09:02.071 [main] INFO  o.r.Reflections - [scan,232] - Reflections took 12 ms to scan 1 urls, producing 3 keys and 10 values 
10:09:02.203 [main] INFO  o.r.Reflections - [scan,232] - Reflections took 130 ms to scan 195 urls, producing 0 keys and 0 values 
10:09:02.212 [main] INFO  o.r.Reflections - [scan,232] - Reflections took 8 ms to scan 1 urls, producing 1 keys and 5 values 
10:09:02.223 [main] INFO  o.r.Reflections - [scan,232] - Reflections took 10 ms to scan 1 urls, producing 1 keys and 7 values 
10:09:02.233 [main] INFO  o.r.Reflections - [scan,232] - Reflections took 8 ms to scan 1 urls, producing 2 keys and 8 values 
10:09:02.359 [main] INFO  o.r.Reflections - [scan,232] - Reflections took 124 ms to scan 195 urls, producing 0 keys and 0 values 
10:09:02.360 [main] INFO  c.a.n.c.r.client - [printIfInfoEnabled,60] - [cf06b7c7-3559-4cca-8690-23993997f625_config-0]RpcClient init label, labels={module=config, Vipserver-Tag=null, source=sdk, Amory-Tag=null, Location-Tag=null, taskId=0, AppName=unknown}
10:09:02.360 [main] INFO  c.a.n.c.r.client - [printIfInfoEnabled,60] - [cf06b7c7-3559-4cca-8690-23993997f625_config-0]Register server push request handler:com.alibaba.nacos.client.config.impl.ClientWorker$ConfigRpcTransportClient$$Lambda$329/373544591
10:09:02.361 [main] INFO  c.a.n.c.r.client - [printIfInfoEnabled,60] - [cf06b7c7-3559-4cca-8690-23993997f625_config-0]Register server push request handler:com.alibaba.nacos.client.config.impl.ClientWorker$ConfigRpcTransportClient$$Lambda$330/409565350
10:09:02.361 [main] INFO  c.a.n.c.r.client - [printIfInfoEnabled,60] - [cf06b7c7-3559-4cca-8690-23993997f625_config-0]Registry connection listener to current client:com.alibaba.nacos.client.config.impl.ClientWorker$ConfigRpcTransportClient$1
10:09:02.361 [main] INFO  c.a.n.c.r.client - [printIfInfoEnabled,60] - [cf06b7c7-3559-4cca-8690-23993997f625_config-0]RpcClient init, ServerListFactory =com.alibaba.nacos.client.config.impl.ClientWorker$ConfigRpcTransportClient$2
10:09:02.366 [main] INFO  c.a.n.c.r.client - [printIfInfoEnabled,60] - [cf06b7c7-3559-4cca-8690-23993997f625_config-0] Try to connect to server on start up, server: {serverIp='127.0.0.1', server main port=8848}
10:09:03.011 [main] INFO  c.a.n.c.r.client - [printIfInfoEnabled,60] - [cf06b7c7-3559-4cca-8690-23993997f625_config-0] Success to connect to server [127.0.0.1:8848] on start up,connectionId=1645150142798_127.0.0.1_53918
10:09:03.011 [com.alibaba.nacos.client.remote.worker] INFO  c.a.n.c.r.client - [printIfInfoEnabled,60] - [cf06b7c7-3559-4cca-8690-23993997f625_config-0]Notify connected event to listeners.
10:09:03.011 [main] INFO  c.a.n.c.r.client - [printIfInfoEnabled,60] - [cf06b7c7-3559-4cca-8690-23993997f625_config-0]Register server push request handler:com.alibaba.nacos.common.remote.client.RpcClient$ConnectResetRequestHandler
10:09:03.011 [com.alibaba.nacos.client.remote.worker] INFO  c.a.n.c.c.i.ClientWorker - [onConnected,681] - [cf06b7c7-3559-4cca-8690-23993997f625_config-0] Connected,notify listen context...
10:09:03.012 [main] INFO  c.a.n.c.r.client - [printIfInfoEnabled,60] - [cf06b7c7-3559-4cca-8690-23993997f625_config-0]Register server push request handler:com.alibaba.nacos.common.remote.client.RpcClient$4
10:09:03.037 [main] INFO  c.a.n.c.c.i.Limiter - [<clinit>,56] - limitTime:5.0
10:09:03.048 [main] INFO  c.a.n.c.c.u.JvmUtil - [<clinit>,53] - isMultiInstance:false
10:09:03.068 [main] INFO  c.r.g.RuoYiGenApplication - [logStartupProfileInfo,639] - The following profiles are active: dev
10:09:04.575 [main] INFO  o.a.c.h.Http11NioProtocol - [log,173] - Initializing ProtocolHandler ["http-nio-9202"]
10:09:04.576 [main] INFO  o.a.c.c.StandardService - [log,173] - Starting service [Tomcat]
10:09:04.576 [main] INFO  o.a.c.c.StandardEngine - [log,173] - Starting Servlet engine: [Apache Tomcat/9.0.56]
10:09:04.662 [main] INFO  o.a.c.c.C.[.[.[/] - [log,173] - Initializing Spring embedded WebApplicationContext
10:09:05.746 [main] INFO  c.a.n.client.naming - [initNamespaceForNaming,63] - initializer namespace from System Property : null
10:09:05.747 [main] INFO  c.a.n.client.naming - [call,69] - initializer namespace from System Environment :null
10:09:05.747 [main] INFO  c.a.n.client.naming - [call,79] - initializer namespace from System Property :null
10:09:05.757 [main] INFO  c.a.n.c.r.client - [lambda$createClient$0,77] - [RpcClientFactory] create a new rpc client of 88171f61-c825-470d-afe8-8b2bea485307
10:09:05.757 [main] INFO  c.a.n.c.r.client - [printIfInfoEnabled,60] - [88171f61-c825-470d-afe8-8b2bea485307]RpcClient init label, labels={module=naming, source=sdk}
10:09:05.758 [main] INFO  c.a.n.c.r.client - [printIfInfoEnabled,60] - [88171f61-c825-470d-afe8-8b2bea485307]RpcClient init, ServerListFactory =com.alibaba.nacos.client.naming.core.ServerListManager
10:09:05.759 [main] INFO  c.a.n.c.r.client - [printIfInfoEnabled,60] - [88171f61-c825-470d-afe8-8b2bea485307]Registry connection listener to current client:com.alibaba.nacos.client.naming.remote.gprc.redo.NamingGrpcRedoService
10:09:05.759 [main] INFO  c.a.n.c.r.client - [printIfInfoEnabled,60] - [88171f61-c825-470d-afe8-8b2bea485307]Register server push request handler:com.alibaba.nacos.client.naming.remote.gprc.NamingPushRequestHandler
10:09:05.760 [main] INFO  c.a.n.c.r.client - [printIfInfoEnabled,60] - [88171f61-c825-470d-afe8-8b2bea485307] Try to connect to server on start up, server: {serverIp='127.0.0.1', server main port=8848}
10:09:05.870 [main] INFO  c.a.n.c.r.client - [printIfInfoEnabled,60] - [88171f61-c825-470d-afe8-8b2bea485307] Success to connect to server [127.0.0.1:8848] on start up,connectionId=1645150145765_127.0.0.1_53920
10:09:05.870 [com.alibaba.nacos.client.remote.worker] INFO  c.a.n.c.r.client - [printIfInfoEnabled,60] - [88171f61-c825-470d-afe8-8b2bea485307]Notify connected event to listeners.
10:09:05.870 [main] INFO  c.a.n.c.r.client - [printIfInfoEnabled,60] - [88171f61-c825-470d-afe8-8b2bea485307]Register server push request handler:com.alibaba.nacos.common.remote.client.RpcClient$ConnectResetRequestHandler
10:09:05.870 [com.alibaba.nacos.client.remote.worker] INFO  c.a.n.client.naming - [onConnected,76] - Grpc connection connect
10:09:05.870 [main] INFO  c.a.n.c.r.client - [printIfInfoEnabled,60] - [88171f61-c825-470d-afe8-8b2bea485307]Register server push request handler:com.alibaba.nacos.common.remote.client.RpcClient$4
10:09:06.844 [main] INFO  c.a.n.client.naming - [isChangedServiceInfo,181] - init new ips(0) service: DEFAULT_GROUP@@ruoyi-gen@@DEFAULT -> []
10:09:06.851 [main] INFO  c.a.n.client.naming - [processServiceInfo,166] - current ips:(0) service: DEFAULT_GROUP@@ruoyi-gen@@DEFAULT -> []
10:09:06.854 [main] INFO  o.a.c.h.Http11NioProtocol - [log,173] - Starting ProtocolHandler ["http-nio-9202"]
10:09:06.866 [main] INFO  c.a.n.client.naming - [registerService,112] - [REGISTER-SERVICE] public registering service ruoyi-gen with instance Instance{instanceId='null', ip='192.168.1.105', port=9202, weight=1.0, healthy=true, enabled=true, ephemeral=true, clusterName='DEFAULT', serviceName='null', metadata={preserved.register.source=SPRING_CLOUD}}
10:09:06.870 [main] INFO  c.a.c.n.r.NacosServiceRegistry - [register,75] - nacos registry, DEFAULT_GROUP ruoyi-gen 192.168.1.105:9202 register finished
10:09:07.144 [main] INFO  c.r.g.RuoYiGenApplication - [logStarted,61] - Started RuoYiGenApplication in 5.98 seconds (JVM running for 6.585)
10:09:07.151 [main] INFO  c.a.n.c.c.i.ClientWorker - [addCacheDataIfAbsent,384] - [config_rpc_client] [subscribe] ruoyi-gen+DEFAULT_GROUP
10:09:07.151 [main] INFO  c.a.n.c.c.i.CacheData - [addListener,173] - [config_rpc_client] [add-listener] ok, tenant=, dataId=ruoyi-gen, group=DEFAULT_GROUP, cnt=1
10:09:07.152 [main] INFO  c.a.n.c.c.i.ClientWorker - [addCacheDataIfAbsent,384] - [config_rpc_client] [subscribe] ruoyi-gen-dev.yml+DEFAULT_GROUP
10:09:07.152 [main] INFO  c.a.n.c.c.i.CacheData - [addListener,173] - [config_rpc_client] [add-listener] ok, tenant=, dataId=ruoyi-gen-dev.yml, group=DEFAULT_GROUP, cnt=1
10:09:07.152 [main] INFO  c.a.n.c.c.i.ClientWorker - [addCacheDataIfAbsent,384] - [config_rpc_client] [subscribe] ruoyi-gen.yml+DEFAULT_GROUP
10:09:07.152 [main] INFO  c.a.n.c.c.i.CacheData - [addListener,173] - [config_rpc_client] [add-listener] ok, tenant=, dataId=ruoyi-gen.yml, group=DEFAULT_GROUP, cnt=1
10:09:07.419 [nacos-grpc-client-executor-6] INFO  c.a.n.c.r.client - [printIfInfoEnabled,60] - [88171f61-c825-470d-afe8-8b2bea485307]receive server push request,request=NotifySubscriberRequest,requestId=75
10:09:07.421 [nacos-grpc-client-executor-6] INFO  c.a.n.client.naming - [isChangedServiceInfo,181] - init new ips(1) service: DEFAULT_GROUP@@ruoyi-gen -> [{"ip":"192.168.1.105","port":9202,"weight":1.0,"healthy":true,"enabled":true,"ephemeral":true,"clusterName":"DEFAULT","serviceName":"DEFAULT_GROUP@@ruoyi-gen","metadata":{"preserved.register.source":"SPRING_CLOUD"},"ipDeleteTimeout":30000,"instanceHeartBeatInterval":5000,"instanceHeartBeatTimeOut":15000}]
10:09:07.422 [nacos-grpc-client-executor-6] INFO  c.a.n.client.naming - [processServiceInfo,166] - current ips:(1) service: DEFAULT_GROUP@@ruoyi-gen -> [{"ip":"192.168.1.105","port":9202,"weight":1.0,"healthy":true,"enabled":true,"ephemeral":true,"clusterName":"DEFAULT","serviceName":"DEFAULT_GROUP@@ruoyi-gen","metadata":{"preserved.register.source":"SPRING_CLOUD"},"ipDeleteTimeout":30000,"instanceHeartBeatInterval":5000,"instanceHeartBeatTimeOut":15000}]
10:09:07.423 [nacos-grpc-client-executor-6] INFO  c.a.n.c.r.client - [printIfInfoEnabled,60] - [88171f61-c825-470d-afe8-8b2bea485307]ack server push request,request=NotifySubscriberRequest,requestId=75
10:09:07.837 [com.alibaba.nacos.client.naming.updater.0] INFO  c.a.n.client.naming - [isChangedServiceInfo,235] - new ips(1) service: DEFAULT_GROUP@@ruoyi-gen@@DEFAULT -> [{"ip":"192.168.1.105","port":9202,"weight":1.0,"healthy":true,"enabled":true,"ephemeral":true,"clusterName":"DEFAULT","serviceName":"DEFAULT_GROUP@@ruoyi-gen","metadata":{"preserved.register.source":"SPRING_CLOUD"},"ipDeleteTimeout":30000,"instanceHeartBeatInterval":5000,"instanceHeartBeatTimeOut":15000}]
10:09:07.838 [com.alibaba.nacos.client.naming.updater.0] INFO  c.a.n.client.naming - [processServiceInfo,166] - current ips:(1) service: DEFAULT_GROUP@@ruoyi-gen@@DEFAULT -> [{"ip":"192.168.1.105","port":9202,"weight":1.0,"healthy":true,"enabled":true,"ephemeral":true,"clusterName":"DEFAULT","serviceName":"DEFAULT_GROUP@@ruoyi-gen","metadata":{"preserved.register.source":"SPRING_CLOUD"},"ipDeleteTimeout":30000,"instanceHeartBeatInterval":5000,"instanceHeartBeatTimeOut":15000}]
