10:09:43.204 [background-preinit] INFO  o.h.v.i.util.Version - [<clinit>,21] - HV000001: Hibernate Validator 6.2.0.Final
10:09:43.649 [main] INFO  c.a.n.c.c.i.LocalConfigInfoProcessor - [<clinit>,67] - LOCAL_SNAPSHOT_PATH:C:\Users\Administrator\nacos\config
10:09:43.651 [main] INFO  c.a.n.c.r.client - [lambda$createClient$0,77] - [RpcClientFactory] create a new rpc client of 3eb271ec-1b3a-4d72-83fe-a0296f8a3955_config-0
10:09:43.683 [main] INFO  o.r.Reflections - [scan,232] - Reflections took 20 ms to scan 1 urls, producing 3 keys and 6 values 
10:09:43.704 [main] INFO  o.r.Reflections - [scan,232] - Reflections took 11 ms to scan 1 urls, producing 4 keys and 9 values 
10:09:43.716 [main] INFO  o.r.Reflections - [scan,232] - Reflections took 10 ms to scan 1 urls, producing 3 keys and 10 values 
10:09:43.863 [main] INFO  o.r.Reflections - [scan,232] - Reflections took 144 ms to scan 239 urls, producing 0 keys and 0 values 
10:09:43.875 [main] INFO  o.r.Reflections - [scan,232] - Reflections took 11 ms to scan 1 urls, producing 1 keys and 5 values 
10:09:43.890 [main] INFO  o.r.Reflections - [scan,232] - Reflections took 13 ms to scan 1 urls, producing 1 keys and 7 values 
10:09:43.900 [main] INFO  o.r.Reflections - [scan,232] - Reflections took 8 ms to scan 1 urls, producing 2 keys and 8 values 
10:09:44.024 [main] INFO  o.r.Reflections - [scan,232] - Reflections took 122 ms to scan 239 urls, producing 0 keys and 0 values 
10:09:44.024 [main] INFO  c.a.n.c.r.client - [printIfInfoEnabled,60] - [3eb271ec-1b3a-4d72-83fe-a0296f8a3955_config-0]RpcClient init label, labels={module=config, Vipserver-Tag=null, source=sdk, Amory-Tag=null, Location-Tag=null, taskId=0, AppName=unknown}
10:09:44.025 [main] INFO  c.a.n.c.r.client - [printIfInfoEnabled,60] - [3eb271ec-1b3a-4d72-83fe-a0296f8a3955_config-0]Register server push request handler:com.alibaba.nacos.client.config.impl.ClientWorker$ConfigRpcTransportClient$$Lambda$330/1060042118
10:09:44.025 [main] INFO  c.a.n.c.r.client - [printIfInfoEnabled,60] - [3eb271ec-1b3a-4d72-83fe-a0296f8a3955_config-0]Register server push request handler:com.alibaba.nacos.client.config.impl.ClientWorker$ConfigRpcTransportClient$$Lambda$331/1964847681
10:09:44.026 [main] INFO  c.a.n.c.r.client - [printIfInfoEnabled,60] - [3eb271ec-1b3a-4d72-83fe-a0296f8a3955_config-0]Registry connection listener to current client:com.alibaba.nacos.client.config.impl.ClientWorker$ConfigRpcTransportClient$1
10:09:44.026 [main] INFO  c.a.n.c.r.client - [printIfInfoEnabled,60] - [3eb271ec-1b3a-4d72-83fe-a0296f8a3955_config-0]RpcClient init, ServerListFactory =com.alibaba.nacos.client.config.impl.ClientWorker$ConfigRpcTransportClient$2
10:09:44.031 [main] INFO  c.a.n.c.r.client - [printIfInfoEnabled,60] - [3eb271ec-1b3a-4d72-83fe-a0296f8a3955_config-0] Try to connect to server on start up, server: {serverIp='127.0.0.1', server main port=8848}
10:09:44.667 [main] INFO  c.a.n.c.r.client - [printIfInfoEnabled,60] - [3eb271ec-1b3a-4d72-83fe-a0296f8a3955_config-0] Success to connect to server [127.0.0.1:8848] on start up,connectionId=1645150184464_127.0.0.1_54166
10:09:44.667 [com.alibaba.nacos.client.remote.worker] INFO  c.a.n.c.r.client - [printIfInfoEnabled,60] - [3eb271ec-1b3a-4d72-83fe-a0296f8a3955_config-0]Notify connected event to listeners.
10:09:44.667 [main] INFO  c.a.n.c.r.client - [printIfInfoEnabled,60] - [3eb271ec-1b3a-4d72-83fe-a0296f8a3955_config-0]Register server push request handler:com.alibaba.nacos.common.remote.client.RpcClient$ConnectResetRequestHandler
10:09:44.667 [com.alibaba.nacos.client.remote.worker] INFO  c.a.n.c.c.i.ClientWorker - [onConnected,681] - [3eb271ec-1b3a-4d72-83fe-a0296f8a3955_config-0] Connected,notify listen context...
10:09:44.668 [main] INFO  c.a.n.c.r.client - [printIfInfoEnabled,60] - [3eb271ec-1b3a-4d72-83fe-a0296f8a3955_config-0]Register server push request handler:com.alibaba.nacos.common.remote.client.RpcClient$4
10:09:44.694 [main] INFO  c.a.n.c.c.i.Limiter - [<clinit>,56] - limitTime:5.0
10:09:44.706 [main] INFO  c.a.n.c.c.u.JvmUtil - [<clinit>,53] - isMultiInstance:false
10:09:44.728 [main] INFO  c.r.g.RuoYiGoodsApplication - [logStartupProfileInfo,639] - The following profiles are active: dev
10:09:46.420 [main] INFO  o.a.c.h.Http11NioProtocol - [log,173] - Initializing ProtocolHandler ["http-nio-9204"]
10:09:46.420 [main] INFO  o.a.c.c.StandardService - [log,173] - Starting service [Tomcat]
10:09:46.421 [main] INFO  o.a.c.c.StandardEngine - [log,173] - Starting Servlet engine: [Apache Tomcat/9.0.56]
10:09:46.518 [main] INFO  o.a.c.c.C.[.[.[/] - [log,173] - Initializing Spring embedded WebApplicationContext
10:09:47.265 [main] INFO  c.a.d.p.DruidDataSource - [init,998] - {dataSource-1,master} inited
10:09:47.266 [main] INFO  c.b.d.d.DynamicRoutingDataSource - [addDataSource,148] - dynamic-datasource - add a datasource named [master] success
10:09:47.266 [main] INFO  c.b.d.d.DynamicRoutingDataSource - [afterPropertiesSet,228] - dynamic-datasource initial loaded [1] datasource,primary datasource named [master]
10:09:48.393 [main] INFO  c.a.n.client.naming - [initNamespaceForNaming,63] - initializer namespace from System Property : null
10:09:48.393 [main] INFO  c.a.n.client.naming - [call,69] - initializer namespace from System Environment :null
10:09:48.394 [main] INFO  c.a.n.client.naming - [call,79] - initializer namespace from System Property :null
10:09:48.404 [main] INFO  c.a.n.c.r.client - [lambda$createClient$0,77] - [RpcClientFactory] create a new rpc client of 54ddaf45-0c3f-4aa1-a95a-e7ba2a174708
10:09:48.404 [main] INFO  c.a.n.c.r.client - [printIfInfoEnabled,60] - [54ddaf45-0c3f-4aa1-a95a-e7ba2a174708]RpcClient init label, labels={module=naming, source=sdk}
10:09:48.405 [main] INFO  c.a.n.c.r.client - [printIfInfoEnabled,60] - [54ddaf45-0c3f-4aa1-a95a-e7ba2a174708]RpcClient init, ServerListFactory =com.alibaba.nacos.client.naming.core.ServerListManager
10:09:48.405 [main] INFO  c.a.n.c.r.client - [printIfInfoEnabled,60] - [54ddaf45-0c3f-4aa1-a95a-e7ba2a174708]Registry connection listener to current client:com.alibaba.nacos.client.naming.remote.gprc.redo.NamingGrpcRedoService
10:09:48.406 [main] INFO  c.a.n.c.r.client - [printIfInfoEnabled,60] - [54ddaf45-0c3f-4aa1-a95a-e7ba2a174708]Register server push request handler:com.alibaba.nacos.client.naming.remote.gprc.NamingPushRequestHandler
10:09:48.406 [main] INFO  c.a.n.c.r.client - [printIfInfoEnabled,60] - [54ddaf45-0c3f-4aa1-a95a-e7ba2a174708] Try to connect to server on start up, server: {serverIp='127.0.0.1', server main port=8848}
10:09:48.514 [main] INFO  c.a.n.c.r.client - [printIfInfoEnabled,60] - [54ddaf45-0c3f-4aa1-a95a-e7ba2a174708] Success to connect to server [127.0.0.1:8848] on start up,connectionId=1645150188411_127.0.0.1_54175
10:09:48.514 [com.alibaba.nacos.client.remote.worker] INFO  c.a.n.c.r.client - [printIfInfoEnabled,60] - [54ddaf45-0c3f-4aa1-a95a-e7ba2a174708]Notify connected event to listeners.
10:09:48.514 [main] INFO  c.a.n.c.r.client - [printIfInfoEnabled,60] - [54ddaf45-0c3f-4aa1-a95a-e7ba2a174708]Register server push request handler:com.alibaba.nacos.common.remote.client.RpcClient$ConnectResetRequestHandler
10:09:48.514 [com.alibaba.nacos.client.remote.worker] INFO  c.a.n.client.naming - [onConnected,76] - Grpc connection connect
10:09:48.514 [main] INFO  c.a.n.c.r.client - [printIfInfoEnabled,60] - [54ddaf45-0c3f-4aa1-a95a-e7ba2a174708]Register server push request handler:com.alibaba.nacos.common.remote.client.RpcClient$4
10:09:49.698 [main] INFO  c.a.n.client.naming - [isChangedServiceInfo,181] - init new ips(0) service: DEFAULT_GROUP@@ruoyi-modules-goods@@DEFAULT -> []
10:09:49.705 [main] INFO  c.a.n.client.naming - [processServiceInfo,166] - current ips:(0) service: DEFAULT_GROUP@@ruoyi-modules-goods@@DEFAULT -> []
10:09:49.709 [main] INFO  o.a.c.h.Http11NioProtocol - [log,173] - Starting ProtocolHandler ["http-nio-9204"]
10:09:49.720 [main] INFO  c.a.n.client.naming - [registerService,112] - [REGISTER-SERVICE] public registering service ruoyi-modules-goods with instance Instance{instanceId='null', ip='192.168.1.105', port=9204, weight=1.0, healthy=true, enabled=true, ephemeral=true, clusterName='DEFAULT', serviceName='null', metadata={preserved.register.source=SPRING_CLOUD}}
10:09:49.725 [main] INFO  c.a.c.n.r.NacosServiceRegistry - [register,75] - nacos registry, DEFAULT_GROUP ruoyi-modules-goods 192.168.1.105:9204 register finished
10:09:50.137 [main] INFO  c.r.g.RuoYiGoodsApplication - [logStarted,61] - Started RuoYiGoodsApplication in 7.352 seconds (JVM running for 8.016)
10:09:50.142 [main] INFO  c.a.n.c.c.i.ClientWorker - [addCacheDataIfAbsent,384] - [config_rpc_client] [subscribe] ruoyi-modules-goods+DEFAULT_GROUP
10:09:50.143 [main] INFO  c.a.n.c.c.i.CacheData - [addListener,173] - [config_rpc_client] [add-listener] ok, tenant=, dataId=ruoyi-modules-goods, group=DEFAULT_GROUP, cnt=1
10:09:50.143 [main] INFO  c.a.n.c.c.i.ClientWorker - [addCacheDataIfAbsent,384] - [config_rpc_client] [subscribe] ruoyi-modules-goods.yml+DEFAULT_GROUP
10:09:50.143 [main] INFO  c.a.n.c.c.i.CacheData - [addListener,173] - [config_rpc_client] [add-listener] ok, tenant=, dataId=ruoyi-modules-goods.yml, group=DEFAULT_GROUP, cnt=1
10:09:50.144 [main] INFO  c.a.n.c.c.i.ClientWorker - [addCacheDataIfAbsent,384] - [config_rpc_client] [subscribe] ruoyi-modules-goods-dev.yml+DEFAULT_GROUP
10:09:50.144 [main] INFO  c.a.n.c.c.i.CacheData - [addListener,173] - [config_rpc_client] [add-listener] ok, tenant=, dataId=ruoyi-modules-goods-dev.yml, group=DEFAULT_GROUP, cnt=1
10:09:50.262 [nacos-grpc-client-executor-7] INFO  c.a.n.c.r.client - [printIfInfoEnabled,60] - [54ddaf45-0c3f-4aa1-a95a-e7ba2a174708]receive server push request,request=NotifySubscriberRequest,requestId=81
10:09:50.264 [nacos-grpc-client-executor-7] INFO  c.a.n.client.naming - [isChangedServiceInfo,181] - init new ips(1) service: DEFAULT_GROUP@@ruoyi-modules-goods -> [{"ip":"192.168.1.105","port":9204,"weight":1.0,"healthy":true,"enabled":true,"ephemeral":true,"clusterName":"DEFAULT","serviceName":"DEFAULT_GROUP@@ruoyi-modules-goods","metadata":{"preserved.register.source":"SPRING_CLOUD"},"ipDeleteTimeout":30000,"instanceHeartBeatInterval":5000,"instanceHeartBeatTimeOut":15000}]
10:09:50.265 [nacos-grpc-client-executor-7] INFO  c.a.n.client.naming - [processServiceInfo,166] - current ips:(1) service: DEFAULT_GROUP@@ruoyi-modules-goods -> [{"ip":"192.168.1.105","port":9204,"weight":1.0,"healthy":true,"enabled":true,"ephemeral":true,"clusterName":"DEFAULT","serviceName":"DEFAULT_GROUP@@ruoyi-modules-goods","metadata":{"preserved.register.source":"SPRING_CLOUD"},"ipDeleteTimeout":30000,"instanceHeartBeatInterval":5000,"instanceHeartBeatTimeOut":15000}]
10:09:50.266 [nacos-grpc-client-executor-7] INFO  c.a.n.c.r.client - [printIfInfoEnabled,60] - [54ddaf45-0c3f-4aa1-a95a-e7ba2a174708]ack server push request,request=NotifySubscriberRequest,requestId=81
10:09:50.691 [com.alibaba.nacos.client.naming.updater.0] INFO  c.a.n.client.naming - [isChangedServiceInfo,235] - new ips(1) service: DEFAULT_GROUP@@ruoyi-modules-goods@@DEFAULT -> [{"ip":"192.168.1.105","port":9204,"weight":1.0,"healthy":true,"enabled":true,"ephemeral":true,"clusterName":"DEFAULT","serviceName":"DEFAULT_GROUP@@ruoyi-modules-goods","metadata":{"preserved.register.source":"SPRING_CLOUD"},"ipDeleteTimeout":30000,"instanceHeartBeatInterval":5000,"instanceHeartBeatTimeOut":15000}]
10:09:50.691 [com.alibaba.nacos.client.naming.updater.0] INFO  c.a.n.client.naming - [processServiceInfo,166] - current ips:(1) service: DEFAULT_GROUP@@ruoyi-modules-goods@@DEFAULT -> [{"ip":"192.168.1.105","port":9204,"weight":1.0,"healthy":true,"enabled":true,"ephemeral":true,"clusterName":"DEFAULT","serviceName":"DEFAULT_GROUP@@ruoyi-modules-goods","metadata":{"preserved.register.source":"SPRING_CLOUD"},"ipDeleteTimeout":30000,"instanceHeartBeatInterval":5000,"instanceHeartBeatTimeOut":15000}]
