18:07:06.051 [background-preinit] INFO  o.h.v.i.util.Version - [<clinit>,21] - HV000001: Hibernate Validator 6.2.0.Final
18:07:06.524 [main] INFO  c.a.n.c.c.i.LocalConfigInfoProcessor - [<clinit>,67] - LOCAL_SNAPSHOT_PATH:C:\Users\Administrator\nacos\config
18:07:06.526 [main] INFO  c.a.n.c.r.client - [lambda$createClient$0,77] - [RpcClientFactory] create a new rpc client of e5b5a1ca-68cc-4e26-bfc7-af990239ce25_config-0
18:07:06.563 [main] INFO  o.r.Reflections - [scan,232] - Reflections took 24 ms to scan 1 urls, producing 3 keys and 6 values 
18:07:06.594 [main] INFO  o.r.Reflections - [scan,232] - Reflections took 19 ms to scan 1 urls, producing 4 keys and 9 values 
18:07:06.606 [main] INFO  o.r.Reflections - [scan,232] - Reflections took 10 ms to scan 1 urls, producing 3 keys and 10 values 
18:07:06.744 [main] INFO  o.r.Reflections - [scan,232] - Reflections took 135 ms to scan 239 urls, producing 0 keys and 0 values 
18:07:06.754 [main] INFO  o.r.Reflections - [scan,232] - Reflections took 9 ms to scan 1 urls, producing 1 keys and 5 values 
18:07:06.767 [main] INFO  o.r.Reflections - [scan,232] - Reflections took 11 ms to scan 1 urls, producing 1 keys and 7 values 
18:07:06.779 [main] INFO  o.r.Reflections - [scan,232] - Reflections took 10 ms to scan 1 urls, producing 2 keys and 8 values 
18:07:06.909 [main] INFO  o.r.Reflections - [scan,232] - Reflections took 128 ms to scan 239 urls, producing 0 keys and 0 values 
18:07:06.910 [main] INFO  c.a.n.c.r.client - [printIfInfoEnabled,60] - [e5b5a1ca-68cc-4e26-bfc7-af990239ce25_config-0]RpcClient init label, labels={module=config, Vipserver-Tag=null, source=sdk, Amory-Tag=null, Location-Tag=null, taskId=0, AppName=unknown}
18:07:06.911 [main] INFO  c.a.n.c.r.client - [printIfInfoEnabled,60] - [e5b5a1ca-68cc-4e26-bfc7-af990239ce25_config-0]Register server push request handler:com.alibaba.nacos.client.config.impl.ClientWorker$ConfigRpcTransportClient$$Lambda$330/1964847681
18:07:06.911 [main] INFO  c.a.n.c.r.client - [printIfInfoEnabled,60] - [e5b5a1ca-68cc-4e26-bfc7-af990239ce25_config-0]Register server push request handler:com.alibaba.nacos.client.config.impl.ClientWorker$ConfigRpcTransportClient$$Lambda$331/1992801971
18:07:06.911 [main] INFO  c.a.n.c.r.client - [printIfInfoEnabled,60] - [e5b5a1ca-68cc-4e26-bfc7-af990239ce25_config-0]Registry connection listener to current client:com.alibaba.nacos.client.config.impl.ClientWorker$ConfigRpcTransportClient$1
18:07:06.912 [main] INFO  c.a.n.c.r.client - [printIfInfoEnabled,60] - [e5b5a1ca-68cc-4e26-bfc7-af990239ce25_config-0]RpcClient init, ServerListFactory =com.alibaba.nacos.client.config.impl.ClientWorker$ConfigRpcTransportClient$2
18:07:06.916 [main] INFO  c.a.n.c.r.client - [printIfInfoEnabled,60] - [e5b5a1ca-68cc-4e26-bfc7-af990239ce25_config-0] Try to connect to server on start up, server: {serverIp='127.0.0.1', server main port=8848}
18:07:07.542 [main] INFO  c.a.n.c.r.client - [printIfInfoEnabled,60] - [e5b5a1ca-68cc-4e26-bfc7-af990239ce25_config-0] Success to connect to server [127.0.0.1:8848] on start up,connectionId=1644487627329_127.0.0.1_57702
18:07:07.542 [com.alibaba.nacos.client.remote.worker] INFO  c.a.n.c.r.client - [printIfInfoEnabled,60] - [e5b5a1ca-68cc-4e26-bfc7-af990239ce25_config-0]Notify connected event to listeners.
18:07:07.542 [com.alibaba.nacos.client.remote.worker] INFO  c.a.n.c.c.i.ClientWorker - [onConnected,681] - [e5b5a1ca-68cc-4e26-bfc7-af990239ce25_config-0] Connected,notify listen context...
18:07:07.542 [main] INFO  c.a.n.c.r.client - [printIfInfoEnabled,60] - [e5b5a1ca-68cc-4e26-bfc7-af990239ce25_config-0]Register server push request handler:com.alibaba.nacos.common.remote.client.RpcClient$ConnectResetRequestHandler
18:07:07.543 [main] INFO  c.a.n.c.r.client - [printIfInfoEnabled,60] - [e5b5a1ca-68cc-4e26-bfc7-af990239ce25_config-0]Register server push request handler:com.alibaba.nacos.common.remote.client.RpcClient$4
18:07:07.568 [main] INFO  c.a.n.c.c.i.Limiter - [<clinit>,56] - limitTime:5.0
18:07:07.578 [main] INFO  c.a.n.c.c.u.JvmUtil - [<clinit>,53] - isMultiInstance:false
18:07:07.595 [main] INFO  c.r.g.RuoYiGoodsApplication - [logStartupProfileInfo,639] - The following profiles are active: dev
18:07:08.825 [main] INFO  i.s.s.b.a.SeataAutoConfiguration - [globalTransactionScanner,65] - Automatically configure Seata
18:07:08.854 [main] INFO  i.s.c.ConfigurationFactory - [<clinit>,65] - load Configuration:FileConfiguration$$EnhancerByCGLIB$$862af1eb
18:07:08.862 [main] INFO  i.s.c.ConfigurationFactory - [buildConfiguration,123] - load Configuration:FileConfiguration$$EnhancerByCGLIB$$862af1eb
18:07:08.903 [main] INFO  i.s.s.a.GlobalTransactionScanner - [initClient,164] - Initializing Global Transaction Clients ... 
18:07:08.949 [main] INFO  i.s.c.r.n.NettyClientBootstrap - [start,147] - NettyClientBootstrap has started
18:07:08.949 [main] INFO  i.s.s.a.GlobalTransactionScanner - [initClient,172] - Transaction Manager Client is initialized. applicationId[ruoyi-modules-goods] txServiceGroup[ruoyi-modules-goods-seata-service-group]
18:07:08.959 [main] INFO  i.s.r.d.AsyncWorker - [init,125] - Async Commit Buffer Limit: 10000
18:07:08.960 [main] INFO  i.s.r.d.x.ResourceManagerXA - [init,40] - ResourceManagerXA init ...
18:07:08.965 [main] INFO  i.s.c.r.n.NettyClientBootstrap - [start,147] - NettyClientBootstrap has started
18:07:08.965 [main] INFO  i.s.s.a.GlobalTransactionScanner - [initClient,177] - Resource Manager is initialized. applicationId[ruoyi-modules-goods] txServiceGroup[ruoyi-modules-goods-seata-service-group]
18:07:08.965 [main] INFO  i.s.s.a.GlobalTransactionScanner - [initClient,181] - Global Transaction Clients are initialized. 
18:07:09.429 [main] INFO  o.a.c.h.Http11NioProtocol - [log,173] - Initializing ProtocolHandler ["http-nio-9202"]
18:07:09.430 [main] INFO  o.a.c.c.StandardService - [log,173] - Starting service [Tomcat]
18:07:09.430 [main] INFO  o.a.c.c.StandardEngine - [log,173] - Starting Servlet engine: [Apache Tomcat/9.0.56]
18:07:09.529 [main] INFO  o.a.c.c.C.[.[.[/] - [log,173] - Initializing Spring embedded WebApplicationContext
18:07:10.587 [main] INFO  c.a.n.client.naming - [initNamespaceForNaming,63] - initializer namespace from System Property : null
18:07:10.588 [main] INFO  c.a.n.client.naming - [call,69] - initializer namespace from System Environment :null
18:07:10.588 [main] INFO  c.a.n.client.naming - [call,79] - initializer namespace from System Property :null
18:07:10.598 [main] INFO  c.a.n.c.r.client - [lambda$createClient$0,77] - [RpcClientFactory] create a new rpc client of ad16510b-f566-44ca-a780-0b603097e150
18:07:10.598 [main] INFO  c.a.n.c.r.client - [printIfInfoEnabled,60] - [ad16510b-f566-44ca-a780-0b603097e150]RpcClient init label, labels={module=naming, source=sdk}
18:07:10.599 [main] INFO  c.a.n.c.r.client - [printIfInfoEnabled,60] - [ad16510b-f566-44ca-a780-0b603097e150]RpcClient init, ServerListFactory =com.alibaba.nacos.client.naming.core.ServerListManager
18:07:10.600 [main] INFO  c.a.n.c.r.client - [printIfInfoEnabled,60] - [ad16510b-f566-44ca-a780-0b603097e150]Registry connection listener to current client:com.alibaba.nacos.client.naming.remote.gprc.redo.NamingGrpcRedoService
18:07:10.600 [main] INFO  c.a.n.c.r.client - [printIfInfoEnabled,60] - [ad16510b-f566-44ca-a780-0b603097e150]Register server push request handler:com.alibaba.nacos.client.naming.remote.gprc.NamingPushRequestHandler
18:07:10.600 [main] INFO  c.a.n.c.r.client - [printIfInfoEnabled,60] - [ad16510b-f566-44ca-a780-0b603097e150] Try to connect to server on start up, server: {serverIp='127.0.0.1', server main port=8848}
18:07:10.709 [main] INFO  c.a.n.c.r.client - [printIfInfoEnabled,60] - [ad16510b-f566-44ca-a780-0b603097e150] Success to connect to server [127.0.0.1:8848] on start up,connectionId=1644487630605_127.0.0.1_57710
18:07:10.709 [com.alibaba.nacos.client.remote.worker] INFO  c.a.n.c.r.client - [printIfInfoEnabled,60] - [ad16510b-f566-44ca-a780-0b603097e150]Notify connected event to listeners.
18:07:10.709 [com.alibaba.nacos.client.remote.worker] INFO  c.a.n.client.naming - [onConnected,76] - Grpc connection connect
18:07:10.709 [main] INFO  c.a.n.c.r.client - [printIfInfoEnabled,60] - [ad16510b-f566-44ca-a780-0b603097e150]Register server push request handler:com.alibaba.nacos.common.remote.client.RpcClient$ConnectResetRequestHandler
18:07:10.709 [main] INFO  c.a.n.c.r.client - [printIfInfoEnabled,60] - [ad16510b-f566-44ca-a780-0b603097e150]Register server push request handler:com.alibaba.nacos.common.remote.client.RpcClient$4
18:07:10.743 [main] INFO  i.s.s.a.d.SeataAutoDataSourceProxyCreator - [getAdvicesAndAdvisorsForBean,45] - Auto proxy of [dataSource]
18:07:11.985 [main] INFO  c.a.n.client.naming - [isChangedServiceInfo,181] - init new ips(0) service: DEFAULT_GROUP@@ruoyi-modules-goods@@DEFAULT -> []
18:07:11.991 [main] INFO  c.a.n.client.naming - [processServiceInfo,166] - current ips:(0) service: DEFAULT_GROUP@@ruoyi-modules-goods@@DEFAULT -> []
18:07:11.995 [main] INFO  o.a.c.h.Http11NioProtocol - [log,173] - Starting ProtocolHandler ["http-nio-9202"]
18:07:12.009 [main] INFO  c.a.n.client.naming - [registerService,112] - [REGISTER-SERVICE] public registering service ruoyi-modules-goods with instance Instance{instanceId='null', ip='192.168.0.154', port=9202, weight=1.0, healthy=true, enabled=true, ephemeral=true, clusterName='DEFAULT', serviceName='null', metadata={preserved.register.source=SPRING_CLOUD}}
18:07:12.014 [main] INFO  c.a.c.n.r.NacosServiceRegistry - [register,75] - nacos registry, DEFAULT_GROUP ruoyi-modules-goods 192.168.0.154:9202 register finished
18:07:12.116 [main] INFO  c.r.g.RuoYiGoodsApplication - [logStarted,61] - Started RuoYiGoodsApplication in 6.585 seconds (JVM running for 7.699)
18:07:12.122 [main] INFO  c.a.n.c.c.i.ClientWorker - [addCacheDataIfAbsent,384] - [config_rpc_client] [subscribe] ruoyi-modules-goods+DEFAULT_GROUP
18:07:12.122 [main] INFO  c.a.n.c.c.i.CacheData - [addListener,173] - [config_rpc_client] [add-listener] ok, tenant=, dataId=ruoyi-modules-goods, group=DEFAULT_GROUP, cnt=1
18:07:12.123 [main] INFO  c.a.n.c.c.i.ClientWorker - [addCacheDataIfAbsent,384] - [config_rpc_client] [subscribe] ruoyi-modules-goods.yml+DEFAULT_GROUP
18:07:12.123 [main] INFO  c.a.n.c.c.i.CacheData - [addListener,173] - [config_rpc_client] [add-listener] ok, tenant=, dataId=ruoyi-modules-goods.yml, group=DEFAULT_GROUP, cnt=1
18:07:12.123 [main] INFO  c.a.n.c.c.i.ClientWorker - [addCacheDataIfAbsent,384] - [config_rpc_client] [subscribe] ruoyi-modules-goods-dev.yml+DEFAULT_GROUP
18:07:12.123 [main] INFO  c.a.n.c.c.i.CacheData - [addListener,173] - [config_rpc_client] [add-listener] ok, tenant=, dataId=ruoyi-modules-goods-dev.yml, group=DEFAULT_GROUP, cnt=1
18:07:12.538 [nacos-grpc-client-executor-6] INFO  c.a.n.c.r.client - [printIfInfoEnabled,60] - [ad16510b-f566-44ca-a780-0b603097e150]receive server push request,request=NotifySubscriberRequest,requestId=55
18:07:12.540 [nacos-grpc-client-executor-6] INFO  c.a.n.client.naming - [isChangedServiceInfo,181] - init new ips(1) service: DEFAULT_GROUP@@ruoyi-modules-goods -> [{"ip":"192.168.0.154","port":9202,"weight":1.0,"healthy":true,"enabled":true,"ephemeral":true,"clusterName":"DEFAULT","serviceName":"DEFAULT_GROUP@@ruoyi-modules-goods","metadata":{"preserved.register.source":"SPRING_CLOUD"},"ipDeleteTimeout":30000,"instanceHeartBeatInterval":5000,"instanceHeartBeatTimeOut":15000}]
18:07:12.540 [nacos-grpc-client-executor-6] INFO  c.a.n.client.naming - [processServiceInfo,166] - current ips:(1) service: DEFAULT_GROUP@@ruoyi-modules-goods -> [{"ip":"192.168.0.154","port":9202,"weight":1.0,"healthy":true,"enabled":true,"ephemeral":true,"clusterName":"DEFAULT","serviceName":"DEFAULT_GROUP@@ruoyi-modules-goods","metadata":{"preserved.register.source":"SPRING_CLOUD"},"ipDeleteTimeout":30000,"instanceHeartBeatInterval":5000,"instanceHeartBeatTimeOut":15000}]
18:07:12.541 [nacos-grpc-client-executor-6] INFO  c.a.n.c.r.client - [printIfInfoEnabled,60] - [ad16510b-f566-44ca-a780-0b603097e150]ack server push request,request=NotifySubscriberRequest,requestId=55
18:07:12.977 [com.alibaba.nacos.client.naming.updater.0] INFO  c.a.n.client.naming - [isChangedServiceInfo,235] - new ips(1) service: DEFAULT_GROUP@@ruoyi-modules-goods@@DEFAULT -> [{"ip":"192.168.0.154","port":9202,"weight":1.0,"healthy":true,"enabled":true,"ephemeral":true,"clusterName":"DEFAULT","serviceName":"DEFAULT_GROUP@@ruoyi-modules-goods","metadata":{"preserved.register.source":"SPRING_CLOUD"},"ipDeleteTimeout":30000,"instanceHeartBeatInterval":5000,"instanceHeartBeatTimeOut":15000}]
18:07:12.978 [com.alibaba.nacos.client.naming.updater.0] INFO  c.a.n.client.naming - [processServiceInfo,166] - current ips:(1) service: DEFAULT_GROUP@@ruoyi-modules-goods@@DEFAULT -> [{"ip":"192.168.0.154","port":9202,"weight":1.0,"healthy":true,"enabled":true,"ephemeral":true,"clusterName":"DEFAULT","serviceName":"DEFAULT_GROUP@@ruoyi-modules-goods","metadata":{"preserved.register.source":"SPRING_CLOUD"},"ipDeleteTimeout":30000,"instanceHeartBeatInterval":5000,"instanceHeartBeatTimeOut":15000}]
