08:58:31.410 [background-preinit] INFO  o.h.v.i.util.Version - [<clinit>,21] - HV000001: Hibernate Validator 6.2.0.Final
08:58:31.850 [main] INFO  c.a.n.c.c.i.LocalConfigInfoProcessor - [<clinit>,67] - LOCAL_SNAPSHOT_PATH:C:\Users\Administrator\nacos\config
08:58:31.852 [main] INFO  c.a.n.c.r.client - [lambda$createClient$0,77] - [RpcClientFactory] create a new rpc client of d84bb9b6-eb1c-49e2-bb22-b363208e5024_config-0
08:58:31.885 [main] INFO  o.r.Reflections - [scan,232] - Reflections took 21 ms to scan 1 urls, producing 3 keys and 6 values 
08:58:31.906 [main] INFO  o.r.Reflections - [scan,232] - Reflections took 12 ms to scan 1 urls, producing 4 keys and 9 values 
08:58:31.918 [main] INFO  o.r.Reflections - [scan,232] - Reflections took 10 ms to scan 1 urls, producing 3 keys and 10 values 
08:58:32.073 [main] INFO  o.r.Reflections - [scan,232] - Reflections took 152 ms to scan 239 urls, producing 0 keys and 0 values 
08:58:32.084 [main] INFO  o.r.Reflections - [scan,232] - Reflections took 11 ms to scan 1 urls, producing 1 keys and 5 values 
08:58:32.098 [main] INFO  o.r.Reflections - [scan,232] - Reflections took 13 ms to scan 1 urls, producing 1 keys and 7 values 
08:58:32.109 [main] INFO  o.r.Reflections - [scan,232] - Reflections took 9 ms to scan 1 urls, producing 2 keys and 8 values 
08:58:32.233 [main] INFO  o.r.Reflections - [scan,232] - Reflections took 122 ms to scan 239 urls, producing 0 keys and 0 values 
08:58:32.234 [main] INFO  c.a.n.c.r.client - [printIfInfoEnabled,60] - [d84bb9b6-eb1c-49e2-bb22-b363208e5024_config-0]RpcClient init label, labels={module=config, Vipserver-Tag=null, source=sdk, Amory-Tag=null, Location-Tag=null, taskId=0, AppName=unknown}
08:58:32.235 [main] INFO  c.a.n.c.r.client - [printIfInfoEnabled,60] - [d84bb9b6-eb1c-49e2-bb22-b363208e5024_config-0]Register server push request handler:com.alibaba.nacos.client.config.impl.ClientWorker$ConfigRpcTransportClient$$Lambda$330/1681094402
08:58:32.235 [main] INFO  c.a.n.c.r.client - [printIfInfoEnabled,60] - [d84bb9b6-eb1c-49e2-bb22-b363208e5024_config-0]Register server push request handler:com.alibaba.nacos.client.config.impl.ClientWorker$ConfigRpcTransportClient$$Lambda$331/754527431
08:58:32.235 [main] INFO  c.a.n.c.r.client - [printIfInfoEnabled,60] - [d84bb9b6-eb1c-49e2-bb22-b363208e5024_config-0]Registry connection listener to current client:com.alibaba.nacos.client.config.impl.ClientWorker$ConfigRpcTransportClient$1
08:58:32.236 [main] INFO  c.a.n.c.r.client - [printIfInfoEnabled,60] - [d84bb9b6-eb1c-49e2-bb22-b363208e5024_config-0]RpcClient init, ServerListFactory =com.alibaba.nacos.client.config.impl.ClientWorker$ConfigRpcTransportClient$2
08:58:32.241 [main] INFO  c.a.n.c.r.client - [printIfInfoEnabled,60] - [d84bb9b6-eb1c-49e2-bb22-b363208e5024_config-0] Try to connect to server on start up, server: {serverIp='127.0.0.1', server main port=8848}
08:58:32.880 [main] INFO  c.a.n.c.r.client - [printIfInfoEnabled,60] - [d84bb9b6-eb1c-49e2-bb22-b363208e5024_config-0] Success to connect to server [127.0.0.1:8848] on start up,connectionId=1644800312670_127.0.0.1_51362
08:58:32.880 [com.alibaba.nacos.client.remote.worker] INFO  c.a.n.c.r.client - [printIfInfoEnabled,60] - [d84bb9b6-eb1c-49e2-bb22-b363208e5024_config-0]Notify connected event to listeners.
08:58:32.880 [main] INFO  c.a.n.c.r.client - [printIfInfoEnabled,60] - [d84bb9b6-eb1c-49e2-bb22-b363208e5024_config-0]Register server push request handler:com.alibaba.nacos.common.remote.client.RpcClient$ConnectResetRequestHandler
08:58:32.880 [com.alibaba.nacos.client.remote.worker] INFO  c.a.n.c.c.i.ClientWorker - [onConnected,681] - [d84bb9b6-eb1c-49e2-bb22-b363208e5024_config-0] Connected,notify listen context...
08:58:32.881 [main] INFO  c.a.n.c.r.client - [printIfInfoEnabled,60] - [d84bb9b6-eb1c-49e2-bb22-b363208e5024_config-0]Register server push request handler:com.alibaba.nacos.common.remote.client.RpcClient$4
08:58:32.907 [main] INFO  c.a.n.c.c.i.Limiter - [<clinit>,56] - limitTime:5.0
08:58:32.918 [main] INFO  c.a.n.c.c.u.JvmUtil - [<clinit>,53] - isMultiInstance:false
08:58:32.944 [main] INFO  c.r.g.RuoYiGoodsApplication - [logStartupProfileInfo,639] - The following profiles are active: dev
08:58:34.606 [main] INFO  o.a.c.h.Http11NioProtocol - [log,173] - Initializing ProtocolHandler ["http-nio-9204"]
08:58:34.606 [main] INFO  o.a.c.c.StandardService - [log,173] - Starting service [Tomcat]
08:58:34.606 [main] INFO  o.a.c.c.StandardEngine - [log,173] - Starting Servlet engine: [Apache Tomcat/9.0.56]
08:58:34.707 [main] INFO  o.a.c.c.C.[.[.[/] - [log,173] - Initializing Spring embedded WebApplicationContext
08:58:35.441 [main] INFO  c.a.d.p.DruidDataSource - [init,998] - {dataSource-1,master} inited
08:58:35.442 [main] INFO  c.b.d.d.DynamicRoutingDataSource - [addDataSource,148] - dynamic-datasource - add a datasource named [master] success
08:58:35.442 [main] INFO  c.b.d.d.DynamicRoutingDataSource - [afterPropertiesSet,228] - dynamic-datasource initial loaded [1] datasource,primary datasource named [master]
08:58:36.476 [main] INFO  c.a.n.client.naming - [initNamespaceForNaming,63] - initializer namespace from System Property : null
08:58:36.477 [main] INFO  c.a.n.client.naming - [call,69] - initializer namespace from System Environment :null
08:58:36.477 [main] INFO  c.a.n.client.naming - [call,79] - initializer namespace from System Property :null
08:58:36.487 [main] INFO  c.a.n.c.r.client - [lambda$createClient$0,77] - [RpcClientFactory] create a new rpc client of bda86ad9-9696-4451-a8d9-cbb22e50386e
08:58:36.487 [main] INFO  c.a.n.c.r.client - [printIfInfoEnabled,60] - [bda86ad9-9696-4451-a8d9-cbb22e50386e]RpcClient init label, labels={module=naming, source=sdk}
08:58:36.488 [main] INFO  c.a.n.c.r.client - [printIfInfoEnabled,60] - [bda86ad9-9696-4451-a8d9-cbb22e50386e]RpcClient init, ServerListFactory =com.alibaba.nacos.client.naming.core.ServerListManager
08:58:36.488 [main] INFO  c.a.n.c.r.client - [printIfInfoEnabled,60] - [bda86ad9-9696-4451-a8d9-cbb22e50386e]Registry connection listener to current client:com.alibaba.nacos.client.naming.remote.gprc.redo.NamingGrpcRedoService
08:58:36.489 [main] INFO  c.a.n.c.r.client - [printIfInfoEnabled,60] - [bda86ad9-9696-4451-a8d9-cbb22e50386e]Register server push request handler:com.alibaba.nacos.client.naming.remote.gprc.NamingPushRequestHandler
08:58:36.489 [main] INFO  c.a.n.c.r.client - [printIfInfoEnabled,60] - [bda86ad9-9696-4451-a8d9-cbb22e50386e] Try to connect to server on start up, server: {serverIp='127.0.0.1', server main port=8848}
08:58:36.598 [main] INFO  c.a.n.c.r.client - [printIfInfoEnabled,60] - [bda86ad9-9696-4451-a8d9-cbb22e50386e] Success to connect to server [127.0.0.1:8848] on start up,connectionId=1644800316495_127.0.0.1_51371
08:58:36.598 [com.alibaba.nacos.client.remote.worker] INFO  c.a.n.c.r.client - [printIfInfoEnabled,60] - [bda86ad9-9696-4451-a8d9-cbb22e50386e]Notify connected event to listeners.
08:58:36.598 [main] INFO  c.a.n.c.r.client - [printIfInfoEnabled,60] - [bda86ad9-9696-4451-a8d9-cbb22e50386e]Register server push request handler:com.alibaba.nacos.common.remote.client.RpcClient$ConnectResetRequestHandler
08:58:36.598 [com.alibaba.nacos.client.remote.worker] INFO  c.a.n.client.naming - [onConnected,76] - Grpc connection connect
08:58:36.598 [main] INFO  c.a.n.c.r.client - [printIfInfoEnabled,60] - [bda86ad9-9696-4451-a8d9-cbb22e50386e]Register server push request handler:com.alibaba.nacos.common.remote.client.RpcClient$4
08:58:37.768 [main] INFO  c.a.n.client.naming - [isChangedServiceInfo,181] - init new ips(0) service: DEFAULT_GROUP@@ruoyi-modules-goods@@DEFAULT -> []
08:58:37.774 [main] INFO  c.a.n.client.naming - [processServiceInfo,166] - current ips:(0) service: DEFAULT_GROUP@@ruoyi-modules-goods@@DEFAULT -> []
08:58:37.778 [main] INFO  o.a.c.h.Http11NioProtocol - [log,173] - Starting ProtocolHandler ["http-nio-9204"]
08:58:37.790 [main] INFO  c.a.n.client.naming - [registerService,112] - [REGISTER-SERVICE] public registering service ruoyi-modules-goods with instance Instance{instanceId='null', ip='192.168.1.105', port=9204, weight=1.0, healthy=true, enabled=true, ephemeral=true, clusterName='DEFAULT', serviceName='null', metadata={preserved.register.source=SPRING_CLOUD}}
08:58:37.795 [main] INFO  c.a.c.n.r.NacosServiceRegistry - [register,75] - nacos registry, DEFAULT_GROUP ruoyi-modules-goods 192.168.1.105:9204 register finished
08:58:38.152 [main] INFO  c.r.g.RuoYiGoodsApplication - [logStarted,61] - Started RuoYiGoodsApplication in 7.182 seconds (JVM running for 7.874)
08:58:38.158 [main] INFO  c.a.n.c.c.i.ClientWorker - [addCacheDataIfAbsent,384] - [config_rpc_client] [subscribe] ruoyi-modules-goods+DEFAULT_GROUP
08:58:38.158 [main] INFO  c.a.n.c.c.i.CacheData - [addListener,173] - [config_rpc_client] [add-listener] ok, tenant=, dataId=ruoyi-modules-goods, group=DEFAULT_GROUP, cnt=1
08:58:38.158 [main] INFO  c.a.n.c.c.i.ClientWorker - [addCacheDataIfAbsent,384] - [config_rpc_client] [subscribe] ruoyi-modules-goods.yml+DEFAULT_GROUP
08:58:38.159 [main] INFO  c.a.n.c.c.i.CacheData - [addListener,173] - [config_rpc_client] [add-listener] ok, tenant=, dataId=ruoyi-modules-goods.yml, group=DEFAULT_GROUP, cnt=1
08:58:38.159 [main] INFO  c.a.n.c.c.i.ClientWorker - [addCacheDataIfAbsent,384] - [config_rpc_client] [subscribe] ruoyi-modules-goods-dev.yml+DEFAULT_GROUP
08:58:38.159 [main] INFO  c.a.n.c.c.i.CacheData - [addListener,173] - [config_rpc_client] [add-listener] ok, tenant=, dataId=ruoyi-modules-goods-dev.yml, group=DEFAULT_GROUP, cnt=1
08:58:38.356 [nacos-grpc-client-executor-9] INFO  c.a.n.c.r.client - [printIfInfoEnabled,60] - [bda86ad9-9696-4451-a8d9-cbb22e50386e]receive server push request,request=NotifySubscriberRequest,requestId=8
08:58:38.358 [nacos-grpc-client-executor-9] INFO  c.a.n.client.naming - [isChangedServiceInfo,181] - init new ips(1) service: DEFAULT_GROUP@@ruoyi-modules-goods -> [{"ip":"192.168.1.105","port":9204,"weight":1.0,"healthy":true,"enabled":true,"ephemeral":true,"clusterName":"DEFAULT","serviceName":"DEFAULT_GROUP@@ruoyi-modules-goods","metadata":{"preserved.register.source":"SPRING_CLOUD"},"instanceHeartBeatTimeOut":15000,"ipDeleteTimeout":30000,"instanceHeartBeatInterval":5000}]
08:58:38.358 [nacos-grpc-client-executor-9] INFO  c.a.n.client.naming - [processServiceInfo,166] - current ips:(1) service: DEFAULT_GROUP@@ruoyi-modules-goods -> [{"ip":"192.168.1.105","port":9204,"weight":1.0,"healthy":true,"enabled":true,"ephemeral":true,"clusterName":"DEFAULT","serviceName":"DEFAULT_GROUP@@ruoyi-modules-goods","metadata":{"preserved.register.source":"SPRING_CLOUD"},"instanceHeartBeatTimeOut":15000,"ipDeleteTimeout":30000,"instanceHeartBeatInterval":5000}]
08:58:38.359 [nacos-grpc-client-executor-9] INFO  c.a.n.c.r.client - [printIfInfoEnabled,60] - [bda86ad9-9696-4451-a8d9-cbb22e50386e]ack server push request,request=NotifySubscriberRequest,requestId=8
08:58:38.762 [com.alibaba.nacos.client.naming.updater.0] INFO  c.a.n.client.naming - [isChangedServiceInfo,235] - new ips(1) service: DEFAULT_GROUP@@ruoyi-modules-goods@@DEFAULT -> [{"ip":"192.168.1.105","port":9204,"weight":1.0,"healthy":true,"enabled":true,"ephemeral":true,"clusterName":"DEFAULT","serviceName":"DEFAULT_GROUP@@ruoyi-modules-goods","metadata":{"preserved.register.source":"SPRING_CLOUD"},"instanceHeartBeatTimeOut":15000,"ipDeleteTimeout":30000,"instanceHeartBeatInterval":5000}]
08:58:38.763 [com.alibaba.nacos.client.naming.updater.0] INFO  c.a.n.client.naming - [processServiceInfo,166] - current ips:(1) service: DEFAULT_GROUP@@ruoyi-modules-goods@@DEFAULT -> [{"ip":"192.168.1.105","port":9204,"weight":1.0,"healthy":true,"enabled":true,"ephemeral":true,"clusterName":"DEFAULT","serviceName":"DEFAULT_GROUP@@ruoyi-modules-goods","metadata":{"preserved.register.source":"SPRING_CLOUD"},"instanceHeartBeatTimeOut":15000,"ipDeleteTimeout":30000,"instanceHeartBeatInterval":5000}]
09:04:06.225 [http-nio-9204-exec-1] INFO  o.a.c.c.C.[.[.[/] - [log,173] - Initializing Spring DispatcherServlet 'dispatcherServlet'
09:26:19.746 [background-preinit] INFO  o.h.v.i.util.Version - [<clinit>,21] - HV000001: Hibernate Validator 6.2.0.Final
09:26:20.187 [main] INFO  c.a.n.c.c.i.LocalConfigInfoProcessor - [<clinit>,67] - LOCAL_SNAPSHOT_PATH:C:\Users\Administrator\nacos\config
09:26:20.189 [main] INFO  c.a.n.c.r.client - [lambda$createClient$0,77] - [RpcClientFactory] create a new rpc client of 371d6891-08f2-40c5-b2c2-58f6486b2af8_config-0
09:26:20.221 [main] INFO  o.r.Reflections - [scan,232] - Reflections took 20 ms to scan 1 urls, producing 3 keys and 6 values 
09:26:20.241 [main] INFO  o.r.Reflections - [scan,232] - Reflections took 11 ms to scan 1 urls, producing 4 keys and 9 values 
09:26:20.253 [main] INFO  o.r.Reflections - [scan,232] - Reflections took 10 ms to scan 1 urls, producing 3 keys and 10 values 
09:26:20.402 [main] INFO  o.r.Reflections - [scan,232] - Reflections took 146 ms to scan 239 urls, producing 0 keys and 0 values 
09:26:20.412 [main] INFO  o.r.Reflections - [scan,232] - Reflections took 9 ms to scan 1 urls, producing 1 keys and 5 values 
09:26:20.424 [main] INFO  o.r.Reflections - [scan,232] - Reflections took 11 ms to scan 1 urls, producing 1 keys and 7 values 
09:26:20.437 [main] INFO  o.r.Reflections - [scan,232] - Reflections took 11 ms to scan 1 urls, producing 2 keys and 8 values 
09:26:20.559 [main] INFO  o.r.Reflections - [scan,232] - Reflections took 121 ms to scan 239 urls, producing 0 keys and 0 values 
09:26:20.560 [main] INFO  c.a.n.c.r.client - [printIfInfoEnabled,60] - [371d6891-08f2-40c5-b2c2-58f6486b2af8_config-0]RpcClient init label, labels={module=config, Vipserver-Tag=null, source=sdk, Amory-Tag=null, Location-Tag=null, taskId=0, AppName=unknown}
09:26:20.560 [main] INFO  c.a.n.c.r.client - [printIfInfoEnabled,60] - [371d6891-08f2-40c5-b2c2-58f6486b2af8_config-0]Register server push request handler:com.alibaba.nacos.client.config.impl.ClientWorker$ConfigRpcTransportClient$$Lambda$330/820677667
09:26:20.561 [main] INFO  c.a.n.c.r.client - [printIfInfoEnabled,60] - [371d6891-08f2-40c5-b2c2-58f6486b2af8_config-0]Register server push request handler:com.alibaba.nacos.client.config.impl.ClientWorker$ConfigRpcTransportClient$$Lambda$331/2064883371
09:26:20.562 [main] INFO  c.a.n.c.r.client - [printIfInfoEnabled,60] - [371d6891-08f2-40c5-b2c2-58f6486b2af8_config-0]Registry connection listener to current client:com.alibaba.nacos.client.config.impl.ClientWorker$ConfigRpcTransportClient$1
09:26:20.562 [main] INFO  c.a.n.c.r.client - [printIfInfoEnabled,60] - [371d6891-08f2-40c5-b2c2-58f6486b2af8_config-0]RpcClient init, ServerListFactory =com.alibaba.nacos.client.config.impl.ClientWorker$ConfigRpcTransportClient$2
09:26:20.567 [main] INFO  c.a.n.c.r.client - [printIfInfoEnabled,60] - [371d6891-08f2-40c5-b2c2-58f6486b2af8_config-0] Try to connect to server on start up, server: {serverIp='127.0.0.1', server main port=8848}
09:26:21.202 [main] INFO  c.a.n.c.r.client - [printIfInfoEnabled,60] - [371d6891-08f2-40c5-b2c2-58f6486b2af8_config-0] Success to connect to server [127.0.0.1:8848] on start up,connectionId=1644801980997_127.0.0.1_52191
09:26:21.202 [com.alibaba.nacos.client.remote.worker] INFO  c.a.n.c.r.client - [printIfInfoEnabled,60] - [371d6891-08f2-40c5-b2c2-58f6486b2af8_config-0]Notify connected event to listeners.
09:26:21.202 [main] INFO  c.a.n.c.r.client - [printIfInfoEnabled,60] - [371d6891-08f2-40c5-b2c2-58f6486b2af8_config-0]Register server push request handler:com.alibaba.nacos.common.remote.client.RpcClient$ConnectResetRequestHandler
09:26:21.202 [com.alibaba.nacos.client.remote.worker] INFO  c.a.n.c.c.i.ClientWorker - [onConnected,681] - [371d6891-08f2-40c5-b2c2-58f6486b2af8_config-0] Connected,notify listen context...
09:26:21.203 [main] INFO  c.a.n.c.r.client - [printIfInfoEnabled,60] - [371d6891-08f2-40c5-b2c2-58f6486b2af8_config-0]Register server push request handler:com.alibaba.nacos.common.remote.client.RpcClient$4
09:26:21.228 [main] INFO  c.a.n.c.c.i.Limiter - [<clinit>,56] - limitTime:5.0
09:26:21.239 [main] INFO  c.a.n.c.c.u.JvmUtil - [<clinit>,53] - isMultiInstance:false
09:26:21.261 [main] INFO  c.r.g.RuoYiGoodsApplication - [logStartupProfileInfo,639] - The following profiles are active: dev
09:26:22.928 [main] INFO  o.a.c.h.Http11NioProtocol - [log,173] - Initializing ProtocolHandler ["http-nio-9204"]
09:26:22.929 [main] INFO  o.a.c.c.StandardService - [log,173] - Starting service [Tomcat]
09:26:22.929 [main] INFO  o.a.c.c.StandardEngine - [log,173] - Starting Servlet engine: [Apache Tomcat/9.0.56]
09:26:23.031 [main] INFO  o.a.c.c.C.[.[.[/] - [log,173] - Initializing Spring embedded WebApplicationContext
09:26:23.779 [main] INFO  c.a.d.p.DruidDataSource - [init,998] - {dataSource-1,master} inited
09:26:23.780 [main] INFO  c.b.d.d.DynamicRoutingDataSource - [addDataSource,148] - dynamic-datasource - add a datasource named [master] success
09:26:23.780 [main] INFO  c.b.d.d.DynamicRoutingDataSource - [afterPropertiesSet,228] - dynamic-datasource initial loaded [1] datasource,primary datasource named [master]
09:26:24.838 [main] INFO  c.a.n.client.naming - [initNamespaceForNaming,63] - initializer namespace from System Property : null
09:26:24.839 [main] INFO  c.a.n.client.naming - [call,69] - initializer namespace from System Environment :null
09:26:24.839 [main] INFO  c.a.n.client.naming - [call,79] - initializer namespace from System Property :null
09:26:24.850 [main] INFO  c.a.n.c.r.client - [lambda$createClient$0,77] - [RpcClientFactory] create a new rpc client of aa303074-3d08-4db4-b6d3-ddaf851ebdf2
09:26:24.850 [main] INFO  c.a.n.c.r.client - [printIfInfoEnabled,60] - [aa303074-3d08-4db4-b6d3-ddaf851ebdf2]RpcClient init label, labels={module=naming, source=sdk}
09:26:24.851 [main] INFO  c.a.n.c.r.client - [printIfInfoEnabled,60] - [aa303074-3d08-4db4-b6d3-ddaf851ebdf2]RpcClient init, ServerListFactory =com.alibaba.nacos.client.naming.core.ServerListManager
09:26:24.851 [main] INFO  c.a.n.c.r.client - [printIfInfoEnabled,60] - [aa303074-3d08-4db4-b6d3-ddaf851ebdf2]Registry connection listener to current client:com.alibaba.nacos.client.naming.remote.gprc.redo.NamingGrpcRedoService
09:26:24.852 [main] INFO  c.a.n.c.r.client - [printIfInfoEnabled,60] - [aa303074-3d08-4db4-b6d3-ddaf851ebdf2]Register server push request handler:com.alibaba.nacos.client.naming.remote.gprc.NamingPushRequestHandler
09:26:24.852 [main] INFO  c.a.n.c.r.client - [printIfInfoEnabled,60] - [aa303074-3d08-4db4-b6d3-ddaf851ebdf2] Try to connect to server on start up, server: {serverIp='127.0.0.1', server main port=8848}
09:26:24.963 [main] INFO  c.a.n.c.r.client - [printIfInfoEnabled,60] - [aa303074-3d08-4db4-b6d3-ddaf851ebdf2] Success to connect to server [127.0.0.1:8848] on start up,connectionId=1644801984859_127.0.0.1_52200
09:26:24.963 [com.alibaba.nacos.client.remote.worker] INFO  c.a.n.c.r.client - [printIfInfoEnabled,60] - [aa303074-3d08-4db4-b6d3-ddaf851ebdf2]Notify connected event to listeners.
09:26:24.963 [com.alibaba.nacos.client.remote.worker] INFO  c.a.n.client.naming - [onConnected,76] - Grpc connection connect
09:26:24.963 [main] INFO  c.a.n.c.r.client - [printIfInfoEnabled,60] - [aa303074-3d08-4db4-b6d3-ddaf851ebdf2]Register server push request handler:com.alibaba.nacos.common.remote.client.RpcClient$ConnectResetRequestHandler
09:26:24.963 [main] INFO  c.a.n.c.r.client - [printIfInfoEnabled,60] - [aa303074-3d08-4db4-b6d3-ddaf851ebdf2]Register server push request handler:com.alibaba.nacos.common.remote.client.RpcClient$4
09:26:26.139 [main] INFO  c.a.n.client.naming - [isChangedServiceInfo,181] - init new ips(0) service: DEFAULT_GROUP@@ruoyi-modules-goods@@DEFAULT -> []
09:26:26.146 [main] INFO  c.a.n.client.naming - [processServiceInfo,166] - current ips:(0) service: DEFAULT_GROUP@@ruoyi-modules-goods@@DEFAULT -> []
09:26:26.150 [main] INFO  o.a.c.h.Http11NioProtocol - [log,173] - Starting ProtocolHandler ["http-nio-9204"]
09:26:26.163 [main] INFO  c.a.n.client.naming - [registerService,112] - [REGISTER-SERVICE] public registering service ruoyi-modules-goods with instance Instance{instanceId='null', ip='192.168.1.105', port=9204, weight=1.0, healthy=true, enabled=true, ephemeral=true, clusterName='DEFAULT', serviceName='null', metadata={preserved.register.source=SPRING_CLOUD}}
09:26:26.168 [main] INFO  c.a.c.n.r.NacosServiceRegistry - [register,75] - nacos registry, DEFAULT_GROUP ruoyi-modules-goods 192.168.1.105:9204 register finished
09:26:26.539 [main] INFO  c.r.g.RuoYiGoodsApplication - [logStarted,61] - Started RuoYiGoodsApplication in 7.216 seconds (JVM running for 7.924)
09:26:26.544 [main] INFO  c.a.n.c.c.i.ClientWorker - [addCacheDataIfAbsent,384] - [config_rpc_client] [subscribe] ruoyi-modules-goods+DEFAULT_GROUP
09:26:26.545 [main] INFO  c.a.n.c.c.i.CacheData - [addListener,173] - [config_rpc_client] [add-listener] ok, tenant=, dataId=ruoyi-modules-goods, group=DEFAULT_GROUP, cnt=1
09:26:26.545 [main] INFO  c.a.n.c.c.i.ClientWorker - [addCacheDataIfAbsent,384] - [config_rpc_client] [subscribe] ruoyi-modules-goods.yml+DEFAULT_GROUP
09:26:26.545 [main] INFO  c.a.n.c.c.i.CacheData - [addListener,173] - [config_rpc_client] [add-listener] ok, tenant=, dataId=ruoyi-modules-goods.yml, group=DEFAULT_GROUP, cnt=1
09:26:26.546 [main] INFO  c.a.n.c.c.i.ClientWorker - [addCacheDataIfAbsent,384] - [config_rpc_client] [subscribe] ruoyi-modules-goods-dev.yml+DEFAULT_GROUP
09:26:26.546 [main] INFO  c.a.n.c.c.i.CacheData - [addListener,173] - [config_rpc_client] [add-listener] ok, tenant=, dataId=ruoyi-modules-goods-dev.yml, group=DEFAULT_GROUP, cnt=1
09:26:26.696 [nacos-grpc-client-executor-7] INFO  c.a.n.c.r.client - [printIfInfoEnabled,60] - [aa303074-3d08-4db4-b6d3-ddaf851ebdf2]receive server push request,request=NotifySubscriberRequest,requestId=15
09:26:26.698 [nacos-grpc-client-executor-7] INFO  c.a.n.client.naming - [isChangedServiceInfo,181] - init new ips(1) service: DEFAULT_GROUP@@ruoyi-modules-goods -> [{"ip":"192.168.1.105","port":9204,"weight":1.0,"healthy":true,"enabled":true,"ephemeral":true,"clusterName":"DEFAULT","serviceName":"DEFAULT_GROUP@@ruoyi-modules-goods","metadata":{"preserved.register.source":"SPRING_CLOUD"},"instanceHeartBeatInterval":5000,"ipDeleteTimeout":30000,"instanceHeartBeatTimeOut":15000}]
09:26:26.698 [nacos-grpc-client-executor-7] INFO  c.a.n.client.naming - [processServiceInfo,166] - current ips:(1) service: DEFAULT_GROUP@@ruoyi-modules-goods -> [{"ip":"192.168.1.105","port":9204,"weight":1.0,"healthy":true,"enabled":true,"ephemeral":true,"clusterName":"DEFAULT","serviceName":"DEFAULT_GROUP@@ruoyi-modules-goods","metadata":{"preserved.register.source":"SPRING_CLOUD"},"instanceHeartBeatInterval":5000,"ipDeleteTimeout":30000,"instanceHeartBeatTimeOut":15000}]
09:26:26.699 [nacos-grpc-client-executor-7] INFO  c.a.n.c.r.client - [printIfInfoEnabled,60] - [aa303074-3d08-4db4-b6d3-ddaf851ebdf2]ack server push request,request=NotifySubscriberRequest,requestId=15
09:26:27.132 [com.alibaba.nacos.client.naming.updater.0] INFO  c.a.n.client.naming - [isChangedServiceInfo,235] - new ips(1) service: DEFAULT_GROUP@@ruoyi-modules-goods@@DEFAULT -> [{"ip":"192.168.1.105","port":9204,"weight":1.0,"healthy":true,"enabled":true,"ephemeral":true,"clusterName":"DEFAULT","serviceName":"DEFAULT_GROUP@@ruoyi-modules-goods","metadata":{"preserved.register.source":"SPRING_CLOUD"},"instanceHeartBeatInterval":5000,"ipDeleteTimeout":30000,"instanceHeartBeatTimeOut":15000}]
09:26:27.132 [com.alibaba.nacos.client.naming.updater.0] INFO  c.a.n.client.naming - [processServiceInfo,166] - current ips:(1) service: DEFAULT_GROUP@@ruoyi-modules-goods@@DEFAULT -> [{"ip":"192.168.1.105","port":9204,"weight":1.0,"healthy":true,"enabled":true,"ephemeral":true,"clusterName":"DEFAULT","serviceName":"DEFAULT_GROUP@@ruoyi-modules-goods","metadata":{"preserved.register.source":"SPRING_CLOUD"},"instanceHeartBeatInterval":5000,"ipDeleteTimeout":30000,"instanceHeartBeatTimeOut":15000}]
09:26:50.227 [http-nio-9204-exec-1] INFO  o.a.c.c.C.[.[.[/] - [log,173] - Initializing Spring DispatcherServlet 'dispatcherServlet'
13:42:16.898 [background-preinit] INFO  o.h.v.i.util.Version - [<clinit>,21] - HV000001: Hibernate Validator 6.2.0.Final
13:42:17.340 [main] INFO  c.a.n.c.c.i.LocalConfigInfoProcessor - [<clinit>,67] - LOCAL_SNAPSHOT_PATH:C:\Users\Administrator\nacos\config
13:42:17.342 [main] INFO  c.a.n.c.r.client - [lambda$createClient$0,77] - [RpcClientFactory] create a new rpc client of b7535a6b-6241-449a-9d70-b0f43cf94266_config-0
13:42:17.375 [main] INFO  o.r.Reflections - [scan,232] - Reflections took 21 ms to scan 1 urls, producing 3 keys and 6 values 
13:42:17.397 [main] INFO  o.r.Reflections - [scan,232] - Reflections took 11 ms to scan 1 urls, producing 4 keys and 9 values 
13:42:17.409 [main] INFO  o.r.Reflections - [scan,232] - Reflections took 11 ms to scan 1 urls, producing 3 keys and 10 values 
13:42:17.564 [main] INFO  o.r.Reflections - [scan,232] - Reflections took 153 ms to scan 239 urls, producing 0 keys and 0 values 
13:42:17.577 [main] INFO  o.r.Reflections - [scan,232] - Reflections took 12 ms to scan 1 urls, producing 1 keys and 5 values 
13:42:17.590 [main] INFO  o.r.Reflections - [scan,232] - Reflections took 11 ms to scan 1 urls, producing 1 keys and 7 values 
13:42:17.603 [main] INFO  o.r.Reflections - [scan,232] - Reflections took 11 ms to scan 1 urls, producing 2 keys and 8 values 
13:42:17.725 [main] INFO  o.r.Reflections - [scan,232] - Reflections took 119 ms to scan 239 urls, producing 0 keys and 0 values 
13:42:17.725 [main] INFO  c.a.n.c.r.client - [printIfInfoEnabled,60] - [b7535a6b-6241-449a-9d70-b0f43cf94266_config-0]RpcClient init label, labels={module=config, Vipserver-Tag=null, source=sdk, Amory-Tag=null, Location-Tag=null, taskId=0, AppName=unknown}
13:42:17.726 [main] INFO  c.a.n.c.r.client - [printIfInfoEnabled,60] - [b7535a6b-6241-449a-9d70-b0f43cf94266_config-0]Register server push request handler:com.alibaba.nacos.client.config.impl.ClientWorker$ConfigRpcTransportClient$$Lambda$330/1964847681
13:42:17.726 [main] INFO  c.a.n.c.r.client - [printIfInfoEnabled,60] - [b7535a6b-6241-449a-9d70-b0f43cf94266_config-0]Register server push request handler:com.alibaba.nacos.client.config.impl.ClientWorker$ConfigRpcTransportClient$$Lambda$331/1992801971
13:42:17.726 [main] INFO  c.a.n.c.r.client - [printIfInfoEnabled,60] - [b7535a6b-6241-449a-9d70-b0f43cf94266_config-0]Registry connection listener to current client:com.alibaba.nacos.client.config.impl.ClientWorker$ConfigRpcTransportClient$1
13:42:17.727 [main] INFO  c.a.n.c.r.client - [printIfInfoEnabled,60] - [b7535a6b-6241-449a-9d70-b0f43cf94266_config-0]RpcClient init, ServerListFactory =com.alibaba.nacos.client.config.impl.ClientWorker$ConfigRpcTransportClient$2
13:42:17.732 [main] INFO  c.a.n.c.r.client - [printIfInfoEnabled,60] - [b7535a6b-6241-449a-9d70-b0f43cf94266_config-0] Try to connect to server on start up, server: {serverIp='127.0.0.1', server main port=8848}
13:42:18.366 [main] INFO  c.a.n.c.r.client - [printIfInfoEnabled,60] - [b7535a6b-6241-449a-9d70-b0f43cf94266_config-0] Success to connect to server [127.0.0.1:8848] on start up,connectionId=1644817338162_127.0.0.1_50885
13:42:18.366 [com.alibaba.nacos.client.remote.worker] INFO  c.a.n.c.r.client - [printIfInfoEnabled,60] - [b7535a6b-6241-449a-9d70-b0f43cf94266_config-0]Notify connected event to listeners.
13:42:18.366 [main] INFO  c.a.n.c.r.client - [printIfInfoEnabled,60] - [b7535a6b-6241-449a-9d70-b0f43cf94266_config-0]Register server push request handler:com.alibaba.nacos.common.remote.client.RpcClient$ConnectResetRequestHandler
13:42:18.366 [com.alibaba.nacos.client.remote.worker] INFO  c.a.n.c.c.i.ClientWorker - [onConnected,681] - [b7535a6b-6241-449a-9d70-b0f43cf94266_config-0] Connected,notify listen context...
13:42:18.367 [main] INFO  c.a.n.c.r.client - [printIfInfoEnabled,60] - [b7535a6b-6241-449a-9d70-b0f43cf94266_config-0]Register server push request handler:com.alibaba.nacos.common.remote.client.RpcClient$4
13:42:18.392 [main] INFO  c.a.n.c.c.i.Limiter - [<clinit>,56] - limitTime:5.0
13:42:18.403 [main] INFO  c.a.n.c.c.u.JvmUtil - [<clinit>,53] - isMultiInstance:false
13:42:18.427 [main] INFO  c.r.g.RuoYiGoodsApplication - [logStartupProfileInfo,639] - The following profiles are active: dev
13:42:20.071 [main] INFO  o.a.c.h.Http11NioProtocol - [log,173] - Initializing ProtocolHandler ["http-nio-9204"]
13:42:20.072 [main] INFO  o.a.c.c.StandardService - [log,173] - Starting service [Tomcat]
13:42:20.072 [main] INFO  o.a.c.c.StandardEngine - [log,173] - Starting Servlet engine: [Apache Tomcat/9.0.56]
13:42:20.168 [main] INFO  o.a.c.c.C.[.[.[/] - [log,173] - Initializing Spring embedded WebApplicationContext
13:42:20.901 [main] INFO  c.a.d.p.DruidDataSource - [init,998] - {dataSource-1,master} inited
13:42:20.902 [main] INFO  c.b.d.d.DynamicRoutingDataSource - [addDataSource,148] - dynamic-datasource - add a datasource named [master] success
13:42:20.902 [main] INFO  c.b.d.d.DynamicRoutingDataSource - [afterPropertiesSet,228] - dynamic-datasource initial loaded [1] datasource,primary datasource named [master]
13:42:21.968 [main] INFO  c.a.n.client.naming - [initNamespaceForNaming,63] - initializer namespace from System Property : null
13:42:21.968 [main] INFO  c.a.n.client.naming - [call,69] - initializer namespace from System Environment :null
13:42:21.968 [main] INFO  c.a.n.client.naming - [call,79] - initializer namespace from System Property :null
13:42:21.978 [main] INFO  c.a.n.c.r.client - [lambda$createClient$0,77] - [RpcClientFactory] create a new rpc client of 0d8b23c5-0485-4bb7-ab45-108c5810ee1e
13:42:21.978 [main] INFO  c.a.n.c.r.client - [printIfInfoEnabled,60] - [0d8b23c5-0485-4bb7-ab45-108c5810ee1e]RpcClient init label, labels={module=naming, source=sdk}
13:42:21.980 [main] INFO  c.a.n.c.r.client - [printIfInfoEnabled,60] - [0d8b23c5-0485-4bb7-ab45-108c5810ee1e]RpcClient init, ServerListFactory =com.alibaba.nacos.client.naming.core.ServerListManager
13:42:21.980 [main] INFO  c.a.n.c.r.client - [printIfInfoEnabled,60] - [0d8b23c5-0485-4bb7-ab45-108c5810ee1e]Registry connection listener to current client:com.alibaba.nacos.client.naming.remote.gprc.redo.NamingGrpcRedoService
13:42:21.980 [main] INFO  c.a.n.c.r.client - [printIfInfoEnabled,60] - [0d8b23c5-0485-4bb7-ab45-108c5810ee1e]Register server push request handler:com.alibaba.nacos.client.naming.remote.gprc.NamingPushRequestHandler
13:42:21.981 [main] INFO  c.a.n.c.r.client - [printIfInfoEnabled,60] - [0d8b23c5-0485-4bb7-ab45-108c5810ee1e] Try to connect to server on start up, server: {serverIp='127.0.0.1', server main port=8848}
13:42:22.091 [main] INFO  c.a.n.c.r.client - [printIfInfoEnabled,60] - [0d8b23c5-0485-4bb7-ab45-108c5810ee1e] Success to connect to server [127.0.0.1:8848] on start up,connectionId=1644817341986_127.0.0.1_50893
13:42:22.091 [com.alibaba.nacos.client.remote.worker] INFO  c.a.n.c.r.client - [printIfInfoEnabled,60] - [0d8b23c5-0485-4bb7-ab45-108c5810ee1e]Notify connected event to listeners.
13:42:22.091 [main] INFO  c.a.n.c.r.client - [printIfInfoEnabled,60] - [0d8b23c5-0485-4bb7-ab45-108c5810ee1e]Register server push request handler:com.alibaba.nacos.common.remote.client.RpcClient$ConnectResetRequestHandler
13:42:22.091 [com.alibaba.nacos.client.remote.worker] INFO  c.a.n.client.naming - [onConnected,76] - Grpc connection connect
13:42:22.091 [main] INFO  c.a.n.c.r.client - [printIfInfoEnabled,60] - [0d8b23c5-0485-4bb7-ab45-108c5810ee1e]Register server push request handler:com.alibaba.nacos.common.remote.client.RpcClient$4
13:42:23.254 [main] INFO  c.a.n.client.naming - [isChangedServiceInfo,181] - init new ips(0) service: DEFAULT_GROUP@@ruoyi-modules-goods@@DEFAULT -> []
13:42:23.261 [main] INFO  c.a.n.client.naming - [processServiceInfo,166] - current ips:(0) service: DEFAULT_GROUP@@ruoyi-modules-goods@@DEFAULT -> []
13:42:23.265 [main] INFO  o.a.c.h.Http11NioProtocol - [log,173] - Starting ProtocolHandler ["http-nio-9204"]
13:42:23.278 [main] INFO  c.a.n.client.naming - [registerService,112] - [REGISTER-SERVICE] public registering service ruoyi-modules-goods with instance Instance{instanceId='null', ip='192.168.1.105', port=9204, weight=1.0, healthy=true, enabled=true, ephemeral=true, clusterName='DEFAULT', serviceName='null', metadata={preserved.register.source=SPRING_CLOUD}}
13:42:23.282 [main] INFO  c.a.c.n.r.NacosServiceRegistry - [register,75] - nacos registry, DEFAULT_GROUP ruoyi-modules-goods 192.168.1.105:9204 register finished
13:42:23.662 [main] INFO  c.r.g.RuoYiGoodsApplication - [logStarted,61] - Started RuoYiGoodsApplication in 7.218 seconds (JVM running for 7.884)
13:42:23.667 [main] INFO  c.a.n.c.c.i.ClientWorker - [addCacheDataIfAbsent,384] - [config_rpc_client] [subscribe] ruoyi-modules-goods+DEFAULT_GROUP
13:42:23.668 [main] INFO  c.a.n.c.c.i.CacheData - [addListener,173] - [config_rpc_client] [add-listener] ok, tenant=, dataId=ruoyi-modules-goods, group=DEFAULT_GROUP, cnt=1
13:42:23.668 [main] INFO  c.a.n.c.c.i.ClientWorker - [addCacheDataIfAbsent,384] - [config_rpc_client] [subscribe] ruoyi-modules-goods.yml+DEFAULT_GROUP
13:42:23.668 [main] INFO  c.a.n.c.c.i.CacheData - [addListener,173] - [config_rpc_client] [add-listener] ok, tenant=, dataId=ruoyi-modules-goods.yml, group=DEFAULT_GROUP, cnt=1
13:42:23.669 [main] INFO  c.a.n.c.c.i.ClientWorker - [addCacheDataIfAbsent,384] - [config_rpc_client] [subscribe] ruoyi-modules-goods-dev.yml+DEFAULT_GROUP
13:42:23.669 [main] INFO  c.a.n.c.c.i.CacheData - [addListener,173] - [config_rpc_client] [add-listener] ok, tenant=, dataId=ruoyi-modules-goods-dev.yml, group=DEFAULT_GROUP, cnt=1
13:42:23.783 [nacos-grpc-client-executor-7] INFO  c.a.n.c.r.client - [printIfInfoEnabled,60] - [0d8b23c5-0485-4bb7-ab45-108c5810ee1e]receive server push request,request=NotifySubscriberRequest,requestId=10
13:42:23.785 [nacos-grpc-client-executor-7] INFO  c.a.n.client.naming - [isChangedServiceInfo,181] - init new ips(1) service: DEFAULT_GROUP@@ruoyi-modules-goods -> [{"ip":"192.168.1.105","port":9204,"weight":1.0,"healthy":true,"enabled":true,"ephemeral":true,"clusterName":"DEFAULT","serviceName":"DEFAULT_GROUP@@ruoyi-modules-goods","metadata":{"preserved.register.source":"SPRING_CLOUD"},"ipDeleteTimeout":30000,"instanceHeartBeatInterval":5000,"instanceHeartBeatTimeOut":15000}]
13:42:23.785 [nacos-grpc-client-executor-7] INFO  c.a.n.client.naming - [processServiceInfo,166] - current ips:(1) service: DEFAULT_GROUP@@ruoyi-modules-goods -> [{"ip":"192.168.1.105","port":9204,"weight":1.0,"healthy":true,"enabled":true,"ephemeral":true,"clusterName":"DEFAULT","serviceName":"DEFAULT_GROUP@@ruoyi-modules-goods","metadata":{"preserved.register.source":"SPRING_CLOUD"},"ipDeleteTimeout":30000,"instanceHeartBeatInterval":5000,"instanceHeartBeatTimeOut":15000}]
13:42:23.786 [nacos-grpc-client-executor-7] INFO  c.a.n.c.r.client - [printIfInfoEnabled,60] - [0d8b23c5-0485-4bb7-ab45-108c5810ee1e]ack server push request,request=NotifySubscriberRequest,requestId=10
13:42:24.254 [com.alibaba.nacos.client.naming.updater.0] INFO  c.a.n.client.naming - [isChangedServiceInfo,235] - new ips(1) service: DEFAULT_GROUP@@ruoyi-modules-goods@@DEFAULT -> [{"ip":"192.168.1.105","port":9204,"weight":1.0,"healthy":true,"enabled":true,"ephemeral":true,"clusterName":"DEFAULT","serviceName":"DEFAULT_GROUP@@ruoyi-modules-goods","metadata":{"preserved.register.source":"SPRING_CLOUD"},"ipDeleteTimeout":30000,"instanceHeartBeatInterval":5000,"instanceHeartBeatTimeOut":15000}]
13:42:24.254 [com.alibaba.nacos.client.naming.updater.0] INFO  c.a.n.client.naming - [processServiceInfo,166] - current ips:(1) service: DEFAULT_GROUP@@ruoyi-modules-goods@@DEFAULT -> [{"ip":"192.168.1.105","port":9204,"weight":1.0,"healthy":true,"enabled":true,"ephemeral":true,"clusterName":"DEFAULT","serviceName":"DEFAULT_GROUP@@ruoyi-modules-goods","metadata":{"preserved.register.source":"SPRING_CLOUD"},"ipDeleteTimeout":30000,"instanceHeartBeatInterval":5000,"instanceHeartBeatTimeOut":15000}]
13:43:32.534 [http-nio-9204-exec-1] INFO  o.a.c.c.C.[.[.[/] - [log,173] - Initializing Spring DispatcherServlet 'dispatcherServlet'
14:04:01.961 [task-1] INFO  c.a.n.client.naming - [isChangedServiceInfo,181] - init new ips(1) service: DEFAULT_GROUP@@ruoyi-system -> [{"ip":"192.168.1.105","port":9201,"weight":1.0,"healthy":true,"enabled":true,"ephemeral":true,"clusterName":"DEFAULT","serviceName":"DEFAULT_GROUP@@ruoyi-system","metadata":{"preserved.register.source":"SPRING_CLOUD"},"ipDeleteTimeout":30000,"instanceHeartBeatInterval":5000,"instanceHeartBeatTimeOut":15000}]
14:04:01.962 [task-1] INFO  c.a.n.client.naming - [processServiceInfo,166] - current ips:(1) service: DEFAULT_GROUP@@ruoyi-system -> [{"ip":"192.168.1.105","port":9201,"weight":1.0,"healthy":true,"enabled":true,"ephemeral":true,"clusterName":"DEFAULT","serviceName":"DEFAULT_GROUP@@ruoyi-system","metadata":{"preserved.register.source":"SPRING_CLOUD"},"ipDeleteTimeout":30000,"instanceHeartBeatInterval":5000,"instanceHeartBeatTimeOut":15000}]
14:04:02.480 [nacos-grpc-client-executor-272] INFO  c.a.n.c.r.client - [printIfInfoEnabled,60] - [0d8b23c5-0485-4bb7-ab45-108c5810ee1e]receive server push request,request=NotifySubscriberRequest,requestId=12
14:04:02.480 [nacos-grpc-client-executor-272] INFO  c.a.n.c.r.client - [printIfInfoEnabled,60] - [0d8b23c5-0485-4bb7-ab45-108c5810ee1e]ack server push request,request=NotifySubscriberRequest,requestId=12
