09:17:13.484 [background-preinit] INFO  o.h.v.i.util.Version - [<clinit>,21] - HV000001: Hibernate Validator 6.2.0.Final
09:17:13.864 [main] INFO  c.a.n.c.c.i.LocalConfigInfoProcessor - [<clinit>,67] - LOCAL_SNAPSHOT_PATH:C:\Users\Administrator\nacos\config
09:17:13.866 [main] INFO  c.a.n.c.r.client - [lambda$createClient$0,77] - [RpcClientFactory] create a new rpc client of 150a6a1e-971b-4c7f-b8e4-fca9d8eca330_config-0
09:17:13.905 [main] INFO  o.r.Reflections - [scan,232] - Reflections took 22 ms to scan 1 urls, producing 3 keys and 6 values 
09:17:13.932 [main] INFO  o.r.Reflections - [scan,232] - Reflections took 12 ms to scan 1 urls, producing 4 keys and 9 values 
09:17:13.943 [main] INFO  o.r.Reflections - [scan,232] - Reflections took 10 ms to scan 1 urls, producing 3 keys and 10 values 
09:17:14.078 [main] INFO  o.r.Reflections - [scan,232] - Reflections took 133 ms to scan 198 urls, producing 0 keys and 0 values 
09:17:14.087 [main] INFO  o.r.Reflections - [scan,232] - Reflections took 9 ms to scan 1 urls, producing 1 keys and 5 values 
09:17:14.097 [main] INFO  o.r.Reflections - [scan,232] - Reflections took 9 ms to scan 1 urls, producing 1 keys and 7 values 
09:17:14.107 [main] INFO  o.r.Reflections - [scan,232] - Reflections took 9 ms to scan 1 urls, producing 2 keys and 8 values 
09:17:14.219 [main] INFO  o.r.Reflections - [scan,232] - Reflections took 110 ms to scan 198 urls, producing 0 keys and 0 values 
09:17:14.220 [main] INFO  c.a.n.c.r.client - [printIfInfoEnabled,60] - [150a6a1e-971b-4c7f-b8e4-fca9d8eca330_config-0]RpcClient init label, labels={module=config, Vipserver-Tag=null, source=sdk, Amory-Tag=null, Location-Tag=null, taskId=0, AppName=unknown}
09:17:14.220 [main] INFO  c.a.n.c.r.client - [printIfInfoEnabled,60] - [150a6a1e-971b-4c7f-b8e4-fca9d8eca330_config-0]Register server push request handler:com.alibaba.nacos.client.config.impl.ClientWorker$ConfigRpcTransportClient$$Lambda$329/836969741
09:17:14.220 [main] INFO  c.a.n.c.r.client - [printIfInfoEnabled,60] - [150a6a1e-971b-4c7f-b8e4-fca9d8eca330_config-0]Register server push request handler:com.alibaba.nacos.client.config.impl.ClientWorker$ConfigRpcTransportClient$$Lambda$330/436094532
09:17:14.221 [main] INFO  c.a.n.c.r.client - [printIfInfoEnabled,60] - [150a6a1e-971b-4c7f-b8e4-fca9d8eca330_config-0]Registry connection listener to current client:com.alibaba.nacos.client.config.impl.ClientWorker$ConfigRpcTransportClient$1
09:17:14.221 [main] INFO  c.a.n.c.r.client - [printIfInfoEnabled,60] - [150a6a1e-971b-4c7f-b8e4-fca9d8eca330_config-0]RpcClient init, ServerListFactory =com.alibaba.nacos.client.config.impl.ClientWorker$ConfigRpcTransportClient$2
09:17:14.226 [main] INFO  c.a.n.c.r.client - [printIfInfoEnabled,60] - [150a6a1e-971b-4c7f-b8e4-fca9d8eca330_config-0] Try to connect to server on start up, server: {serverIp='127.0.0.1', server main port=8848}
09:17:14.865 [main] INFO  c.a.n.c.r.client - [printIfInfoEnabled,60] - [150a6a1e-971b-4c7f-b8e4-fca9d8eca330_config-0] Success to connect to server [127.0.0.1:8848] on start up,connectionId=1644801434648_127.0.0.1_51949
09:17:14.865 [com.alibaba.nacos.client.remote.worker] INFO  c.a.n.c.r.client - [printIfInfoEnabled,60] - [150a6a1e-971b-4c7f-b8e4-fca9d8eca330_config-0]Notify connected event to listeners.
09:17:14.865 [main] INFO  c.a.n.c.r.client - [printIfInfoEnabled,60] - [150a6a1e-971b-4c7f-b8e4-fca9d8eca330_config-0]Register server push request handler:com.alibaba.nacos.common.remote.client.RpcClient$ConnectResetRequestHandler
09:17:14.865 [com.alibaba.nacos.client.remote.worker] INFO  c.a.n.c.c.i.ClientWorker - [onConnected,681] - [150a6a1e-971b-4c7f-b8e4-fca9d8eca330_config-0] Connected,notify listen context...
09:17:14.866 [main] INFO  c.a.n.c.r.client - [printIfInfoEnabled,60] - [150a6a1e-971b-4c7f-b8e4-fca9d8eca330_config-0]Register server push request handler:com.alibaba.nacos.common.remote.client.RpcClient$4
09:17:14.891 [main] INFO  c.a.n.c.c.i.Limiter - [<clinit>,56] - limitTime:5.0
09:17:14.901 [main] INFO  c.a.n.c.c.u.JvmUtil - [<clinit>,53] - isMultiInstance:false
09:17:14.920 [main] INFO  c.r.f.RuoYiFileApplication - [logStartupProfileInfo,639] - The following profiles are active: dev
09:17:16.062 [main] INFO  o.a.c.h.Http11NioProtocol - [log,173] - Initializing ProtocolHandler ["http-nio-9300"]
09:17:16.062 [main] INFO  o.a.c.c.StandardService - [log,173] - Starting service [Tomcat]
09:17:16.062 [main] INFO  o.a.c.c.StandardEngine - [log,173] - Starting Servlet engine: [Apache Tomcat/9.0.56]
09:17:16.158 [main] INFO  o.a.c.c.C.[.[.[/] - [log,173] - Initializing Spring embedded WebApplicationContext
09:17:16.825 [main] INFO  c.a.n.client.naming - [initNamespaceForNaming,63] - initializer namespace from System Property : null
09:17:16.826 [main] INFO  c.a.n.client.naming - [call,69] - initializer namespace from System Environment :null
09:17:16.826 [main] INFO  c.a.n.client.naming - [call,79] - initializer namespace from System Property :null
09:17:16.835 [main] INFO  c.a.n.c.r.client - [lambda$createClient$0,77] - [RpcClientFactory] create a new rpc client of 56caf8fa-b194-48c1-9d40-70e87b7ce43a
09:17:16.835 [main] INFO  c.a.n.c.r.client - [printIfInfoEnabled,60] - [56caf8fa-b194-48c1-9d40-70e87b7ce43a]RpcClient init label, labels={module=naming, source=sdk}
09:17:16.836 [main] INFO  c.a.n.c.r.client - [printIfInfoEnabled,60] - [56caf8fa-b194-48c1-9d40-70e87b7ce43a]RpcClient init, ServerListFactory =com.alibaba.nacos.client.naming.core.ServerListManager
09:17:16.837 [main] INFO  c.a.n.c.r.client - [printIfInfoEnabled,60] - [56caf8fa-b194-48c1-9d40-70e87b7ce43a]Registry connection listener to current client:com.alibaba.nacos.client.naming.remote.gprc.redo.NamingGrpcRedoService
09:17:16.837 [main] INFO  c.a.n.c.r.client - [printIfInfoEnabled,60] - [56caf8fa-b194-48c1-9d40-70e87b7ce43a]Register server push request handler:com.alibaba.nacos.client.naming.remote.gprc.NamingPushRequestHandler
09:17:16.838 [main] INFO  c.a.n.c.r.client - [printIfInfoEnabled,60] - [56caf8fa-b194-48c1-9d40-70e87b7ce43a] Try to connect to server on start up, server: {serverIp='127.0.0.1', server main port=8848}
09:17:16.945 [main] INFO  c.a.n.c.r.client - [printIfInfoEnabled,60] - [56caf8fa-b194-48c1-9d40-70e87b7ce43a] Success to connect to server [127.0.0.1:8848] on start up,connectionId=1644801436842_127.0.0.1_51951
09:17:16.945 [com.alibaba.nacos.client.remote.worker] INFO  c.a.n.c.r.client - [printIfInfoEnabled,60] - [56caf8fa-b194-48c1-9d40-70e87b7ce43a]Notify connected event to listeners.
09:17:16.945 [com.alibaba.nacos.client.remote.worker] INFO  c.a.n.client.naming - [onConnected,76] - Grpc connection connect
09:17:16.945 [main] INFO  c.a.n.c.r.client - [printIfInfoEnabled,60] - [56caf8fa-b194-48c1-9d40-70e87b7ce43a]Register server push request handler:com.alibaba.nacos.common.remote.client.RpcClient$ConnectResetRequestHandler
09:17:16.945 [main] INFO  c.a.n.c.r.client - [printIfInfoEnabled,60] - [56caf8fa-b194-48c1-9d40-70e87b7ce43a]Register server push request handler:com.alibaba.nacos.common.remote.client.RpcClient$4
09:17:17.541 [main] INFO  c.a.n.client.naming - [isChangedServiceInfo,181] - init new ips(0) service: DEFAULT_GROUP@@ruoyi-file@@DEFAULT -> []
09:17:17.548 [main] INFO  c.a.n.client.naming - [processServiceInfo,166] - current ips:(0) service: DEFAULT_GROUP@@ruoyi-file@@DEFAULT -> []
09:17:17.552 [main] INFO  o.a.c.h.Http11NioProtocol - [log,173] - Starting ProtocolHandler ["http-nio-9300"]
09:17:17.562 [main] INFO  c.a.n.client.naming - [registerService,112] - [REGISTER-SERVICE] public registering service ruoyi-file with instance Instance{instanceId='null', ip='192.168.1.105', port=9300, weight=1.0, healthy=true, enabled=true, ephemeral=true, clusterName='DEFAULT', serviceName='null', metadata={preserved.register.source=SPRING_CLOUD}}
09:17:17.568 [main] INFO  c.a.c.n.r.NacosServiceRegistry - [register,75] - nacos registry, DEFAULT_GROUP ruoyi-file 192.168.1.105:9300 register finished
09:17:17.737 [main] INFO  c.r.f.RuoYiFileApplication - [logStarted,61] - Started RuoYiFileApplication in 4.702 seconds (JVM running for 5.359)
09:17:17.742 [main] INFO  c.a.n.c.c.i.ClientWorker - [addCacheDataIfAbsent,384] - [config_rpc_client] [subscribe] ruoyi-file-dev.yml+DEFAULT_GROUP
09:17:17.743 [main] INFO  c.a.n.c.c.i.CacheData - [addListener,173] - [config_rpc_client] [add-listener] ok, tenant=, dataId=ruoyi-file-dev.yml, group=DEFAULT_GROUP, cnt=1
09:17:17.743 [main] INFO  c.a.n.c.c.i.ClientWorker - [addCacheDataIfAbsent,384] - [config_rpc_client] [subscribe] ruoyi-file+DEFAULT_GROUP
09:17:17.743 [main] INFO  c.a.n.c.c.i.CacheData - [addListener,173] - [config_rpc_client] [add-listener] ok, tenant=, dataId=ruoyi-file, group=DEFAULT_GROUP, cnt=1
09:17:17.743 [main] INFO  c.a.n.c.c.i.ClientWorker - [addCacheDataIfAbsent,384] - [config_rpc_client] [subscribe] ruoyi-file.yml+DEFAULT_GROUP
09:17:17.743 [main] INFO  c.a.n.c.c.i.CacheData - [addListener,173] - [config_rpc_client] [add-listener] ok, tenant=, dataId=ruoyi-file.yml, group=DEFAULT_GROUP, cnt=1
09:17:18.064 [nacos-grpc-client-executor-6] INFO  c.a.n.c.r.client - [printIfInfoEnabled,60] - [56caf8fa-b194-48c1-9d40-70e87b7ce43a]receive server push request,request=NotifySubscriberRequest,requestId=11
09:17:18.066 [nacos-grpc-client-executor-6] INFO  c.a.n.client.naming - [isChangedServiceInfo,181] - init new ips(1) service: DEFAULT_GROUP@@ruoyi-file -> [{"ip":"192.168.1.105","port":9300,"weight":1.0,"healthy":true,"enabled":true,"ephemeral":true,"clusterName":"DEFAULT","serviceName":"DEFAULT_GROUP@@ruoyi-file","metadata":{"preserved.register.source":"SPRING_CLOUD"},"instanceHeartBeatTimeOut":15000,"ipDeleteTimeout":30000,"instanceHeartBeatInterval":5000}]
09:17:18.066 [nacos-grpc-client-executor-6] INFO  c.a.n.client.naming - [processServiceInfo,166] - current ips:(1) service: DEFAULT_GROUP@@ruoyi-file -> [{"ip":"192.168.1.105","port":9300,"weight":1.0,"healthy":true,"enabled":true,"ephemeral":true,"clusterName":"DEFAULT","serviceName":"DEFAULT_GROUP@@ruoyi-file","metadata":{"preserved.register.source":"SPRING_CLOUD"},"instanceHeartBeatTimeOut":15000,"ipDeleteTimeout":30000,"instanceHeartBeatInterval":5000}]
09:17:18.067 [nacos-grpc-client-executor-6] INFO  c.a.n.c.r.client - [printIfInfoEnabled,60] - [56caf8fa-b194-48c1-9d40-70e87b7ce43a]ack server push request,request=NotifySubscriberRequest,requestId=11
09:17:18.537 [com.alibaba.nacos.client.naming.updater.0] INFO  c.a.n.client.naming - [isChangedServiceInfo,235] - new ips(1) service: DEFAULT_GROUP@@ruoyi-file@@DEFAULT -> [{"ip":"192.168.1.105","port":9300,"weight":1.0,"healthy":true,"enabled":true,"ephemeral":true,"clusterName":"DEFAULT","serviceName":"DEFAULT_GROUP@@ruoyi-file","metadata":{"preserved.register.source":"SPRING_CLOUD"},"instanceHeartBeatTimeOut":15000,"ipDeleteTimeout":30000,"instanceHeartBeatInterval":5000}]
09:17:18.538 [com.alibaba.nacos.client.naming.updater.0] INFO  c.a.n.client.naming - [processServiceInfo,166] - current ips:(1) service: DEFAULT_GROUP@@ruoyi-file@@DEFAULT -> [{"ip":"192.168.1.105","port":9300,"weight":1.0,"healthy":true,"enabled":true,"ephemeral":true,"clusterName":"DEFAULT","serviceName":"DEFAULT_GROUP@@ruoyi-file","metadata":{"preserved.register.source":"SPRING_CLOUD"},"instanceHeartBeatTimeOut":15000,"ipDeleteTimeout":30000,"instanceHeartBeatInterval":5000}]
09:17:38.556 [http-nio-9300-exec-1] INFO  o.a.c.c.C.[.[.[/] - [log,173] - Initializing Spring DispatcherServlet 'dispatcherServlet'
13:41:53.906 [background-preinit] INFO  o.h.v.i.util.Version - [<clinit>,21] - HV000001: Hibernate Validator 6.2.0.Final
13:41:54.279 [main] INFO  c.a.n.c.c.i.LocalConfigInfoProcessor - [<clinit>,67] - LOCAL_SNAPSHOT_PATH:C:\Users\Administrator\nacos\config
13:41:54.280 [main] INFO  c.a.n.c.r.client - [lambda$createClient$0,77] - [RpcClientFactory] create a new rpc client of 498b320d-0261-4116-ad7b-8b8ba032e5d6_config-0
13:41:54.316 [main] INFO  o.r.Reflections - [scan,232] - Reflections took 21 ms to scan 1 urls, producing 3 keys and 6 values 
13:41:54.341 [main] INFO  o.r.Reflections - [scan,232] - Reflections took 11 ms to scan 1 urls, producing 4 keys and 9 values 
13:41:54.353 [main] INFO  o.r.Reflections - [scan,232] - Reflections took 10 ms to scan 1 urls, producing 3 keys and 10 values 
13:41:54.490 [main] INFO  o.r.Reflections - [scan,232] - Reflections took 134 ms to scan 198 urls, producing 0 keys and 0 values 
13:41:54.499 [main] INFO  o.r.Reflections - [scan,232] - Reflections took 9 ms to scan 1 urls, producing 1 keys and 5 values 
13:41:54.509 [main] INFO  o.r.Reflections - [scan,232] - Reflections took 9 ms to scan 1 urls, producing 1 keys and 7 values 
13:41:54.519 [main] INFO  o.r.Reflections - [scan,232] - Reflections took 9 ms to scan 1 urls, producing 2 keys and 8 values 
13:41:54.633 [main] INFO  o.r.Reflections - [scan,232] - Reflections took 112 ms to scan 198 urls, producing 0 keys and 0 values 
13:41:54.634 [main] INFO  c.a.n.c.r.client - [printIfInfoEnabled,60] - [498b320d-0261-4116-ad7b-8b8ba032e5d6_config-0]RpcClient init label, labels={module=config, Vipserver-Tag=null, source=sdk, Amory-Tag=null, Location-Tag=null, taskId=0, AppName=unknown}
13:41:54.634 [main] INFO  c.a.n.c.r.client - [printIfInfoEnabled,60] - [498b320d-0261-4116-ad7b-8b8ba032e5d6_config-0]Register server push request handler:com.alibaba.nacos.client.config.impl.ClientWorker$ConfigRpcTransportClient$$Lambda$329/52913970
13:41:54.635 [main] INFO  c.a.n.c.r.client - [printIfInfoEnabled,60] - [498b320d-0261-4116-ad7b-8b8ba032e5d6_config-0]Register server push request handler:com.alibaba.nacos.client.config.impl.ClientWorker$ConfigRpcTransportClient$$Lambda$330/1059634518
13:41:54.635 [main] INFO  c.a.n.c.r.client - [printIfInfoEnabled,60] - [498b320d-0261-4116-ad7b-8b8ba032e5d6_config-0]Registry connection listener to current client:com.alibaba.nacos.client.config.impl.ClientWorker$ConfigRpcTransportClient$1
13:41:54.635 [main] INFO  c.a.n.c.r.client - [printIfInfoEnabled,60] - [498b320d-0261-4116-ad7b-8b8ba032e5d6_config-0]RpcClient init, ServerListFactory =com.alibaba.nacos.client.config.impl.ClientWorker$ConfigRpcTransportClient$2
13:41:54.640 [main] INFO  c.a.n.c.r.client - [printIfInfoEnabled,60] - [498b320d-0261-4116-ad7b-8b8ba032e5d6_config-0] Try to connect to server on start up, server: {serverIp='127.0.0.1', server main port=8848}
13:41:55.282 [main] INFO  c.a.n.c.r.client - [printIfInfoEnabled,60] - [498b320d-0261-4116-ad7b-8b8ba032e5d6_config-0] Success to connect to server [127.0.0.1:8848] on start up,connectionId=1644817315067_127.0.0.1_50708
13:41:55.282 [com.alibaba.nacos.client.remote.worker] INFO  c.a.n.c.r.client - [printIfInfoEnabled,60] - [498b320d-0261-4116-ad7b-8b8ba032e5d6_config-0]Notify connected event to listeners.
13:41:55.282 [main] INFO  c.a.n.c.r.client - [printIfInfoEnabled,60] - [498b320d-0261-4116-ad7b-8b8ba032e5d6_config-0]Register server push request handler:com.alibaba.nacos.common.remote.client.RpcClient$ConnectResetRequestHandler
13:41:55.282 [com.alibaba.nacos.client.remote.worker] INFO  c.a.n.c.c.i.ClientWorker - [onConnected,681] - [498b320d-0261-4116-ad7b-8b8ba032e5d6_config-0] Connected,notify listen context...
13:41:55.283 [main] INFO  c.a.n.c.r.client - [printIfInfoEnabled,60] - [498b320d-0261-4116-ad7b-8b8ba032e5d6_config-0]Register server push request handler:com.alibaba.nacos.common.remote.client.RpcClient$4
13:41:55.309 [main] INFO  c.a.n.c.c.i.Limiter - [<clinit>,56] - limitTime:5.0
13:41:55.320 [main] INFO  c.a.n.c.c.u.JvmUtil - [<clinit>,53] - isMultiInstance:false
13:41:55.341 [main] INFO  c.r.f.RuoYiFileApplication - [logStartupProfileInfo,639] - The following profiles are active: dev
13:41:56.477 [main] INFO  o.a.c.h.Http11NioProtocol - [log,173] - Initializing ProtocolHandler ["http-nio-9300"]
13:41:56.477 [main] INFO  o.a.c.c.StandardService - [log,173] - Starting service [Tomcat]
13:41:56.478 [main] INFO  o.a.c.c.StandardEngine - [log,173] - Starting Servlet engine: [Apache Tomcat/9.0.56]
13:41:56.571 [main] INFO  o.a.c.c.C.[.[.[/] - [log,173] - Initializing Spring embedded WebApplicationContext
13:41:57.236 [main] INFO  c.a.n.client.naming - [initNamespaceForNaming,63] - initializer namespace from System Property : null
13:41:57.237 [main] INFO  c.a.n.client.naming - [call,69] - initializer namespace from System Environment :null
13:41:57.238 [main] INFO  c.a.n.client.naming - [call,79] - initializer namespace from System Property :null
13:41:57.247 [main] INFO  c.a.n.c.r.client - [lambda$createClient$0,77] - [RpcClientFactory] create a new rpc client of 49e5c09b-8a58-42e3-a39a-0cecee64d2cf
13:41:57.247 [main] INFO  c.a.n.c.r.client - [printIfInfoEnabled,60] - [49e5c09b-8a58-42e3-a39a-0cecee64d2cf]RpcClient init label, labels={module=naming, source=sdk}
13:41:57.248 [main] INFO  c.a.n.c.r.client - [printIfInfoEnabled,60] - [49e5c09b-8a58-42e3-a39a-0cecee64d2cf]RpcClient init, ServerListFactory =com.alibaba.nacos.client.naming.core.ServerListManager
13:41:57.248 [main] INFO  c.a.n.c.r.client - [printIfInfoEnabled,60] - [49e5c09b-8a58-42e3-a39a-0cecee64d2cf]Registry connection listener to current client:com.alibaba.nacos.client.naming.remote.gprc.redo.NamingGrpcRedoService
13:41:57.249 [main] INFO  c.a.n.c.r.client - [printIfInfoEnabled,60] - [49e5c09b-8a58-42e3-a39a-0cecee64d2cf]Register server push request handler:com.alibaba.nacos.client.naming.remote.gprc.NamingPushRequestHandler
13:41:57.249 [main] INFO  c.a.n.c.r.client - [printIfInfoEnabled,60] - [49e5c09b-8a58-42e3-a39a-0cecee64d2cf] Try to connect to server on start up, server: {serverIp='127.0.0.1', server main port=8848}
13:41:57.358 [main] INFO  c.a.n.c.r.client - [printIfInfoEnabled,60] - [49e5c09b-8a58-42e3-a39a-0cecee64d2cf] Success to connect to server [127.0.0.1:8848] on start up,connectionId=1644817317254_127.0.0.1_50710
13:41:57.358 [com.alibaba.nacos.client.remote.worker] INFO  c.a.n.c.r.client - [printIfInfoEnabled,60] - [49e5c09b-8a58-42e3-a39a-0cecee64d2cf]Notify connected event to listeners.
13:41:57.358 [com.alibaba.nacos.client.remote.worker] INFO  c.a.n.client.naming - [onConnected,76] - Grpc connection connect
13:41:57.358 [main] INFO  c.a.n.c.r.client - [printIfInfoEnabled,60] - [49e5c09b-8a58-42e3-a39a-0cecee64d2cf]Register server push request handler:com.alibaba.nacos.common.remote.client.RpcClient$ConnectResetRequestHandler
13:41:57.358 [main] INFO  c.a.n.c.r.client - [printIfInfoEnabled,60] - [49e5c09b-8a58-42e3-a39a-0cecee64d2cf]Register server push request handler:com.alibaba.nacos.common.remote.client.RpcClient$4
13:41:57.958 [main] INFO  c.a.n.client.naming - [isChangedServiceInfo,181] - init new ips(0) service: DEFAULT_GROUP@@ruoyi-file@@DEFAULT -> []
13:41:57.964 [main] INFO  c.a.n.client.naming - [processServiceInfo,166] - current ips:(0) service: DEFAULT_GROUP@@ruoyi-file@@DEFAULT -> []
13:41:57.968 [main] INFO  o.a.c.h.Http11NioProtocol - [log,173] - Starting ProtocolHandler ["http-nio-9300"]
13:41:57.978 [main] INFO  c.a.n.client.naming - [registerService,112] - [REGISTER-SERVICE] public registering service ruoyi-file with instance Instance{instanceId='null', ip='192.168.1.105', port=9300, weight=1.0, healthy=true, enabled=true, ephemeral=true, clusterName='DEFAULT', serviceName='null', metadata={preserved.register.source=SPRING_CLOUD}}
13:41:57.984 [main] INFO  c.a.c.n.r.NacosServiceRegistry - [register,75] - nacos registry, DEFAULT_GROUP ruoyi-file 192.168.1.105:9300 register finished
13:41:58.154 [main] INFO  c.r.f.RuoYiFileApplication - [logStarted,61] - Started RuoYiFileApplication in 4.662 seconds (JVM running for 5.313)
13:41:58.159 [main] INFO  c.a.n.c.c.i.ClientWorker - [addCacheDataIfAbsent,384] - [config_rpc_client] [subscribe] ruoyi-file-dev.yml+DEFAULT_GROUP
13:41:58.160 [main] INFO  c.a.n.c.c.i.CacheData - [addListener,173] - [config_rpc_client] [add-listener] ok, tenant=, dataId=ruoyi-file-dev.yml, group=DEFAULT_GROUP, cnt=1
13:41:58.160 [main] INFO  c.a.n.c.c.i.ClientWorker - [addCacheDataIfAbsent,384] - [config_rpc_client] [subscribe] ruoyi-file+DEFAULT_GROUP
13:41:58.160 [main] INFO  c.a.n.c.c.i.CacheData - [addListener,173] - [config_rpc_client] [add-listener] ok, tenant=, dataId=ruoyi-file, group=DEFAULT_GROUP, cnt=1
13:41:58.160 [main] INFO  c.a.n.c.c.i.ClientWorker - [addCacheDataIfAbsent,384] - [config_rpc_client] [subscribe] ruoyi-file.yml+DEFAULT_GROUP
13:41:58.160 [main] INFO  c.a.n.c.c.i.CacheData - [addListener,173] - [config_rpc_client] [add-listener] ok, tenant=, dataId=ruoyi-file.yml, group=DEFAULT_GROUP, cnt=1
13:41:58.471 [nacos-grpc-client-executor-7] INFO  c.a.n.c.r.client - [printIfInfoEnabled,60] - [49e5c09b-8a58-42e3-a39a-0cecee64d2cf]receive server push request,request=NotifySubscriberRequest,requestId=6
13:41:58.472 [nacos-grpc-client-executor-7] INFO  c.a.n.client.naming - [isChangedServiceInfo,181] - init new ips(1) service: DEFAULT_GROUP@@ruoyi-file -> [{"ip":"192.168.1.105","port":9300,"weight":1.0,"healthy":true,"enabled":true,"ephemeral":true,"clusterName":"DEFAULT","serviceName":"DEFAULT_GROUP@@ruoyi-file","metadata":{"preserved.register.source":"SPRING_CLOUD"},"ipDeleteTimeout":30000,"instanceHeartBeatInterval":5000,"instanceHeartBeatTimeOut":15000}]
13:41:58.473 [nacos-grpc-client-executor-7] INFO  c.a.n.client.naming - [processServiceInfo,166] - current ips:(1) service: DEFAULT_GROUP@@ruoyi-file -> [{"ip":"192.168.1.105","port":9300,"weight":1.0,"healthy":true,"enabled":true,"ephemeral":true,"clusterName":"DEFAULT","serviceName":"DEFAULT_GROUP@@ruoyi-file","metadata":{"preserved.register.source":"SPRING_CLOUD"},"ipDeleteTimeout":30000,"instanceHeartBeatInterval":5000,"instanceHeartBeatTimeOut":15000}]
13:41:58.474 [nacos-grpc-client-executor-7] INFO  c.a.n.c.r.client - [printIfInfoEnabled,60] - [49e5c09b-8a58-42e3-a39a-0cecee64d2cf]ack server push request,request=NotifySubscriberRequest,requestId=6
13:41:58.952 [com.alibaba.nacos.client.naming.updater.0] INFO  c.a.n.client.naming - [isChangedServiceInfo,235] - new ips(1) service: DEFAULT_GROUP@@ruoyi-file@@DEFAULT -> [{"ip":"192.168.1.105","port":9300,"weight":1.0,"healthy":true,"enabled":true,"ephemeral":true,"clusterName":"DEFAULT","serviceName":"DEFAULT_GROUP@@ruoyi-file","metadata":{"preserved.register.source":"SPRING_CLOUD"},"ipDeleteTimeout":30000,"instanceHeartBeatInterval":5000,"instanceHeartBeatTimeOut":15000}]
13:41:58.952 [com.alibaba.nacos.client.naming.updater.0] INFO  c.a.n.client.naming - [processServiceInfo,166] - current ips:(1) service: DEFAULT_GROUP@@ruoyi-file@@DEFAULT -> [{"ip":"192.168.1.105","port":9300,"weight":1.0,"healthy":true,"enabled":true,"ephemeral":true,"clusterName":"DEFAULT","serviceName":"DEFAULT_GROUP@@ruoyi-file","metadata":{"preserved.register.source":"SPRING_CLOUD"},"ipDeleteTimeout":30000,"instanceHeartBeatInterval":5000,"instanceHeartBeatTimeOut":15000}]
