10:09:12.699 [background-preinit] INFO  o.h.v.i.util.Version - [<clinit>,21] - HV000001: Hibernate Validator 6.2.0.Final
10:09:13.084 [main] INFO  c.a.n.c.c.i.LocalConfigInfoProcessor - [<clinit>,67] - LOCAL_SNAPSHOT_PATH:C:\Users\Administrator\nacos\config
10:09:13.087 [main] INFO  c.a.n.c.r.client - [lambda$createClient$0,77] - [RpcClientFactory] create a new rpc client of a4455a81-77f3-4447-ae66-bdcf0ce80350_config-0
10:09:13.123 [main] INFO  o.r.Reflections - [scan,232] - Reflections took 24 ms to scan 1 urls, producing 3 keys and 6 values 
10:09:13.148 [main] INFO  o.r.Reflections - [scan,232] - Reflections took 14 ms to scan 1 urls, producing 4 keys and 9 values 
10:09:13.162 [main] INFO  o.r.Reflections - [scan,232] - Reflections took 12 ms to scan 1 urls, producing 3 keys and 10 values 
10:09:13.291 [main] INFO  o.r.Reflections - [scan,232] - Reflections took 127 ms to scan 198 urls, producing 0 keys and 0 values 
10:09:13.300 [main] INFO  o.r.Reflections - [scan,232] - Reflections took 9 ms to scan 1 urls, producing 1 keys and 5 values 
10:09:13.310 [main] INFO  o.r.Reflections - [scan,232] - Reflections took 9 ms to scan 1 urls, producing 1 keys and 7 values 
10:09:13.321 [main] INFO  o.r.Reflections - [scan,232] - Reflections took 9 ms to scan 1 urls, producing 2 keys and 8 values 
10:09:13.444 [main] INFO  o.r.Reflections - [scan,232] - Reflections took 121 ms to scan 198 urls, producing 0 keys and 0 values 
10:09:13.445 [main] INFO  c.a.n.c.r.client - [printIfInfoEnabled,60] - [a4455a81-77f3-4447-ae66-bdcf0ce80350_config-0]RpcClient init label, labels={module=config, Vipserver-Tag=null, source=sdk, Amory-Tag=null, Location-Tag=null, taskId=0, AppName=unknown}
10:09:13.446 [main] INFO  c.a.n.c.r.client - [printIfInfoEnabled,60] - [a4455a81-77f3-4447-ae66-bdcf0ce80350_config-0]Register server push request handler:com.alibaba.nacos.client.config.impl.ClientWorker$ConfigRpcTransportClient$$Lambda$329/52913970
10:09:13.446 [main] INFO  c.a.n.c.r.client - [printIfInfoEnabled,60] - [a4455a81-77f3-4447-ae66-bdcf0ce80350_config-0]Register server push request handler:com.alibaba.nacos.client.config.impl.ClientWorker$ConfigRpcTransportClient$$Lambda$330/1059634518
10:09:13.446 [main] INFO  c.a.n.c.r.client - [printIfInfoEnabled,60] - [a4455a81-77f3-4447-ae66-bdcf0ce80350_config-0]Registry connection listener to current client:com.alibaba.nacos.client.config.impl.ClientWorker$ConfigRpcTransportClient$1
10:09:13.447 [main] INFO  c.a.n.c.r.client - [printIfInfoEnabled,60] - [a4455a81-77f3-4447-ae66-bdcf0ce80350_config-0]RpcClient init, ServerListFactory =com.alibaba.nacos.client.config.impl.ClientWorker$ConfigRpcTransportClient$2
10:09:13.451 [main] INFO  c.a.n.c.r.client - [printIfInfoEnabled,60] - [a4455a81-77f3-4447-ae66-bdcf0ce80350_config-0] Try to connect to server on start up, server: {serverIp='127.0.0.1', server main port=8848}
10:09:14.094 [main] INFO  c.a.n.c.r.client - [printIfInfoEnabled,60] - [a4455a81-77f3-4447-ae66-bdcf0ce80350_config-0] Success to connect to server [127.0.0.1:8848] on start up,connectionId=1645150153880_127.0.0.1_53989
10:09:14.094 [com.alibaba.nacos.client.remote.worker] INFO  c.a.n.c.r.client - [printIfInfoEnabled,60] - [a4455a81-77f3-4447-ae66-bdcf0ce80350_config-0]Notify connected event to listeners.
10:09:14.094 [com.alibaba.nacos.client.remote.worker] INFO  c.a.n.c.c.i.ClientWorker - [onConnected,681] - [a4455a81-77f3-4447-ae66-bdcf0ce80350_config-0] Connected,notify listen context...
10:09:14.094 [main] INFO  c.a.n.c.r.client - [printIfInfoEnabled,60] - [a4455a81-77f3-4447-ae66-bdcf0ce80350_config-0]Register server push request handler:com.alibaba.nacos.common.remote.client.RpcClient$ConnectResetRequestHandler
10:09:14.095 [main] INFO  c.a.n.c.r.client - [printIfInfoEnabled,60] - [a4455a81-77f3-4447-ae66-bdcf0ce80350_config-0]Register server push request handler:com.alibaba.nacos.common.remote.client.RpcClient$4
10:09:14.121 [main] INFO  c.a.n.c.c.i.Limiter - [<clinit>,56] - limitTime:5.0
10:09:14.131 [main] INFO  c.a.n.c.c.u.JvmUtil - [<clinit>,53] - isMultiInstance:false
10:09:14.150 [main] INFO  c.r.f.RuoYiFileApplication - [logStartupProfileInfo,639] - The following profiles are active: dev
10:09:15.343 [main] INFO  o.a.c.h.Http11NioProtocol - [log,173] - Initializing ProtocolHandler ["http-nio-9300"]
10:09:15.344 [main] INFO  o.a.c.c.StandardService - [log,173] - Starting service [Tomcat]
10:09:15.344 [main] INFO  o.a.c.c.StandardEngine - [log,173] - Starting Servlet engine: [Apache Tomcat/9.0.56]
10:09:15.426 [main] INFO  o.a.c.c.C.[.[.[/] - [log,173] - Initializing Spring embedded WebApplicationContext
10:09:16.120 [main] INFO  c.a.n.client.naming - [initNamespaceForNaming,63] - initializer namespace from System Property : null
10:09:16.121 [main] INFO  c.a.n.client.naming - [call,69] - initializer namespace from System Environment :null
10:09:16.122 [main] INFO  c.a.n.client.naming - [call,79] - initializer namespace from System Property :null
10:09:16.131 [main] INFO  c.a.n.c.r.client - [lambda$createClient$0,77] - [RpcClientFactory] create a new rpc client of 5260fd10-8eea-4efb-822b-e3a9b2ec79ff
10:09:16.131 [main] INFO  c.a.n.c.r.client - [printIfInfoEnabled,60] - [5260fd10-8eea-4efb-822b-e3a9b2ec79ff]RpcClient init label, labels={module=naming, source=sdk}
10:09:16.132 [main] INFO  c.a.n.c.r.client - [printIfInfoEnabled,60] - [5260fd10-8eea-4efb-822b-e3a9b2ec79ff]RpcClient init, ServerListFactory =com.alibaba.nacos.client.naming.core.ServerListManager
10:09:16.133 [main] INFO  c.a.n.c.r.client - [printIfInfoEnabled,60] - [5260fd10-8eea-4efb-822b-e3a9b2ec79ff]Registry connection listener to current client:com.alibaba.nacos.client.naming.remote.gprc.redo.NamingGrpcRedoService
10:09:16.133 [main] INFO  c.a.n.c.r.client - [printIfInfoEnabled,60] - [5260fd10-8eea-4efb-822b-e3a9b2ec79ff]Register server push request handler:com.alibaba.nacos.client.naming.remote.gprc.NamingPushRequestHandler
10:09:16.134 [main] INFO  c.a.n.c.r.client - [printIfInfoEnabled,60] - [5260fd10-8eea-4efb-822b-e3a9b2ec79ff] Try to connect to server on start up, server: {serverIp='127.0.0.1', server main port=8848}
10:09:16.240 [main] INFO  c.a.n.c.r.client - [printIfInfoEnabled,60] - [5260fd10-8eea-4efb-822b-e3a9b2ec79ff] Success to connect to server [127.0.0.1:8848] on start up,connectionId=1645150156137_127.0.0.1_53991
10:09:16.240 [com.alibaba.nacos.client.remote.worker] INFO  c.a.n.c.r.client - [printIfInfoEnabled,60] - [5260fd10-8eea-4efb-822b-e3a9b2ec79ff]Notify connected event to listeners.
10:09:16.240 [main] INFO  c.a.n.c.r.client - [printIfInfoEnabled,60] - [5260fd10-8eea-4efb-822b-e3a9b2ec79ff]Register server push request handler:com.alibaba.nacos.common.remote.client.RpcClient$ConnectResetRequestHandler
10:09:16.240 [com.alibaba.nacos.client.remote.worker] INFO  c.a.n.client.naming - [onConnected,76] - Grpc connection connect
10:09:16.240 [main] INFO  c.a.n.c.r.client - [printIfInfoEnabled,60] - [5260fd10-8eea-4efb-822b-e3a9b2ec79ff]Register server push request handler:com.alibaba.nacos.common.remote.client.RpcClient$4
10:09:16.859 [main] INFO  c.a.n.client.naming - [isChangedServiceInfo,181] - init new ips(0) service: DEFAULT_GROUP@@ruoyi-file@@DEFAULT -> []
10:09:16.865 [main] INFO  c.a.n.client.naming - [processServiceInfo,166] - current ips:(0) service: DEFAULT_GROUP@@ruoyi-file@@DEFAULT -> []
10:09:16.869 [main] INFO  o.a.c.h.Http11NioProtocol - [log,173] - Starting ProtocolHandler ["http-nio-9300"]
10:09:16.880 [main] INFO  c.a.n.client.naming - [registerService,112] - [REGISTER-SERVICE] public registering service ruoyi-file with instance Instance{instanceId='null', ip='192.168.1.105', port=9300, weight=1.0, healthy=true, enabled=true, ephemeral=true, clusterName='DEFAULT', serviceName='null', metadata={preserved.register.source=SPRING_CLOUD}}
10:09:16.885 [main] INFO  c.a.c.n.r.NacosServiceRegistry - [register,75] - nacos registry, DEFAULT_GROUP ruoyi-file 192.168.1.105:9300 register finished
10:09:17.060 [main] INFO  c.r.f.RuoYiFileApplication - [logStarted,61] - Started RuoYiFileApplication in 4.781 seconds (JVM running for 5.402)
10:09:17.066 [main] INFO  c.a.n.c.c.i.ClientWorker - [addCacheDataIfAbsent,384] - [config_rpc_client] [subscribe] ruoyi-file-dev.yml+DEFAULT_GROUP
10:09:17.066 [main] INFO  c.a.n.c.c.i.CacheData - [addListener,173] - [config_rpc_client] [add-listener] ok, tenant=, dataId=ruoyi-file-dev.yml, group=DEFAULT_GROUP, cnt=1
10:09:17.067 [main] INFO  c.a.n.c.c.i.ClientWorker - [addCacheDataIfAbsent,384] - [config_rpc_client] [subscribe] ruoyi-file+DEFAULT_GROUP
10:09:17.067 [main] INFO  c.a.n.c.c.i.CacheData - [addListener,173] - [config_rpc_client] [add-listener] ok, tenant=, dataId=ruoyi-file, group=DEFAULT_GROUP, cnt=1
10:09:17.067 [main] INFO  c.a.n.c.c.i.ClientWorker - [addCacheDataIfAbsent,384] - [config_rpc_client] [subscribe] ruoyi-file.yml+DEFAULT_GROUP
10:09:17.067 [main] INFO  c.a.n.c.c.i.CacheData - [addListener,173] - [config_rpc_client] [add-listener] ok, tenant=, dataId=ruoyi-file.yml, group=DEFAULT_GROUP, cnt=1
10:09:17.374 [nacos-grpc-client-executor-6] INFO  c.a.n.c.r.client - [printIfInfoEnabled,60] - [5260fd10-8eea-4efb-822b-e3a9b2ec79ff]receive server push request,request=NotifySubscriberRequest,requestId=76
10:09:17.376 [nacos-grpc-client-executor-6] INFO  c.a.n.client.naming - [isChangedServiceInfo,181] - init new ips(1) service: DEFAULT_GROUP@@ruoyi-file -> [{"ip":"192.168.1.105","port":9300,"weight":1.0,"healthy":true,"enabled":true,"ephemeral":true,"clusterName":"DEFAULT","serviceName":"DEFAULT_GROUP@@ruoyi-file","metadata":{"preserved.register.source":"SPRING_CLOUD"},"ipDeleteTimeout":30000,"instanceHeartBeatInterval":5000,"instanceHeartBeatTimeOut":15000}]
10:09:17.376 [nacos-grpc-client-executor-6] INFO  c.a.n.client.naming - [processServiceInfo,166] - current ips:(1) service: DEFAULT_GROUP@@ruoyi-file -> [{"ip":"192.168.1.105","port":9300,"weight":1.0,"healthy":true,"enabled":true,"ephemeral":true,"clusterName":"DEFAULT","serviceName":"DEFAULT_GROUP@@ruoyi-file","metadata":{"preserved.register.source":"SPRING_CLOUD"},"ipDeleteTimeout":30000,"instanceHeartBeatInterval":5000,"instanceHeartBeatTimeOut":15000}]
10:09:17.377 [nacos-grpc-client-executor-6] INFO  c.a.n.c.r.client - [printIfInfoEnabled,60] - [5260fd10-8eea-4efb-822b-e3a9b2ec79ff]ack server push request,request=NotifySubscriberRequest,requestId=76
10:09:17.849 [com.alibaba.nacos.client.naming.updater.0] INFO  c.a.n.client.naming - [isChangedServiceInfo,235] - new ips(1) service: DEFAULT_GROUP@@ruoyi-file@@DEFAULT -> [{"ip":"192.168.1.105","port":9300,"weight":1.0,"healthy":true,"enabled":true,"ephemeral":true,"clusterName":"DEFAULT","serviceName":"DEFAULT_GROUP@@ruoyi-file","metadata":{"preserved.register.source":"SPRING_CLOUD"},"ipDeleteTimeout":30000,"instanceHeartBeatInterval":5000,"instanceHeartBeatTimeOut":15000}]
10:09:17.850 [com.alibaba.nacos.client.naming.updater.0] INFO  c.a.n.client.naming - [processServiceInfo,166] - current ips:(1) service: DEFAULT_GROUP@@ruoyi-file@@DEFAULT -> [{"ip":"192.168.1.105","port":9300,"weight":1.0,"healthy":true,"enabled":true,"ephemeral":true,"clusterName":"DEFAULT","serviceName":"DEFAULT_GROUP@@ruoyi-file","metadata":{"preserved.register.source":"SPRING_CLOUD"},"ipDeleteTimeout":30000,"instanceHeartBeatInterval":5000,"instanceHeartBeatTimeOut":15000}]
