09:16:16.197 [background-preinit] INFO  o.h.v.i.util.Version - [<clinit>,21] - HV000001: Hibernate Validator 6.2.0.Final
09:16:16.573 [main] INFO  c.a.n.c.c.i.LocalConfigInfoProcessor - [<clinit>,67] - LOCAL_SNAPSHOT_PATH:C:\Users\Administrator\nacos\config
09:16:16.575 [main] INFO  c.a.n.c.r.client - [lambda$createClient$0,77] - [RpcClientFactory] create a new rpc client of 839ea13f-ca37-4f2a-8873-726c804423da_config-0
09:16:16.614 [main] INFO  o.r.Reflections - [scan,232] - Reflections took 23 ms to scan 1 urls, producing 3 keys and 6 values 
09:16:16.642 [main] INFO  o.r.Reflections - [scan,232] - Reflections took 13 ms to scan 1 urls, producing 4 keys and 9 values 
09:16:16.656 [main] INFO  o.r.Reflections - [scan,232] - Reflections took 12 ms to scan 1 urls, producing 3 keys and 10 values 
09:16:16.790 [main] INFO  o.r.Reflections - [scan,232] - Reflections took 132 ms to scan 198 urls, producing 0 keys and 0 values 
09:16:16.800 [main] INFO  o.r.Reflections - [scan,232] - Reflections took 9 ms to scan 1 urls, producing 1 keys and 5 values 
09:16:16.810 [main] INFO  o.r.Reflections - [scan,232] - Reflections took 9 ms to scan 1 urls, producing 1 keys and 7 values 
09:16:16.823 [main] INFO  o.r.Reflections - [scan,232] - Reflections took 11 ms to scan 1 urls, producing 2 keys and 8 values 
09:16:16.938 [main] INFO  o.r.Reflections - [scan,232] - Reflections took 113 ms to scan 198 urls, producing 0 keys and 0 values 
09:16:16.939 [main] INFO  c.a.n.c.r.client - [printIfInfoEnabled,60] - [839ea13f-ca37-4f2a-8873-726c804423da_config-0]RpcClient init label, labels={module=config, Vipserver-Tag=null, source=sdk, Amory-Tag=null, Location-Tag=null, taskId=0, AppName=unknown}
09:16:16.940 [main] INFO  c.a.n.c.r.client - [printIfInfoEnabled,60] - [839ea13f-ca37-4f2a-8873-726c804423da_config-0]Register server push request handler:com.alibaba.nacos.client.config.impl.ClientWorker$ConfigRpcTransportClient$$Lambda$329/52913970
09:16:16.940 [main] INFO  c.a.n.c.r.client - [printIfInfoEnabled,60] - [839ea13f-ca37-4f2a-8873-726c804423da_config-0]Register server push request handler:com.alibaba.nacos.client.config.impl.ClientWorker$ConfigRpcTransportClient$$Lambda$330/1059634518
09:16:16.941 [main] INFO  c.a.n.c.r.client - [printIfInfoEnabled,60] - [839ea13f-ca37-4f2a-8873-726c804423da_config-0]Registry connection listener to current client:com.alibaba.nacos.client.config.impl.ClientWorker$ConfigRpcTransportClient$1
09:16:16.941 [main] INFO  c.a.n.c.r.client - [printIfInfoEnabled,60] - [839ea13f-ca37-4f2a-8873-726c804423da_config-0]RpcClient init, ServerListFactory =com.alibaba.nacos.client.config.impl.ClientWorker$ConfigRpcTransportClient$2
09:16:16.946 [main] INFO  c.a.n.c.r.client - [printIfInfoEnabled,60] - [839ea13f-ca37-4f2a-8873-726c804423da_config-0] Try to connect to server on start up, server: {serverIp='127.0.0.1', server main port=8848}
09:16:17.611 [main] INFO  c.a.n.c.r.client - [printIfInfoEnabled,60] - [839ea13f-ca37-4f2a-8873-726c804423da_config-0] Success to connect to server [127.0.0.1:8848] on start up,connectionId=1645406177388_127.0.0.1_51121
09:16:17.611 [com.alibaba.nacos.client.remote.worker] INFO  c.a.n.c.r.client - [printIfInfoEnabled,60] - [839ea13f-ca37-4f2a-8873-726c804423da_config-0]Notify connected event to listeners.
09:16:17.611 [main] INFO  c.a.n.c.r.client - [printIfInfoEnabled,60] - [839ea13f-ca37-4f2a-8873-726c804423da_config-0]Register server push request handler:com.alibaba.nacos.common.remote.client.RpcClient$ConnectResetRequestHandler
09:16:17.611 [com.alibaba.nacos.client.remote.worker] INFO  c.a.n.c.c.i.ClientWorker - [onConnected,681] - [839ea13f-ca37-4f2a-8873-726c804423da_config-0] Connected,notify listen context...
09:16:17.611 [main] INFO  c.a.n.c.r.client - [printIfInfoEnabled,60] - [839ea13f-ca37-4f2a-8873-726c804423da_config-0]Register server push request handler:com.alibaba.nacos.common.remote.client.RpcClient$4
09:16:17.637 [main] INFO  c.a.n.c.c.i.Limiter - [<clinit>,56] - limitTime:5.0
09:16:17.648 [main] INFO  c.a.n.c.c.u.JvmUtil - [<clinit>,53] - isMultiInstance:false
09:16:17.673 [main] INFO  c.r.f.RuoYiFileApplication - [logStartupProfileInfo,639] - The following profiles are active: dev
09:16:18.817 [main] INFO  o.a.c.h.Http11NioProtocol - [log,173] - Initializing ProtocolHandler ["http-nio-9300"]
09:16:18.817 [main] INFO  o.a.c.c.StandardService - [log,173] - Starting service [Tomcat]
09:16:18.818 [main] INFO  o.a.c.c.StandardEngine - [log,173] - Starting Servlet engine: [Apache Tomcat/9.0.56]
09:16:18.897 [main] INFO  o.a.c.c.C.[.[.[/] - [log,173] - Initializing Spring embedded WebApplicationContext
09:16:19.625 [main] INFO  c.a.n.client.naming - [initNamespaceForNaming,63] - initializer namespace from System Property : null
09:16:19.625 [main] INFO  c.a.n.client.naming - [call,69] - initializer namespace from System Environment :null
09:16:19.626 [main] INFO  c.a.n.client.naming - [call,79] - initializer namespace from System Property :null
09:16:19.636 [main] INFO  c.a.n.c.r.client - [lambda$createClient$0,77] - [RpcClientFactory] create a new rpc client of 51b425cb-1038-419b-bf92-c11c323210cd
09:16:19.636 [main] INFO  c.a.n.c.r.client - [printIfInfoEnabled,60] - [51b425cb-1038-419b-bf92-c11c323210cd]RpcClient init label, labels={module=naming, source=sdk}
09:16:19.637 [main] INFO  c.a.n.c.r.client - [printIfInfoEnabled,60] - [51b425cb-1038-419b-bf92-c11c323210cd]RpcClient init, ServerListFactory =com.alibaba.nacos.client.naming.core.ServerListManager
09:16:19.638 [main] INFO  c.a.n.c.r.client - [printIfInfoEnabled,60] - [51b425cb-1038-419b-bf92-c11c323210cd]Registry connection listener to current client:com.alibaba.nacos.client.naming.remote.gprc.redo.NamingGrpcRedoService
09:16:19.638 [main] INFO  c.a.n.c.r.client - [printIfInfoEnabled,60] - [51b425cb-1038-419b-bf92-c11c323210cd]Register server push request handler:com.alibaba.nacos.client.naming.remote.gprc.NamingPushRequestHandler
09:16:19.639 [main] INFO  c.a.n.c.r.client - [printIfInfoEnabled,60] - [51b425cb-1038-419b-bf92-c11c323210cd] Try to connect to server on start up, server: {serverIp='127.0.0.1', server main port=8848}
09:16:19.749 [main] INFO  c.a.n.c.r.client - [printIfInfoEnabled,60] - [51b425cb-1038-419b-bf92-c11c323210cd] Success to connect to server [127.0.0.1:8848] on start up,connectionId=1645406179644_127.0.0.1_51122
09:16:19.749 [com.alibaba.nacos.client.remote.worker] INFO  c.a.n.c.r.client - [printIfInfoEnabled,60] - [51b425cb-1038-419b-bf92-c11c323210cd]Notify connected event to listeners.
09:16:19.749 [main] INFO  c.a.n.c.r.client - [printIfInfoEnabled,60] - [51b425cb-1038-419b-bf92-c11c323210cd]Register server push request handler:com.alibaba.nacos.common.remote.client.RpcClient$ConnectResetRequestHandler
09:16:19.749 [com.alibaba.nacos.client.remote.worker] INFO  c.a.n.client.naming - [onConnected,76] - Grpc connection connect
09:16:19.749 [main] INFO  c.a.n.c.r.client - [printIfInfoEnabled,60] - [51b425cb-1038-419b-bf92-c11c323210cd]Register server push request handler:com.alibaba.nacos.common.remote.client.RpcClient$4
09:16:20.279 [main] INFO  c.a.n.client.naming - [isChangedServiceInfo,181] - init new ips(0) service: DEFAULT_GROUP@@ruoyi-file@@DEFAULT -> []
09:16:20.285 [main] INFO  c.a.n.client.naming - [processServiceInfo,166] - current ips:(0) service: DEFAULT_GROUP@@ruoyi-file@@DEFAULT -> []
09:16:20.289 [main] INFO  o.a.c.h.Http11NioProtocol - [log,173] - Starting ProtocolHandler ["http-nio-9300"]
09:16:20.299 [main] INFO  c.a.n.client.naming - [registerService,112] - [REGISTER-SERVICE] public registering service ruoyi-file with instance Instance{instanceId='null', ip='192.168.88.29', port=9300, weight=1.0, healthy=true, enabled=true, ephemeral=true, clusterName='DEFAULT', serviceName='null', metadata={preserved.register.source=SPRING_CLOUD}}
09:16:20.306 [main] INFO  c.a.c.n.r.NacosServiceRegistry - [register,75] - nacos registry, DEFAULT_GROUP ruoyi-file 192.168.88.29:9300 register finished
09:16:20.586 [main] INFO  c.r.f.RuoYiFileApplication - [logStarted,61] - Started RuoYiFileApplication in 4.802 seconds (JVM running for 5.438)
09:16:20.591 [main] INFO  c.a.n.c.c.i.ClientWorker - [addCacheDataIfAbsent,384] - [config_rpc_client] [subscribe] ruoyi-file-dev.yml+DEFAULT_GROUP
09:16:20.592 [main] INFO  c.a.n.c.c.i.CacheData - [addListener,173] - [config_rpc_client] [add-listener] ok, tenant=, dataId=ruoyi-file-dev.yml, group=DEFAULT_GROUP, cnt=1
09:16:20.592 [main] INFO  c.a.n.c.c.i.ClientWorker - [addCacheDataIfAbsent,384] - [config_rpc_client] [subscribe] ruoyi-file+DEFAULT_GROUP
09:16:20.592 [main] INFO  c.a.n.c.c.i.CacheData - [addListener,173] - [config_rpc_client] [add-listener] ok, tenant=, dataId=ruoyi-file, group=DEFAULT_GROUP, cnt=1
09:16:20.593 [main] INFO  c.a.n.c.c.i.ClientWorker - [addCacheDataIfAbsent,384] - [config_rpc_client] [subscribe] ruoyi-file.yml+DEFAULT_GROUP
09:16:20.593 [main] INFO  c.a.n.c.c.i.CacheData - [addListener,173] - [config_rpc_client] [add-listener] ok, tenant=, dataId=ruoyi-file.yml, group=DEFAULT_GROUP, cnt=1
09:16:20.792 [nacos-grpc-client-executor-8] INFO  c.a.n.c.r.client - [printIfInfoEnabled,60] - [51b425cb-1038-419b-bf92-c11c323210cd]receive server push request,request=NotifySubscriberRequest,requestId=4
09:16:20.795 [nacos-grpc-client-executor-8] INFO  c.a.n.client.naming - [isChangedServiceInfo,181] - init new ips(1) service: DEFAULT_GROUP@@ruoyi-file -> [{"ip":"192.168.88.29","port":9300,"weight":1.0,"healthy":true,"enabled":true,"ephemeral":true,"clusterName":"DEFAULT","serviceName":"DEFAULT_GROUP@@ruoyi-file","metadata":{"preserved.register.source":"SPRING_CLOUD"},"ipDeleteTimeout":30000,"instanceHeartBeatInterval":5000,"instanceHeartBeatTimeOut":15000}]
09:16:20.795 [nacos-grpc-client-executor-8] INFO  c.a.n.client.naming - [processServiceInfo,166] - current ips:(1) service: DEFAULT_GROUP@@ruoyi-file -> [{"ip":"192.168.88.29","port":9300,"weight":1.0,"healthy":true,"enabled":true,"ephemeral":true,"clusterName":"DEFAULT","serviceName":"DEFAULT_GROUP@@ruoyi-file","metadata":{"preserved.register.source":"SPRING_CLOUD"},"ipDeleteTimeout":30000,"instanceHeartBeatInterval":5000,"instanceHeartBeatTimeOut":15000}]
09:16:20.797 [nacos-grpc-client-executor-8] INFO  c.a.n.c.r.client - [printIfInfoEnabled,60] - [51b425cb-1038-419b-bf92-c11c323210cd]ack server push request,request=NotifySubscriberRequest,requestId=4
09:16:21.272 [com.alibaba.nacos.client.naming.updater.0] INFO  c.a.n.client.naming - [isChangedServiceInfo,235] - new ips(1) service: DEFAULT_GROUP@@ruoyi-file@@DEFAULT -> [{"ip":"192.168.88.29","port":9300,"weight":1.0,"healthy":true,"enabled":true,"ephemeral":true,"clusterName":"DEFAULT","serviceName":"DEFAULT_GROUP@@ruoyi-file","metadata":{"preserved.register.source":"SPRING_CLOUD"},"ipDeleteTimeout":30000,"instanceHeartBeatInterval":5000,"instanceHeartBeatTimeOut":15000}]
09:16:21.273 [com.alibaba.nacos.client.naming.updater.0] INFO  c.a.n.client.naming - [processServiceInfo,166] - current ips:(1) service: DEFAULT_GROUP@@ruoyi-file@@DEFAULT -> [{"ip":"192.168.88.29","port":9300,"weight":1.0,"healthy":true,"enabled":true,"ephemeral":true,"clusterName":"DEFAULT","serviceName":"DEFAULT_GROUP@@ruoyi-file","metadata":{"preserved.register.source":"SPRING_CLOUD"},"ipDeleteTimeout":30000,"instanceHeartBeatInterval":5000,"instanceHeartBeatTimeOut":15000}]
