09:23:43.551 [background-preinit] INFO  o.h.v.i.util.Version - [<clinit>,21] - HV000001: Hibernate Validator 6.2.0.Final
09:23:43.940 [main] INFO  c.a.n.c.c.i.LocalConfigInfoProcessor - [<clinit>,67] - LOCAL_SNAPSHOT_PATH:C:\Users\Administrator\nacos\config
09:23:43.942 [main] INFO  c.a.n.c.r.client - [lambda$createClient$0,77] - [RpcClientFactory] create a new rpc client of 69d38bd6-1c6f-4ade-9143-f6443ae0e25a_config-0
09:23:43.975 [main] INFO  o.r.Reflections - [scan,232] - Reflections took 21 ms to scan 1 urls, producing 3 keys and 6 values 
09:23:43.997 [main] INFO  o.r.Reflections - [scan,232] - Reflections took 11 ms to scan 1 urls, producing 4 keys and 9 values 
09:23:44.009 [main] INFO  o.r.Reflections - [scan,232] - Reflections took 10 ms to scan 1 urls, producing 3 keys and 10 values 
09:23:44.142 [main] INFO  o.r.Reflections - [scan,232] - Reflections took 131 ms to scan 198 urls, producing 0 keys and 0 values 
09:23:44.152 [main] INFO  o.r.Reflections - [scan,232] - Reflections took 9 ms to scan 1 urls, producing 1 keys and 5 values 
09:23:44.162 [main] INFO  o.r.Reflections - [scan,232] - Reflections took 8 ms to scan 1 urls, producing 1 keys and 7 values 
09:23:44.171 [main] INFO  o.r.Reflections - [scan,232] - Reflections took 8 ms to scan 1 urls, producing 2 keys and 8 values 
09:23:44.285 [main] INFO  o.r.Reflections - [scan,232] - Reflections took 111 ms to scan 198 urls, producing 0 keys and 0 values 
09:23:44.286 [main] INFO  c.a.n.c.r.client - [printIfInfoEnabled,60] - [69d38bd6-1c6f-4ade-9143-f6443ae0e25a_config-0]RpcClient init label, labels={module=config, Vipserver-Tag=null, source=sdk, Amory-Tag=null, Location-Tag=null, taskId=0, AppName=unknown}
09:23:44.286 [main] INFO  c.a.n.c.r.client - [printIfInfoEnabled,60] - [69d38bd6-1c6f-4ade-9143-f6443ae0e25a_config-0]Register server push request handler:com.alibaba.nacos.client.config.impl.ClientWorker$ConfigRpcTransportClient$$Lambda$329/52913970
09:23:44.287 [main] INFO  c.a.n.c.r.client - [printIfInfoEnabled,60] - [69d38bd6-1c6f-4ade-9143-f6443ae0e25a_config-0]Register server push request handler:com.alibaba.nacos.client.config.impl.ClientWorker$ConfigRpcTransportClient$$Lambda$330/1059634518
09:23:44.287 [main] INFO  c.a.n.c.r.client - [printIfInfoEnabled,60] - [69d38bd6-1c6f-4ade-9143-f6443ae0e25a_config-0]Registry connection listener to current client:com.alibaba.nacos.client.config.impl.ClientWorker$ConfigRpcTransportClient$1
09:23:44.287 [main] INFO  c.a.n.c.r.client - [printIfInfoEnabled,60] - [69d38bd6-1c6f-4ade-9143-f6443ae0e25a_config-0]RpcClient init, ServerListFactory =com.alibaba.nacos.client.config.impl.ClientWorker$ConfigRpcTransportClient$2
09:23:44.292 [main] INFO  c.a.n.c.r.client - [printIfInfoEnabled,60] - [69d38bd6-1c6f-4ade-9143-f6443ae0e25a_config-0] Try to connect to server on start up, server: {serverIp='127.0.0.1', server main port=8848}
09:23:44.926 [main] INFO  c.a.n.c.r.client - [printIfInfoEnabled,60] - [69d38bd6-1c6f-4ade-9143-f6443ae0e25a_config-0] Success to connect to server [127.0.0.1:8848] on start up,connectionId=1645061024714_127.0.0.1_53379
09:23:44.926 [com.alibaba.nacos.client.remote.worker] INFO  c.a.n.c.r.client - [printIfInfoEnabled,60] - [69d38bd6-1c6f-4ade-9143-f6443ae0e25a_config-0]Notify connected event to listeners.
09:23:44.926 [main] INFO  c.a.n.c.r.client - [printIfInfoEnabled,60] - [69d38bd6-1c6f-4ade-9143-f6443ae0e25a_config-0]Register server push request handler:com.alibaba.nacos.common.remote.client.RpcClient$ConnectResetRequestHandler
09:23:44.926 [com.alibaba.nacos.client.remote.worker] INFO  c.a.n.c.c.i.ClientWorker - [onConnected,681] - [69d38bd6-1c6f-4ade-9143-f6443ae0e25a_config-0] Connected,notify listen context...
09:23:44.927 [main] INFO  c.a.n.c.r.client - [printIfInfoEnabled,60] - [69d38bd6-1c6f-4ade-9143-f6443ae0e25a_config-0]Register server push request handler:com.alibaba.nacos.common.remote.client.RpcClient$4
09:23:44.953 [main] INFO  c.a.n.c.c.i.Limiter - [<clinit>,56] - limitTime:5.0
09:23:44.963 [main] INFO  c.a.n.c.c.u.JvmUtil - [<clinit>,53] - isMultiInstance:false
09:23:44.982 [main] INFO  c.r.f.RuoYiFileApplication - [logStartupProfileInfo,639] - The following profiles are active: dev
09:23:46.126 [main] INFO  o.a.c.h.Http11NioProtocol - [log,173] - Initializing ProtocolHandler ["http-nio-9300"]
09:23:46.126 [main] INFO  o.a.c.c.StandardService - [log,173] - Starting service [Tomcat]
09:23:46.126 [main] INFO  o.a.c.c.StandardEngine - [log,173] - Starting Servlet engine: [Apache Tomcat/9.0.56]
09:23:46.217 [main] INFO  o.a.c.c.C.[.[.[/] - [log,173] - Initializing Spring embedded WebApplicationContext
09:23:46.885 [main] INFO  c.a.n.client.naming - [initNamespaceForNaming,63] - initializer namespace from System Property : null
09:23:46.886 [main] INFO  c.a.n.client.naming - [call,69] - initializer namespace from System Environment :null
09:23:46.886 [main] INFO  c.a.n.client.naming - [call,79] - initializer namespace from System Property :null
09:23:46.896 [main] INFO  c.a.n.c.r.client - [lambda$createClient$0,77] - [RpcClientFactory] create a new rpc client of cbdac345-a69b-4c35-884a-8181462aaabb
09:23:46.896 [main] INFO  c.a.n.c.r.client - [printIfInfoEnabled,60] - [cbdac345-a69b-4c35-884a-8181462aaabb]RpcClient init label, labels={module=naming, source=sdk}
09:23:46.897 [main] INFO  c.a.n.c.r.client - [printIfInfoEnabled,60] - [cbdac345-a69b-4c35-884a-8181462aaabb]RpcClient init, ServerListFactory =com.alibaba.nacos.client.naming.core.ServerListManager
09:23:46.897 [main] INFO  c.a.n.c.r.client - [printIfInfoEnabled,60] - [cbdac345-a69b-4c35-884a-8181462aaabb]Registry connection listener to current client:com.alibaba.nacos.client.naming.remote.gprc.redo.NamingGrpcRedoService
09:23:46.898 [main] INFO  c.a.n.c.r.client - [printIfInfoEnabled,60] - [cbdac345-a69b-4c35-884a-8181462aaabb]Register server push request handler:com.alibaba.nacos.client.naming.remote.gprc.NamingPushRequestHandler
09:23:46.898 [main] INFO  c.a.n.c.r.client - [printIfInfoEnabled,60] - [cbdac345-a69b-4c35-884a-8181462aaabb] Try to connect to server on start up, server: {serverIp='127.0.0.1', server main port=8848}
09:23:47.005 [main] INFO  c.a.n.c.r.client - [printIfInfoEnabled,60] - [cbdac345-a69b-4c35-884a-8181462aaabb] Success to connect to server [127.0.0.1:8848] on start up,connectionId=1645061026902_127.0.0.1_53383
09:23:47.005 [com.alibaba.nacos.client.remote.worker] INFO  c.a.n.c.r.client - [printIfInfoEnabled,60] - [cbdac345-a69b-4c35-884a-8181462aaabb]Notify connected event to listeners.
09:23:47.005 [com.alibaba.nacos.client.remote.worker] INFO  c.a.n.client.naming - [onConnected,76] - Grpc connection connect
09:23:47.005 [main] INFO  c.a.n.c.r.client - [printIfInfoEnabled,60] - [cbdac345-a69b-4c35-884a-8181462aaabb]Register server push request handler:com.alibaba.nacos.common.remote.client.RpcClient$ConnectResetRequestHandler
09:23:47.005 [main] INFO  c.a.n.c.r.client - [printIfInfoEnabled,60] - [cbdac345-a69b-4c35-884a-8181462aaabb]Register server push request handler:com.alibaba.nacos.common.remote.client.RpcClient$4
09:23:47.621 [main] INFO  c.a.n.client.naming - [isChangedServiceInfo,181] - init new ips(0) service: DEFAULT_GROUP@@ruoyi-file@@DEFAULT -> []
09:23:47.627 [main] INFO  c.a.n.client.naming - [processServiceInfo,166] - current ips:(0) service: DEFAULT_GROUP@@ruoyi-file@@DEFAULT -> []
09:23:47.631 [main] INFO  o.a.c.h.Http11NioProtocol - [log,173] - Starting ProtocolHandler ["http-nio-9300"]
09:23:47.643 [main] INFO  c.a.n.client.naming - [registerService,112] - [REGISTER-SERVICE] public registering service ruoyi-file with instance Instance{instanceId='null', ip='192.168.1.105', port=9300, weight=1.0, healthy=true, enabled=true, ephemeral=true, clusterName='DEFAULT', serviceName='null', metadata={preserved.register.source=SPRING_CLOUD}}
09:23:47.647 [main] INFO  c.a.c.n.r.NacosServiceRegistry - [register,75] - nacos registry, DEFAULT_GROUP ruoyi-file 192.168.1.105:9300 register finished
09:23:47.817 [main] INFO  c.r.f.RuoYiFileApplication - [logStarted,61] - Started RuoYiFileApplication in 4.663 seconds (JVM running for 5.273)
09:23:47.822 [main] INFO  c.a.n.c.c.i.ClientWorker - [addCacheDataIfAbsent,384] - [config_rpc_client] [subscribe] ruoyi-file-dev.yml+DEFAULT_GROUP
09:23:47.823 [main] INFO  c.a.n.c.c.i.CacheData - [addListener,173] - [config_rpc_client] [add-listener] ok, tenant=, dataId=ruoyi-file-dev.yml, group=DEFAULT_GROUP, cnt=1
09:23:47.823 [main] INFO  c.a.n.c.c.i.ClientWorker - [addCacheDataIfAbsent,384] - [config_rpc_client] [subscribe] ruoyi-file+DEFAULT_GROUP
09:23:47.823 [main] INFO  c.a.n.c.c.i.CacheData - [addListener,173] - [config_rpc_client] [add-listener] ok, tenant=, dataId=ruoyi-file, group=DEFAULT_GROUP, cnt=1
09:23:47.824 [main] INFO  c.a.n.c.c.i.ClientWorker - [addCacheDataIfAbsent,384] - [config_rpc_client] [subscribe] ruoyi-file.yml+DEFAULT_GROUP
09:23:47.824 [main] INFO  c.a.n.c.c.i.CacheData - [addListener,173] - [config_rpc_client] [add-listener] ok, tenant=, dataId=ruoyi-file.yml, group=DEFAULT_GROUP, cnt=1
09:23:48.125 [nacos-grpc-client-executor-6] INFO  c.a.n.c.r.client - [printIfInfoEnabled,60] - [cbdac345-a69b-4c35-884a-8181462aaabb]receive server push request,request=NotifySubscriberRequest,requestId=61
09:23:48.127 [nacos-grpc-client-executor-6] INFO  c.a.n.client.naming - [isChangedServiceInfo,181] - init new ips(1) service: DEFAULT_GROUP@@ruoyi-file -> [{"ip":"192.168.1.105","port":9300,"weight":1.0,"healthy":true,"enabled":true,"ephemeral":true,"clusterName":"DEFAULT","serviceName":"DEFAULT_GROUP@@ruoyi-file","metadata":{"preserved.register.source":"SPRING_CLOUD"},"ipDeleteTimeout":30000,"instanceHeartBeatInterval":5000,"instanceHeartBeatTimeOut":15000}]
09:23:48.127 [nacos-grpc-client-executor-6] INFO  c.a.n.client.naming - [processServiceInfo,166] - current ips:(1) service: DEFAULT_GROUP@@ruoyi-file -> [{"ip":"192.168.1.105","port":9300,"weight":1.0,"healthy":true,"enabled":true,"ephemeral":true,"clusterName":"DEFAULT","serviceName":"DEFAULT_GROUP@@ruoyi-file","metadata":{"preserved.register.source":"SPRING_CLOUD"},"ipDeleteTimeout":30000,"instanceHeartBeatInterval":5000,"instanceHeartBeatTimeOut":15000}]
09:23:48.128 [nacos-grpc-client-executor-6] INFO  c.a.n.c.r.client - [printIfInfoEnabled,60] - [cbdac345-a69b-4c35-884a-8181462aaabb]ack server push request,request=NotifySubscriberRequest,requestId=61
09:23:48.616 [com.alibaba.nacos.client.naming.updater.0] INFO  c.a.n.client.naming - [isChangedServiceInfo,235] - new ips(1) service: DEFAULT_GROUP@@ruoyi-file@@DEFAULT -> [{"ip":"192.168.1.105","port":9300,"weight":1.0,"healthy":true,"enabled":true,"ephemeral":true,"clusterName":"DEFAULT","serviceName":"DEFAULT_GROUP@@ruoyi-file","metadata":{"preserved.register.source":"SPRING_CLOUD"},"ipDeleteTimeout":30000,"instanceHeartBeatInterval":5000,"instanceHeartBeatTimeOut":15000}]
09:23:48.616 [com.alibaba.nacos.client.naming.updater.0] INFO  c.a.n.client.naming - [processServiceInfo,166] - current ips:(1) service: DEFAULT_GROUP@@ruoyi-file@@DEFAULT -> [{"ip":"192.168.1.105","port":9300,"weight":1.0,"healthy":true,"enabled":true,"ephemeral":true,"clusterName":"DEFAULT","serviceName":"DEFAULT_GROUP@@ruoyi-file","metadata":{"preserved.register.source":"SPRING_CLOUD"},"ipDeleteTimeout":30000,"instanceHeartBeatInterval":5000,"instanceHeartBeatTimeOut":15000}]
16:40:53.653 [http-nio-9300-exec-1] INFO  o.a.c.c.C.[.[.[/] - [log,173] - Initializing Spring DispatcherServlet 'dispatcherServlet'
