09:32:55.364 [background-preinit] INFO  o.h.v.i.util.Version - [<clinit>,21] - HV000001: Hibernate Validator 6.2.0.Final
09:32:55.745 [main] INFO  c.a.n.c.c.i.LocalConfigInfoProcessor - [<clinit>,67] - LOCAL_SNAPSHOT_PATH:C:\Users\Administrator\nacos\config
09:32:55.747 [main] INFO  c.a.n.c.r.client - [lambda$createClient$0,77] - [RpcClientFactory] create a new rpc client of 1bcc7f25-a9da-4f45-a606-f9947238b753_config-0
09:32:55.788 [main] INFO  o.r.Reflections - [scan,232] - Reflections took 24 ms to scan 1 urls, producing 3 keys and 6 values 
09:32:55.817 [main] INFO  o.r.Reflections - [scan,232] - Reflections took 13 ms to scan 1 urls, producing 4 keys and 9 values 
09:32:55.831 [main] INFO  o.r.Reflections - [scan,232] - Reflections took 12 ms to scan 1 urls, producing 3 keys and 10 values 
09:32:55.962 [main] INFO  o.r.Reflections - [scan,232] - Reflections took 129 ms to scan 198 urls, producing 0 keys and 0 values 
09:32:55.971 [main] INFO  o.r.Reflections - [scan,232] - Reflections took 8 ms to scan 1 urls, producing 1 keys and 5 values 
09:32:55.981 [main] INFO  o.r.Reflections - [scan,232] - Reflections took 9 ms to scan 1 urls, producing 1 keys and 7 values 
09:32:55.992 [main] INFO  o.r.Reflections - [scan,232] - Reflections took 9 ms to scan 1 urls, producing 2 keys and 8 values 
09:32:56.112 [main] INFO  o.r.Reflections - [scan,232] - Reflections took 118 ms to scan 198 urls, producing 0 keys and 0 values 
09:32:56.113 [main] INFO  c.a.n.c.r.client - [printIfInfoEnabled,60] - [1bcc7f25-a9da-4f45-a606-f9947238b753_config-0]RpcClient init label, labels={module=config, Vipserver-Tag=null, source=sdk, Amory-Tag=null, Location-Tag=null, taskId=0, AppName=unknown}
09:32:56.113 [main] INFO  c.a.n.c.r.client - [printIfInfoEnabled,60] - [1bcc7f25-a9da-4f45-a606-f9947238b753_config-0]Register server push request handler:com.alibaba.nacos.client.config.impl.ClientWorker$ConfigRpcTransportClient$$Lambda$329/52913970
09:32:56.114 [main] INFO  c.a.n.c.r.client - [printIfInfoEnabled,60] - [1bcc7f25-a9da-4f45-a606-f9947238b753_config-0]Register server push request handler:com.alibaba.nacos.client.config.impl.ClientWorker$ConfigRpcTransportClient$$Lambda$330/1059634518
09:32:56.114 [main] INFO  c.a.n.c.r.client - [printIfInfoEnabled,60] - [1bcc7f25-a9da-4f45-a606-f9947238b753_config-0]Registry connection listener to current client:com.alibaba.nacos.client.config.impl.ClientWorker$ConfigRpcTransportClient$1
09:32:56.114 [main] INFO  c.a.n.c.r.client - [printIfInfoEnabled,60] - [1bcc7f25-a9da-4f45-a606-f9947238b753_config-0]RpcClient init, ServerListFactory =com.alibaba.nacos.client.config.impl.ClientWorker$ConfigRpcTransportClient$2
09:32:56.119 [main] INFO  c.a.n.c.r.client - [printIfInfoEnabled,60] - [1bcc7f25-a9da-4f45-a606-f9947238b753_config-0] Try to connect to server on start up, server: {serverIp='127.0.0.1', server main port=8848}
09:32:56.773 [main] INFO  c.a.n.c.r.client - [printIfInfoEnabled,60] - [1bcc7f25-a9da-4f45-a606-f9947238b753_config-0] Success to connect to server [127.0.0.1:8848] on start up,connectionId=1644888776556_127.0.0.1_50810
09:32:56.774 [com.alibaba.nacos.client.remote.worker] INFO  c.a.n.c.r.client - [printIfInfoEnabled,60] - [1bcc7f25-a9da-4f45-a606-f9947238b753_config-0]Notify connected event to listeners.
09:32:56.774 [main] INFO  c.a.n.c.r.client - [printIfInfoEnabled,60] - [1bcc7f25-a9da-4f45-a606-f9947238b753_config-0]Register server push request handler:com.alibaba.nacos.common.remote.client.RpcClient$ConnectResetRequestHandler
09:32:56.774 [com.alibaba.nacos.client.remote.worker] INFO  c.a.n.c.c.i.ClientWorker - [onConnected,681] - [1bcc7f25-a9da-4f45-a606-f9947238b753_config-0] Connected,notify listen context...
09:32:56.774 [main] INFO  c.a.n.c.r.client - [printIfInfoEnabled,60] - [1bcc7f25-a9da-4f45-a606-f9947238b753_config-0]Register server push request handler:com.alibaba.nacos.common.remote.client.RpcClient$4
09:32:56.800 [main] INFO  c.a.n.c.c.i.Limiter - [<clinit>,56] - limitTime:5.0
09:32:56.812 [main] INFO  c.a.n.c.c.u.JvmUtil - [<clinit>,53] - isMultiInstance:false
09:32:56.834 [main] INFO  c.r.f.RuoYiFileApplication - [logStartupProfileInfo,639] - The following profiles are active: dev
09:32:58.017 [main] INFO  o.a.c.h.Http11NioProtocol - [log,173] - Initializing ProtocolHandler ["http-nio-9300"]
09:32:58.017 [main] INFO  o.a.c.c.StandardService - [log,173] - Starting service [Tomcat]
09:32:58.018 [main] INFO  o.a.c.c.StandardEngine - [log,173] - Starting Servlet engine: [Apache Tomcat/9.0.56]
09:32:58.100 [main] INFO  o.a.c.c.C.[.[.[/] - [log,173] - Initializing Spring embedded WebApplicationContext
09:32:58.781 [main] INFO  c.a.n.client.naming - [initNamespaceForNaming,63] - initializer namespace from System Property : null
09:32:58.782 [main] INFO  c.a.n.client.naming - [call,69] - initializer namespace from System Environment :null
09:32:58.782 [main] INFO  c.a.n.client.naming - [call,79] - initializer namespace from System Property :null
09:32:58.791 [main] INFO  c.a.n.c.r.client - [lambda$createClient$0,77] - [RpcClientFactory] create a new rpc client of f4b9f73f-9ff6-4486-87a7-4906bbd32b8b
09:32:58.792 [main] INFO  c.a.n.c.r.client - [printIfInfoEnabled,60] - [f4b9f73f-9ff6-4486-87a7-4906bbd32b8b]RpcClient init label, labels={module=naming, source=sdk}
09:32:58.793 [main] INFO  c.a.n.c.r.client - [printIfInfoEnabled,60] - [f4b9f73f-9ff6-4486-87a7-4906bbd32b8b]RpcClient init, ServerListFactory =com.alibaba.nacos.client.naming.core.ServerListManager
09:32:58.793 [main] INFO  c.a.n.c.r.client - [printIfInfoEnabled,60] - [f4b9f73f-9ff6-4486-87a7-4906bbd32b8b]Registry connection listener to current client:com.alibaba.nacos.client.naming.remote.gprc.redo.NamingGrpcRedoService
09:32:58.793 [main] INFO  c.a.n.c.r.client - [printIfInfoEnabled,60] - [f4b9f73f-9ff6-4486-87a7-4906bbd32b8b]Register server push request handler:com.alibaba.nacos.client.naming.remote.gprc.NamingPushRequestHandler
09:32:58.794 [main] INFO  c.a.n.c.r.client - [printIfInfoEnabled,60] - [f4b9f73f-9ff6-4486-87a7-4906bbd32b8b] Try to connect to server on start up, server: {serverIp='127.0.0.1', server main port=8848}
09:32:58.901 [main] INFO  c.a.n.c.r.client - [printIfInfoEnabled,60] - [f4b9f73f-9ff6-4486-87a7-4906bbd32b8b] Success to connect to server [127.0.0.1:8848] on start up,connectionId=1644888778798_127.0.0.1_50812
09:32:58.901 [com.alibaba.nacos.client.remote.worker] INFO  c.a.n.c.r.client - [printIfInfoEnabled,60] - [f4b9f73f-9ff6-4486-87a7-4906bbd32b8b]Notify connected event to listeners.
09:32:58.901 [com.alibaba.nacos.client.remote.worker] INFO  c.a.n.client.naming - [onConnected,76] - Grpc connection connect
09:32:58.901 [main] INFO  c.a.n.c.r.client - [printIfInfoEnabled,60] - [f4b9f73f-9ff6-4486-87a7-4906bbd32b8b]Register server push request handler:com.alibaba.nacos.common.remote.client.RpcClient$ConnectResetRequestHandler
09:32:58.901 [main] INFO  c.a.n.c.r.client - [printIfInfoEnabled,60] - [f4b9f73f-9ff6-4486-87a7-4906bbd32b8b]Register server push request handler:com.alibaba.nacos.common.remote.client.RpcClient$4
09:32:59.539 [main] INFO  c.a.n.client.naming - [isChangedServiceInfo,181] - init new ips(0) service: DEFAULT_GROUP@@ruoyi-file@@DEFAULT -> []
09:32:59.545 [main] INFO  c.a.n.client.naming - [processServiceInfo,166] - current ips:(0) service: DEFAULT_GROUP@@ruoyi-file@@DEFAULT -> []
09:32:59.550 [main] INFO  o.a.c.h.Http11NioProtocol - [log,173] - Starting ProtocolHandler ["http-nio-9300"]
09:32:59.562 [main] INFO  c.a.n.client.naming - [registerService,112] - [REGISTER-SERVICE] public registering service ruoyi-file with instance Instance{instanceId='null', ip='192.168.1.105', port=9300, weight=1.0, healthy=true, enabled=true, ephemeral=true, clusterName='DEFAULT', serviceName='null', metadata={preserved.register.source=SPRING_CLOUD}}
09:32:59.567 [main] INFO  c.a.c.n.r.NacosServiceRegistry - [register,75] - nacos registry, DEFAULT_GROUP ruoyi-file 192.168.1.105:9300 register finished
09:32:59.740 [main] INFO  c.r.f.RuoYiFileApplication - [logStarted,61] - Started RuoYiFileApplication in 4.785 seconds (JVM running for 5.435)
09:32:59.745 [main] INFO  c.a.n.c.c.i.ClientWorker - [addCacheDataIfAbsent,384] - [config_rpc_client] [subscribe] ruoyi-file-dev.yml+DEFAULT_GROUP
09:32:59.746 [main] INFO  c.a.n.c.c.i.CacheData - [addListener,173] - [config_rpc_client] [add-listener] ok, tenant=, dataId=ruoyi-file-dev.yml, group=DEFAULT_GROUP, cnt=1
09:32:59.746 [main] INFO  c.a.n.c.c.i.ClientWorker - [addCacheDataIfAbsent,384] - [config_rpc_client] [subscribe] ruoyi-file+DEFAULT_GROUP
09:32:59.746 [main] INFO  c.a.n.c.c.i.CacheData - [addListener,173] - [config_rpc_client] [add-listener] ok, tenant=, dataId=ruoyi-file, group=DEFAULT_GROUP, cnt=1
09:32:59.746 [main] INFO  c.a.n.c.c.i.ClientWorker - [addCacheDataIfAbsent,384] - [config_rpc_client] [subscribe] ruoyi-file.yml+DEFAULT_GROUP
09:32:59.746 [main] INFO  c.a.n.c.c.i.CacheData - [addListener,173] - [config_rpc_client] [add-listener] ok, tenant=, dataId=ruoyi-file.yml, group=DEFAULT_GROUP, cnt=1
09:33:00.047 [nacos-grpc-client-executor-6] INFO  c.a.n.c.r.client - [printIfInfoEnabled,60] - [f4b9f73f-9ff6-4486-87a7-4906bbd32b8b]receive server push request,request=NotifySubscriberRequest,requestId=11
09:33:00.049 [nacos-grpc-client-executor-6] INFO  c.a.n.client.naming - [isChangedServiceInfo,181] - init new ips(1) service: DEFAULT_GROUP@@ruoyi-file -> [{"ip":"192.168.1.105","port":9300,"weight":1.0,"healthy":true,"enabled":true,"ephemeral":true,"clusterName":"DEFAULT","serviceName":"DEFAULT_GROUP@@ruoyi-file","metadata":{"preserved.register.source":"SPRING_CLOUD"},"ipDeleteTimeout":30000,"instanceHeartBeatTimeOut":15000,"instanceHeartBeatInterval":5000}]
09:33:00.049 [nacos-grpc-client-executor-6] INFO  c.a.n.client.naming - [processServiceInfo,166] - current ips:(1) service: DEFAULT_GROUP@@ruoyi-file -> [{"ip":"192.168.1.105","port":9300,"weight":1.0,"healthy":true,"enabled":true,"ephemeral":true,"clusterName":"DEFAULT","serviceName":"DEFAULT_GROUP@@ruoyi-file","metadata":{"preserved.register.source":"SPRING_CLOUD"},"ipDeleteTimeout":30000,"instanceHeartBeatTimeOut":15000,"instanceHeartBeatInterval":5000}]
09:33:00.050 [nacos-grpc-client-executor-6] INFO  c.a.n.c.r.client - [printIfInfoEnabled,60] - [f4b9f73f-9ff6-4486-87a7-4906bbd32b8b]ack server push request,request=NotifySubscriberRequest,requestId=11
09:33:00.534 [com.alibaba.nacos.client.naming.updater.0] INFO  c.a.n.client.naming - [isChangedServiceInfo,235] - new ips(1) service: DEFAULT_GROUP@@ruoyi-file@@DEFAULT -> [{"ip":"192.168.1.105","port":9300,"weight":1.0,"healthy":true,"enabled":true,"ephemeral":true,"clusterName":"DEFAULT","serviceName":"DEFAULT_GROUP@@ruoyi-file","metadata":{"preserved.register.source":"SPRING_CLOUD"},"ipDeleteTimeout":30000,"instanceHeartBeatTimeOut":15000,"instanceHeartBeatInterval":5000}]
09:33:00.534 [com.alibaba.nacos.client.naming.updater.0] INFO  c.a.n.client.naming - [processServiceInfo,166] - current ips:(1) service: DEFAULT_GROUP@@ruoyi-file@@DEFAULT -> [{"ip":"192.168.1.105","port":9300,"weight":1.0,"healthy":true,"enabled":true,"ephemeral":true,"clusterName":"DEFAULT","serviceName":"DEFAULT_GROUP@@ruoyi-file","metadata":{"preserved.register.source":"SPRING_CLOUD"},"ipDeleteTimeout":30000,"instanceHeartBeatTimeOut":15000,"instanceHeartBeatInterval":5000}]
09:43:07.043 [http-nio-9300-exec-1] INFO  o.a.c.c.C.[.[.[/] - [log,173] - Initializing Spring DispatcherServlet 'dispatcherServlet'
