13:53:40.434 [boundedElastic-15] ERROR c.r.g.h.GatewayExceptionHandler - [handle,52] - [网关异常处理]请求路径:/auth/login,异常信息:503 SERVICE_UNAVAILABLE "Unable to find instance for ruoyi-auth"
16:07:47.012 [reactor-http-nio-8] ERROR c.r.g.h.GatewayExceptionHandler - [handle,52] - [网关异常处理]请求路径:/goods/category/list,异常信息:404 NOT_FOUND
16:07:52.926 [reactor-http-nio-12] ERROR c.r.g.h.GatewayExceptionHandler - [handle,52] - [网关异常处理]请求路径:/goods/brand/treeselect,异常信息:404 NOT_FOUND
16:07:52.926 [reactor-http-nio-11] ERROR c.r.g.h.GatewayExceptionHandler - [handle,52] - [网关异常处理]请求路径:/goods/product/list,异常信息:404 NOT_FOUND
16:07:56.197 [reactor-http-nio-3] ERROR c.r.g.h.GatewayExceptionHandler - [handle,52] - [网关异常处理]请求路径:/goods/brand/list,异常信息:404 NOT_FOUND
16:10:06.429 [reactor-http-nio-8] ERROR c.r.g.h.GatewayExceptionHandler - [handle,52] - [网关异常处理]请求路径:/goods/brand/list,异常信息:404 NOT_FOUND
16:11:13.702 [reactor-http-nio-9] ERROR c.r.g.h.GatewayExceptionHandler - [handle,52] - [网关异常处理]请求路径:/goods/brand/list,异常信息:404 NOT_FOUND
16:14:40.091 [reactor-http-nio-2] ERROR c.r.g.h.GatewayExceptionHandler - [handle,52] - [网关异常处理]请求路径:/goods/brand/list,异常信息:404 NOT_FOUND
16:18:20.923 [reactor-http-nio-7] ERROR c.r.g.h.GatewayExceptionHandler - [handle,52] - [网关异常处理]请求路径:/goods/brand/list,异常信息:404 NOT_FOUND
16:18:46.890 [reactor-http-nio-11] ERROR c.r.g.h.GatewayExceptionHandler - [handle,52] - [网关异常处理]请求路径:/goods/brand/treeselect,异常信息:404 NOT_FOUND
16:18:46.890 [reactor-http-nio-10] ERROR c.r.g.h.GatewayExceptionHandler - [handle,52] - [网关异常处理]请求路径:/goods/product/list,异常信息:404 NOT_FOUND
16:20:11.476 [reactor-http-nio-1] ERROR c.r.g.h.GatewayExceptionHandler - [handle,52] - [网关异常处理]请求路径:/goods/brand/list,异常信息:404 NOT_FOUND
16:20:14.735 [reactor-http-nio-2] ERROR c.r.g.h.GatewayExceptionHandler - [handle,52] - [网关异常处理]请求路径:/goods/brand/list,异常信息:404 NOT_FOUND
16:23:10.799 [reactor-http-nio-9] ERROR c.r.g.h.GatewayExceptionHandler - [handle,52] - [网关异常处理]请求路径:/goods/product/list,异常信息:404 NOT_FOUND
16:23:15.403 [reactor-http-nio-10] ERROR c.r.g.h.GatewayExceptionHandler - [handle,52] - [网关异常处理]请求路径:/goods/product/list,异常信息:404 NOT_FOUND
16:24:18.510 [reactor-http-nio-5] ERROR c.r.g.h.GatewayExceptionHandler - [handle,52] - [网关异常处理]请求路径:/goods/brand/treeselect,异常信息:404 NOT_FOUND
16:24:18.510 [reactor-http-nio-4] ERROR c.r.g.h.GatewayExceptionHandler - [handle,52] - [网关异常处理]请求路径:/goods/product/list,异常信息:404 NOT_FOUND
16:24:21.122 [reactor-http-nio-11] ERROR c.r.g.h.GatewayExceptionHandler - [handle,52] - [网关异常处理]请求路径:/goods/product/list,异常信息:404 NOT_FOUND
16:24:21.122 [reactor-http-nio-12] ERROR c.r.g.h.GatewayExceptionHandler - [handle,52] - [网关异常处理]请求路径:/goods/brand/treeselect,异常信息:404 NOT_FOUND
16:24:22.962 [reactor-http-nio-3] ERROR c.r.g.h.GatewayExceptionHandler - [handle,52] - [网关异常处理]请求路径:/goods/category/list,异常信息:404 NOT_FOUND
16:24:24.617 [reactor-http-nio-5] ERROR c.r.g.h.GatewayExceptionHandler - [handle,52] - [网关异常处理]请求路径:/goods/brand/list,异常信息:404 NOT_FOUND
16:24:38.216 [reactor-http-nio-6] ERROR c.r.g.h.GatewayExceptionHandler - [handle,52] - [网关异常处理]请求路径:/goods/brand/list,异常信息:404 NOT_FOUND
16:36:08.936 [reactor-http-nio-9] ERROR c.r.g.h.GatewayExceptionHandler - [handle,52] - [网关异常处理]请求路径:/goods/brand/list,异常信息:404 NOT_FOUND
16:54:50.463 [reactor-http-nio-6] ERROR c.r.g.h.GatewayExceptionHandler - [handle,52] - [网关异常处理]请求路径:/goods/brand/list,异常信息:404 NOT_FOUND
16:56:23.817 [reactor-http-nio-8] ERROR c.r.g.h.GatewayExceptionHandler - [handle,52] - [网关异常处理]请求路径:/goods/brand/list,异常信息:404 NOT_FOUND
17:11:45.858 [reactor-http-nio-1] ERROR c.r.g.h.GatewayExceptionHandler - [handle,52] - [网关异常处理]请求路径:/goods/brand/list,异常信息:404 NOT_FOUND
17:16:45.095 [reactor-http-nio-6] ERROR c.r.g.h.GatewayExceptionHandler - [handle,52] - [网关异常处理]请求路径:/goods/brand/list,异常信息:404 NOT_FOUND
17:17:24.605 [reactor-http-nio-7] ERROR c.r.g.h.GatewayExceptionHandler - [handle,52] - [网关异常处理]请求路径:/goods/brand/list,异常信息:404 NOT_FOUND
17:17:38.923 [reactor-http-nio-9] ERROR c.r.g.h.GatewayExceptionHandler - [handle,52] - [网关异常处理]请求路径:/goods/brand/list,异常信息:404 NOT_FOUND
17:22:38.215 [reactor-http-nio-11] ERROR c.r.g.h.GatewayExceptionHandler - [handle,52] - [网关异常处理]请求路径:/goods/brand/list,异常信息:404 NOT_FOUND
17:22:50.280 [reactor-http-nio-2] ERROR c.r.g.h.GatewayExceptionHandler - [handle,52] - [网关异常处理]请求路径:/goods/brand/list,异常信息:404 NOT_FOUND
17:23:35.635 [reactor-http-nio-4] ERROR c.r.g.h.GatewayExceptionHandler - [handle,52] - [网关异常处理]请求路径:/goods/brand/list,异常信息:404 NOT_FOUND
17:25:19.773 [reactor-http-nio-6] ERROR c.r.g.h.GatewayExceptionHandler - [handle,52] - [网关异常处理]请求路径:/goods/brand/list,异常信息:404 NOT_FOUND
