17:59:26.175 [background-preinit] INFO  o.h.v.i.util.Version - [<clinit>,21] - HV000001: Hibernate Validator 6.2.0.Final
17:59:26.572 [main] INFO  c.a.n.c.c.i.LocalConfigInfoProcessor - [<clinit>,67] - LOCAL_SNAPSHOT_PATH:C:\Users\Administrator\nacos\config
17:59:26.575 [main] INFO  c.a.n.c.r.client - [lambda$createClient$0,77] - [RpcClientFactory] create a new rpc client of be37a6d2-0d31-47eb-b24b-e881f3b561e6_config-0
17:59:26.623 [main] INFO  o.r.Reflections - [scan,232] - Reflections took 28 ms to scan 1 urls, producing 3 keys and 6 values 
17:59:26.649 [main] INFO  o.r.Reflections - [scan,232] - Reflections took 11 ms to scan 1 urls, producing 4 keys and 9 values 
17:59:26.661 [main] INFO  o.r.Reflections - [scan,232] - Reflections took 10 ms to scan 1 urls, producing 3 keys and 10 values 
17:59:26.793 [main] INFO  o.r.Reflections - [scan,232] - Reflections took 130 ms to scan 207 urls, producing 0 keys and 0 values 
17:59:26.803 [main] INFO  o.r.Reflections - [scan,232] - Reflections took 9 ms to scan 1 urls, producing 1 keys and 5 values 
17:59:26.814 [main] INFO  o.r.Reflections - [scan,232] - Reflections took 8 ms to scan 1 urls, producing 1 keys and 7 values 
17:59:26.824 [main] INFO  o.r.Reflections - [scan,232] - Reflections took 8 ms to scan 1 urls, producing 2 keys and 8 values 
17:59:26.940 [main] INFO  o.r.Reflections - [scan,232] - Reflections took 114 ms to scan 207 urls, producing 0 keys and 0 values 
17:59:26.942 [main] INFO  c.a.n.c.r.client - [printIfInfoEnabled,60] - [be37a6d2-0d31-47eb-b24b-e881f3b561e6_config-0]RpcClient init label, labels={module=config, Vipserver-Tag=null, source=sdk, Amory-Tag=null, Location-Tag=null, taskId=0, AppName=unknown}
17:59:26.942 [main] INFO  c.a.n.c.r.client - [printIfInfoEnabled,60] - [be37a6d2-0d31-47eb-b24b-e881f3b561e6_config-0]Register server push request handler:com.alibaba.nacos.client.config.impl.ClientWorker$ConfigRpcTransportClient$$Lambda$331/1663488386
17:59:26.943 [main] INFO  c.a.n.c.r.client - [printIfInfoEnabled,60] - [be37a6d2-0d31-47eb-b24b-e881f3b561e6_config-0]Register server push request handler:com.alibaba.nacos.client.config.impl.ClientWorker$ConfigRpcTransportClient$$Lambda$332/1380044647
17:59:26.943 [main] INFO  c.a.n.c.r.client - [printIfInfoEnabled,60] - [be37a6d2-0d31-47eb-b24b-e881f3b561e6_config-0]Registry connection listener to current client:com.alibaba.nacos.client.config.impl.ClientWorker$ConfigRpcTransportClient$1
17:59:26.944 [main] INFO  c.a.n.c.r.client - [printIfInfoEnabled,60] - [be37a6d2-0d31-47eb-b24b-e881f3b561e6_config-0]RpcClient init, ServerListFactory =com.alibaba.nacos.client.config.impl.ClientWorker$ConfigRpcTransportClient$2
17:59:26.950 [main] INFO  c.a.n.c.r.client - [printIfInfoEnabled,60] - [be37a6d2-0d31-47eb-b24b-e881f3b561e6_config-0] Try to connect to server on start up, server: {serverIp='127.0.0.1', server main port=8848}
17:59:27.696 [main] INFO  c.a.n.c.r.client - [printIfInfoEnabled,60] - [be37a6d2-0d31-47eb-b24b-e881f3b561e6_config-0] Success to connect to server [127.0.0.1:8848] on start up,connectionId=1644487167508_127.0.0.1_57305
17:59:27.696 [com.alibaba.nacos.client.remote.worker] INFO  c.a.n.c.r.client - [printIfInfoEnabled,60] - [be37a6d2-0d31-47eb-b24b-e881f3b561e6_config-0]Notify connected event to listeners.
17:59:27.696 [main] INFO  c.a.n.c.r.client - [printIfInfoEnabled,60] - [be37a6d2-0d31-47eb-b24b-e881f3b561e6_config-0]Register server push request handler:com.alibaba.nacos.common.remote.client.RpcClient$ConnectResetRequestHandler
17:59:27.696 [com.alibaba.nacos.client.remote.worker] INFO  c.a.n.c.c.i.ClientWorker - [onConnected,681] - [be37a6d2-0d31-47eb-b24b-e881f3b561e6_config-0] Connected,notify listen context...
17:59:27.697 [main] INFO  c.a.n.c.r.client - [printIfInfoEnabled,60] - [be37a6d2-0d31-47eb-b24b-e881f3b561e6_config-0]Register server push request handler:com.alibaba.nacos.common.remote.client.RpcClient$4
17:59:27.737 [main] INFO  c.a.n.c.c.i.Limiter - [<clinit>,56] - limitTime:5.0
17:59:27.751 [main] INFO  c.a.n.c.c.u.JvmUtil - [<clinit>,53] - isMultiInstance:false
17:59:27.773 [main] INFO  c.r.g.RuoYiGatewayApplication - [logStartupProfileInfo,639] - The following profiles are active: dev
17:59:30.110 [main] INFO  c.a.c.s.g.s.SentinelSCGAutoConfiguration - [sentinelGatewayFilter,144] - [Sentinel SpringCloudGateway] register SentinelGatewayFilter with order: -2147483648
17:59:30.333 [main] INFO  c.a.n.client.naming - [initNamespaceForNaming,63] - initializer namespace from System Property : null
17:59:30.334 [main] INFO  c.a.n.client.naming - [call,69] - initializer namespace from System Environment :null
17:59:30.335 [main] INFO  c.a.n.client.naming - [call,79] - initializer namespace from System Property :null
17:59:30.347 [main] INFO  c.a.n.c.r.client - [lambda$createClient$0,77] - [RpcClientFactory] create a new rpc client of 925ca339-f12a-40f0-ac2d-ec3a7e12eee6
17:59:30.348 [main] INFO  c.a.n.c.r.client - [printIfInfoEnabled,60] - [925ca339-f12a-40f0-ac2d-ec3a7e12eee6]RpcClient init label, labels={module=naming, source=sdk}
17:59:30.349 [main] INFO  c.a.n.c.r.client - [printIfInfoEnabled,60] - [925ca339-f12a-40f0-ac2d-ec3a7e12eee6]RpcClient init, ServerListFactory =com.alibaba.nacos.client.naming.core.ServerListManager
17:59:30.350 [main] INFO  c.a.n.c.r.client - [printIfInfoEnabled,60] - [925ca339-f12a-40f0-ac2d-ec3a7e12eee6]Registry connection listener to current client:com.alibaba.nacos.client.naming.remote.gprc.redo.NamingGrpcRedoService
17:59:30.350 [main] INFO  c.a.n.c.r.client - [printIfInfoEnabled,60] - [925ca339-f12a-40f0-ac2d-ec3a7e12eee6]Register server push request handler:com.alibaba.nacos.client.naming.remote.gprc.NamingPushRequestHandler
17:59:30.351 [main] INFO  c.a.n.c.r.client - [printIfInfoEnabled,60] - [925ca339-f12a-40f0-ac2d-ec3a7e12eee6] Try to connect to server on start up, server: {serverIp='127.0.0.1', server main port=8848}
17:59:30.459 [main] INFO  c.a.n.c.r.client - [printIfInfoEnabled,60] - [925ca339-f12a-40f0-ac2d-ec3a7e12eee6] Success to connect to server [127.0.0.1:8848] on start up,connectionId=1644487170355_127.0.0.1_57309
17:59:30.459 [com.alibaba.nacos.client.remote.worker] INFO  c.a.n.c.r.client - [printIfInfoEnabled,60] - [925ca339-f12a-40f0-ac2d-ec3a7e12eee6]Notify connected event to listeners.
17:59:30.459 [com.alibaba.nacos.client.remote.worker] INFO  c.a.n.client.naming - [onConnected,76] - Grpc connection connect
17:59:30.459 [main] INFO  c.a.n.c.r.client - [printIfInfoEnabled,60] - [925ca339-f12a-40f0-ac2d-ec3a7e12eee6]Register server push request handler:com.alibaba.nacos.common.remote.client.RpcClient$ConnectResetRequestHandler
17:59:30.459 [main] INFO  c.a.n.c.r.client - [printIfInfoEnabled,60] - [925ca339-f12a-40f0-ac2d-ec3a7e12eee6]Register server push request handler:com.alibaba.nacos.common.remote.client.RpcClient$4
17:59:30.606 [main] INFO  c.a.c.s.g.s.SentinelSCGAutoConfiguration - [sentinelGatewayBlockExceptionHandler,134] - [Sentinel SpringCloudGateway] register SentinelGatewayBlockExceptionHandler
17:59:30.774 [main] INFO  c.a.n.c.c.i.ClientWorker - [addCacheDataIfAbsent,384] - [config_rpc_client] [subscribe] sentinel-ruoyi-gateway+DEFAULT_GROUP
17:59:30.779 [main] INFO  c.a.n.c.c.i.CacheData - [addListener,173] - [config_rpc_client] [add-listener] ok, tenant=, dataId=sentinel-ruoyi-gateway, group=DEFAULT_GROUP, cnt=1
17:59:30.779 [main] INFO  c.a.n.c.r.client - [lambda$createClient$0,77] - [RpcClientFactory] create a new rpc client of b0c8cb4d-9aa7-42aa-92a8-b02081db9ad2_config-0
17:59:30.780 [main] INFO  c.a.n.c.r.client - [printIfInfoEnabled,60] - [b0c8cb4d-9aa7-42aa-92a8-b02081db9ad2_config-0]RpcClient init label, labels={module=config, Vipserver-Tag=null, source=sdk, Amory-Tag=null, Location-Tag=null, taskId=0, AppName=unknown}
17:59:30.780 [main] INFO  c.a.n.c.r.client - [printIfInfoEnabled,60] - [b0c8cb4d-9aa7-42aa-92a8-b02081db9ad2_config-0]Register server push request handler:com.alibaba.nacos.client.config.impl.ClientWorker$ConfigRpcTransportClient$$Lambda$331/1663488386
17:59:30.780 [main] INFO  c.a.n.c.r.client - [printIfInfoEnabled,60] - [b0c8cb4d-9aa7-42aa-92a8-b02081db9ad2_config-0]Register server push request handler:com.alibaba.nacos.client.config.impl.ClientWorker$ConfigRpcTransportClient$$Lambda$332/1380044647
17:59:30.780 [main] INFO  c.a.n.c.r.client - [printIfInfoEnabled,60] - [b0c8cb4d-9aa7-42aa-92a8-b02081db9ad2_config-0]Registry connection listener to current client:com.alibaba.nacos.client.config.impl.ClientWorker$ConfigRpcTransportClient$1
17:59:30.780 [main] INFO  c.a.n.c.r.client - [printIfInfoEnabled,60] - [b0c8cb4d-9aa7-42aa-92a8-b02081db9ad2_config-0]RpcClient init, ServerListFactory =com.alibaba.nacos.client.config.impl.ClientWorker$ConfigRpcTransportClient$2
17:59:30.780 [main] INFO  c.a.n.c.r.client - [printIfInfoEnabled,60] - [b0c8cb4d-9aa7-42aa-92a8-b02081db9ad2_config-0] Try to connect to server on start up, server: {serverIp='127.0.0.1', server main port=8848}
17:59:30.888 [main] INFO  c.a.n.c.r.client - [printIfInfoEnabled,60] - [b0c8cb4d-9aa7-42aa-92a8-b02081db9ad2_config-0] Success to connect to server [127.0.0.1:8848] on start up,connectionId=1644487170785_127.0.0.1_57310
17:59:30.888 [main] INFO  c.a.n.c.r.client - [printIfInfoEnabled,60] - [b0c8cb4d-9aa7-42aa-92a8-b02081db9ad2_config-0]Register server push request handler:com.alibaba.nacos.common.remote.client.RpcClient$ConnectResetRequestHandler
17:59:30.888 [com.alibaba.nacos.client.remote.worker] INFO  c.a.n.c.r.client - [printIfInfoEnabled,60] - [b0c8cb4d-9aa7-42aa-92a8-b02081db9ad2_config-0]Notify connected event to listeners.
17:59:30.888 [main] INFO  c.a.n.c.r.client - [printIfInfoEnabled,60] - [b0c8cb4d-9aa7-42aa-92a8-b02081db9ad2_config-0]Register server push request handler:com.alibaba.nacos.common.remote.client.RpcClient$4
17:59:30.888 [com.alibaba.nacos.client.remote.worker] INFO  c.a.n.c.c.i.ClientWorker - [onConnected,681] - [b0c8cb4d-9aa7-42aa-92a8-b02081db9ad2_config-0] Connected,notify listen context...
17:59:30.931 [main] INFO  c.a.n.client.naming - [isChangedServiceInfo,181] - init new ips(0) service: DEFAULT_GROUP@@ruoyi-gateway@@DEFAULT -> []
17:59:30.932 [main] INFO  c.a.n.client.naming - [processServiceInfo,166] - current ips:(0) service: DEFAULT_GROUP@@ruoyi-gateway@@DEFAULT -> []
17:59:30.989 [boundedElastic-5] INFO  c.a.n.client.naming - [isChangedServiceInfo,181] - init new ips(0) service: DEFAULT_GROUP@@ruoyi-file -> []
17:59:30.989 [boundedElastic-3] INFO  c.a.n.client.naming - [isChangedServiceInfo,181] - init new ips(0) service: DEFAULT_GROUP@@ruoyi-auth -> []
17:59:30.989 [boundedElastic-5] INFO  c.a.n.client.naming - [processServiceInfo,166] - current ips:(0) service: DEFAULT_GROUP@@ruoyi-file -> []
17:59:30.989 [boundedElastic-3] INFO  c.a.n.client.naming - [processServiceInfo,166] - current ips:(0) service: DEFAULT_GROUP@@ruoyi-auth -> []
17:59:30.989 [boundedElastic-9] INFO  c.a.n.client.naming - [isChangedServiceInfo,181] - init new ips(0) service: DEFAULT_GROUP@@ruoyi-gen -> []
17:59:30.989 [boundedElastic-9] INFO  c.a.n.client.naming - [processServiceInfo,166] - current ips:(0) service: DEFAULT_GROUP@@ruoyi-gen -> []
17:59:30.992 [boundedElastic-12] INFO  c.a.n.client.naming - [isChangedServiceInfo,181] - init new ips(0) service: DEFAULT_GROUP@@ruoyi-gateway -> []
17:59:30.992 [boundedElastic-12] INFO  c.a.n.client.naming - [processServiceInfo,166] - current ips:(0) service: DEFAULT_GROUP@@ruoyi-gateway -> []
17:59:30.992 [boundedElastic-7] INFO  c.a.n.client.naming - [isChangedServiceInfo,181] - init new ips(0) service: DEFAULT_GROUP@@ruoyi-system -> []
17:59:30.992 [boundedElastic-7] INFO  c.a.n.client.naming - [processServiceInfo,166] - current ips:(0) service: DEFAULT_GROUP@@ruoyi-system -> []
17:59:31.184 [main] INFO  c.a.n.client.naming - [registerService,112] - [REGISTER-SERVICE] public registering service ruoyi-gateway with instance Instance{instanceId='null', ip='192.168.0.154', port=8080, weight=1.0, healthy=true, enabled=true, ephemeral=true, clusterName='DEFAULT', serviceName='null', metadata={preserved.register.source=SPRING_CLOUD}}
17:59:31.189 [main] INFO  c.a.c.n.r.NacosServiceRegistry - [register,75] - nacos registry, DEFAULT_GROUP ruoyi-gateway 192.168.0.154:8080 register finished
17:59:31.212 [main] INFO  c.r.g.RuoYiGatewayApplication - [logStarted,61] - Started RuoYiGatewayApplication in 5.45 seconds (JVM running for 6.283)
17:59:31.218 [main] INFO  c.a.n.c.c.i.ClientWorker - [addCacheDataIfAbsent,384] - [config_rpc_client] [subscribe] ruoyi-gateway+DEFAULT_GROUP
17:59:31.218 [main] INFO  c.a.n.c.c.i.CacheData - [addListener,173] - [config_rpc_client] [add-listener] ok, tenant=, dataId=ruoyi-gateway, group=DEFAULT_GROUP, cnt=1
17:59:31.218 [main] INFO  c.a.n.c.c.i.ClientWorker - [addCacheDataIfAbsent,384] - [config_rpc_client] [subscribe] ruoyi-gateway.yml+DEFAULT_GROUP
17:59:31.218 [main] INFO  c.a.n.c.c.i.CacheData - [addListener,173] - [config_rpc_client] [add-listener] ok, tenant=, dataId=ruoyi-gateway.yml, group=DEFAULT_GROUP, cnt=1
17:59:31.219 [main] INFO  c.a.n.c.c.i.ClientWorker - [addCacheDataIfAbsent,384] - [config_rpc_client] [subscribe] ruoyi-gateway-dev.yml+DEFAULT_GROUP
17:59:31.219 [main] INFO  c.a.n.c.c.i.CacheData - [addListener,173] - [config_rpc_client] [add-listener] ok, tenant=, dataId=ruoyi-gateway-dev.yml, group=DEFAULT_GROUP, cnt=1
17:59:31.527 [nacos-grpc-client-executor-38] INFO  c.a.n.c.r.client - [printIfInfoEnabled,60] - [925ca339-f12a-40f0-ac2d-ec3a7e12eee6]receive server push request,request=NotifySubscriberRequest,requestId=46
17:59:31.527 [nacos-grpc-client-executor-38] INFO  c.a.n.c.r.client - [printIfInfoEnabled,60] - [925ca339-f12a-40f0-ac2d-ec3a7e12eee6]ack server push request,request=NotifySubscriberRequest,requestId=46
17:59:31.529 [nacos-grpc-client-executor-39] INFO  c.a.n.c.r.client - [printIfInfoEnabled,60] - [925ca339-f12a-40f0-ac2d-ec3a7e12eee6]receive server push request,request=NotifySubscriberRequest,requestId=48
17:59:31.531 [nacos-grpc-client-executor-39] INFO  c.a.n.client.naming - [isChangedServiceInfo,235] - new ips(1) service: DEFAULT_GROUP@@ruoyi-gateway -> [{"ip":"192.168.0.154","port":8080,"weight":1.0,"healthy":true,"enabled":true,"ephemeral":true,"clusterName":"DEFAULT","serviceName":"DEFAULT_GROUP@@ruoyi-gateway","metadata":{"preserved.register.source":"SPRING_CLOUD"},"ipDeleteTimeout":30000,"instanceHeartBeatInterval":5000,"instanceHeartBeatTimeOut":15000}]
17:59:31.532 [nacos-grpc-client-executor-39] INFO  c.a.n.client.naming - [processServiceInfo,166] - current ips:(1) service: DEFAULT_GROUP@@ruoyi-gateway -> [{"ip":"192.168.0.154","port":8080,"weight":1.0,"healthy":true,"enabled":true,"ephemeral":true,"clusterName":"DEFAULT","serviceName":"DEFAULT_GROUP@@ruoyi-gateway","metadata":{"preserved.register.source":"SPRING_CLOUD"},"ipDeleteTimeout":30000,"instanceHeartBeatInterval":5000,"instanceHeartBeatTimeOut":15000}]
17:59:31.532 [nacos-grpc-client-executor-39] INFO  c.a.n.c.r.client - [printIfInfoEnabled,60] - [925ca339-f12a-40f0-ac2d-ec3a7e12eee6]ack server push request,request=NotifySubscriberRequest,requestId=48
17:59:31.534 [nacos-grpc-client-executor-40] INFO  c.a.n.c.r.client - [printIfInfoEnabled,60] - [925ca339-f12a-40f0-ac2d-ec3a7e12eee6]receive server push request,request=NotifySubscriberRequest,requestId=45
17:59:31.534 [nacos-grpc-client-executor-40] INFO  c.a.n.c.r.client - [printIfInfoEnabled,60] - [925ca339-f12a-40f0-ac2d-ec3a7e12eee6]ack server push request,request=NotifySubscriberRequest,requestId=45
17:59:31.535 [nacos-grpc-client-executor-41] INFO  c.a.n.c.r.client - [printIfInfoEnabled,60] - [925ca339-f12a-40f0-ac2d-ec3a7e12eee6]receive server push request,request=NotifySubscriberRequest,requestId=47
17:59:31.535 [nacos-grpc-client-executor-41] INFO  c.a.n.c.r.client - [printIfInfoEnabled,60] - [925ca339-f12a-40f0-ac2d-ec3a7e12eee6]ack server push request,request=NotifySubscriberRequest,requestId=47
17:59:31.538 [nacos-grpc-client-executor-42] INFO  c.a.n.c.r.client - [printIfInfoEnabled,60] - [925ca339-f12a-40f0-ac2d-ec3a7e12eee6]receive server push request,request=NotifySubscriberRequest,requestId=44
17:59:31.540 [nacos-grpc-client-executor-42] INFO  c.a.n.c.r.client - [printIfInfoEnabled,60] - [925ca339-f12a-40f0-ac2d-ec3a7e12eee6]ack server push request,request=NotifySubscriberRequest,requestId=44
17:59:31.929 [com.alibaba.nacos.client.naming.updater.0] INFO  c.a.n.client.naming - [isChangedServiceInfo,235] - new ips(1) service: DEFAULT_GROUP@@ruoyi-gateway@@DEFAULT -> [{"ip":"192.168.0.154","port":8080,"weight":1.0,"healthy":true,"enabled":true,"ephemeral":true,"clusterName":"DEFAULT","serviceName":"DEFAULT_GROUP@@ruoyi-gateway","metadata":{"preserved.register.source":"SPRING_CLOUD"},"ipDeleteTimeout":30000,"instanceHeartBeatInterval":5000,"instanceHeartBeatTimeOut":15000}]
17:59:31.929 [com.alibaba.nacos.client.naming.updater.0] INFO  c.a.n.client.naming - [processServiceInfo,166] - current ips:(1) service: DEFAULT_GROUP@@ruoyi-gateway@@DEFAULT -> [{"ip":"192.168.0.154","port":8080,"weight":1.0,"healthy":true,"enabled":true,"ephemeral":true,"clusterName":"DEFAULT","serviceName":"DEFAULT_GROUP@@ruoyi-gateway","metadata":{"preserved.register.source":"SPRING_CLOUD"},"ipDeleteTimeout":30000,"instanceHeartBeatInterval":5000,"instanceHeartBeatTimeOut":15000}]
17:59:37.617 [nacos-grpc-client-executor-62] INFO  c.a.n.c.r.client - [printIfInfoEnabled,60] - [925ca339-f12a-40f0-ac2d-ec3a7e12eee6]receive server push request,request=NotifySubscriberRequest,requestId=49
17:59:37.617 [nacos-grpc-client-executor-62] INFO  c.a.n.c.r.client - [printIfInfoEnabled,60] - [925ca339-f12a-40f0-ac2d-ec3a7e12eee6]ack server push request,request=NotifySubscriberRequest,requestId=49
17:59:37.618 [nacos-grpc-client-executor-63] INFO  c.a.n.c.r.client - [printIfInfoEnabled,60] - [925ca339-f12a-40f0-ac2d-ec3a7e12eee6]receive server push request,request=NotifySubscriberRequest,requestId=50
17:59:37.618 [nacos-grpc-client-executor-63] INFO  c.a.n.c.r.client - [printIfInfoEnabled,60] - [925ca339-f12a-40f0-ac2d-ec3a7e12eee6]ack server push request,request=NotifySubscriberRequest,requestId=50
17:59:52.759 [nacos-grpc-client-executor-76] INFO  c.a.n.c.r.client - [printIfInfoEnabled,60] - [925ca339-f12a-40f0-ac2d-ec3a7e12eee6]receive server push request,request=NotifySubscriberRequest,requestId=51
17:59:52.759 [nacos-grpc-client-executor-76] INFO  c.a.n.client.naming - [isChangedServiceInfo,235] - new ips(1) service: DEFAULT_GROUP@@ruoyi-auth -> [{"ip":"192.168.0.154","port":9200,"weight":1.0,"healthy":true,"enabled":true,"ephemeral":true,"clusterName":"DEFAULT","serviceName":"DEFAULT_GROUP@@ruoyi-auth","metadata":{"preserved.register.source":"SPRING_CLOUD"},"ipDeleteTimeout":30000,"instanceHeartBeatInterval":5000,"instanceHeartBeatTimeOut":15000}]
17:59:52.759 [nacos-grpc-client-executor-76] INFO  c.a.n.client.naming - [processServiceInfo,166] - current ips:(1) service: DEFAULT_GROUP@@ruoyi-auth -> [{"ip":"192.168.0.154","port":9200,"weight":1.0,"healthy":true,"enabled":true,"ephemeral":true,"clusterName":"DEFAULT","serviceName":"DEFAULT_GROUP@@ruoyi-auth","metadata":{"preserved.register.source":"SPRING_CLOUD"},"ipDeleteTimeout":30000,"instanceHeartBeatInterval":5000,"instanceHeartBeatTimeOut":15000}]
17:59:52.760 [nacos-grpc-client-executor-76] INFO  c.a.n.c.r.client - [printIfInfoEnabled,60] - [925ca339-f12a-40f0-ac2d-ec3a7e12eee6]ack server push request,request=NotifySubscriberRequest,requestId=51
18:00:08.212 [nacos-grpc-client-executor-86] INFO  c.a.n.c.r.client - [printIfInfoEnabled,60] - [925ca339-f12a-40f0-ac2d-ec3a7e12eee6]receive server push request,request=NotifySubscriberRequest,requestId=53
18:00:08.212 [nacos-grpc-client-executor-86] INFO  c.a.n.client.naming - [isChangedServiceInfo,235] - new ips(1) service: DEFAULT_GROUP@@ruoyi-system -> [{"ip":"192.168.0.154","port":9201,"weight":1.0,"healthy":true,"enabled":true,"ephemeral":true,"clusterName":"DEFAULT","serviceName":"DEFAULT_GROUP@@ruoyi-system","metadata":{"preserved.register.source":"SPRING_CLOUD"},"ipDeleteTimeout":30000,"instanceHeartBeatInterval":5000,"instanceHeartBeatTimeOut":15000}]
18:00:08.212 [nacos-grpc-client-executor-86] INFO  c.a.n.client.naming - [processServiceInfo,166] - current ips:(1) service: DEFAULT_GROUP@@ruoyi-system -> [{"ip":"192.168.0.154","port":9201,"weight":1.0,"healthy":true,"enabled":true,"ephemeral":true,"clusterName":"DEFAULT","serviceName":"DEFAULT_GROUP@@ruoyi-system","metadata":{"preserved.register.source":"SPRING_CLOUD"},"ipDeleteTimeout":30000,"instanceHeartBeatInterval":5000,"instanceHeartBeatTimeOut":15000}]
18:00:08.213 [nacos-grpc-client-executor-86] INFO  c.a.n.c.r.client - [printIfInfoEnabled,60] - [925ca339-f12a-40f0-ac2d-ec3a7e12eee6]ack server push request,request=NotifySubscriberRequest,requestId=53
18:07:31.048 [boundedElastic-8] INFO  c.a.n.client.naming - [isChangedServiceInfo,181] - init new ips(1) service: DEFAULT_GROUP@@ruoyi-modules-goods -> [{"ip":"192.168.0.154","port":9202,"weight":1.0,"healthy":true,"enabled":true,"ephemeral":true,"clusterName":"DEFAULT","serviceName":"DEFAULT_GROUP@@ruoyi-modules-goods","metadata":{"preserved.register.source":"SPRING_CLOUD"},"ipDeleteTimeout":30000,"instanceHeartBeatInterval":5000,"instanceHeartBeatTimeOut":15000}]
18:07:31.048 [boundedElastic-8] INFO  c.a.n.client.naming - [processServiceInfo,166] - current ips:(1) service: DEFAULT_GROUP@@ruoyi-modules-goods -> [{"ip":"192.168.0.154","port":9202,"weight":1.0,"healthy":true,"enabled":true,"ephemeral":true,"clusterName":"DEFAULT","serviceName":"DEFAULT_GROUP@@ruoyi-modules-goods","metadata":{"preserved.register.source":"SPRING_CLOUD"},"ipDeleteTimeout":30000,"instanceHeartBeatInterval":5000,"instanceHeartBeatTimeOut":15000}]
18:07:31.624 [nacos-grpc-client-executor-257] INFO  c.a.n.c.r.client - [printIfInfoEnabled,60] - [925ca339-f12a-40f0-ac2d-ec3a7e12eee6]receive server push request,request=NotifySubscriberRequest,requestId=56
18:07:31.624 [nacos-grpc-client-executor-257] INFO  c.a.n.c.r.client - [printIfInfoEnabled,60] - [925ca339-f12a-40f0-ac2d-ec3a7e12eee6]ack server push request,request=NotifySubscriberRequest,requestId=56
